ARM GAS  C:\Users\hungv\AppData\Local\Temp\ccpT0dqa.s 			page 1


   1              		.cpu cortex-m7
   2              		.eabi_attribute 28, 1
   3              		.eabi_attribute 20, 1
   4              		.eabi_attribute 21, 1
   5              		.eabi_attribute 23, 3
   6              		.eabi_attribute 24, 1
   7              		.eabi_attribute 25, 1
   8              		.eabi_attribute 26, 1
   9              		.eabi_attribute 30, 1
  10              		.eabi_attribute 34, 1
  11              		.eabi_attribute 18, 4
  12              		.file	"main.c"
  13              		.text
  14              	.Ltext0:
  15              		.cfi_sections	.debug_frame
  16              		.section	.text.MX_GPIO_Init,"ax",%progbits
  17              		.align	1
  18              		.arch armv7e-m
  19              		.syntax unified
  20              		.thumb
  21              		.thumb_func
  22              		.fpu fpv5-d16
  24              	MX_GPIO_Init:
  25              	.LFB149:
  26              		.file 1 "Src/main.c"
   1:Src/main.c    **** /* USER CODE BEGIN Header */
   2:Src/main.c    **** /**
   3:Src/main.c    ****   ******************************************************************************
   4:Src/main.c    ****   * @file           : main.c
   5:Src/main.c    ****   * @brief          : Main program body
   6:Src/main.c    ****   ******************************************************************************
   7:Src/main.c    ****   * @attention
   8:Src/main.c    ****   *
   9:Src/main.c    ****   * <h2><center>&copy; Copyright (c) 2020 STMicroelectronics.
  10:Src/main.c    ****   * All rights reserved.</center></h2>
  11:Src/main.c    ****   *
  12:Src/main.c    ****   * This software component is licensed by ST under BSD 3-Clause license,
  13:Src/main.c    ****   * the "License"; You may not use this file except in compliance with the
  14:Src/main.c    ****   * License. You may obtain a copy of the License at:
  15:Src/main.c    ****   *                        opensource.org/licenses/BSD-3-Clause
  16:Src/main.c    ****   *
  17:Src/main.c    ****   ******************************************************************************
  18:Src/main.c    ****   */
  19:Src/main.c    **** /* USER CODE END Header */
  20:Src/main.c    **** 
  21:Src/main.c    **** /* Includes ------------------------------------------------------------------*/
  22:Src/main.c    **** #include "main.h"
  23:Src/main.c    **** 
  24:Src/main.c    **** /* Private includes ----------------------------------------------------------*/
  25:Src/main.c    **** /* USER CODE BEGIN Includes */
  26:Src/main.c    **** 
  27:Src/main.c    **** /* USER CODE END Includes */
  28:Src/main.c    **** 
  29:Src/main.c    **** /* Private typedef -----------------------------------------------------------*/
  30:Src/main.c    **** /* USER CODE BEGIN PTD */
  31:Src/main.c    **** 
  32:Src/main.c    **** /* USER CODE END PTD */
ARM GAS  C:\Users\hungv\AppData\Local\Temp\ccpT0dqa.s 			page 2


  33:Src/main.c    **** 
  34:Src/main.c    **** /* Private define ------------------------------------------------------------*/
  35:Src/main.c    **** /* USER CODE BEGIN PD */
  36:Src/main.c    **** /* USER CODE END PD */
  37:Src/main.c    **** 
  38:Src/main.c    **** /* Private macro -------------------------------------------------------------*/
  39:Src/main.c    **** /* USER CODE BEGIN PM */
  40:Src/main.c    **** 
  41:Src/main.c    **** /* USER CODE END PM */
  42:Src/main.c    **** 
  43:Src/main.c    **** /* Private variables ---------------------------------------------------------*/
  44:Src/main.c    **** 
  45:Src/main.c    **** I2C_HandleTypeDef hi2c1;
  46:Src/main.c    **** I2C_HandleTypeDef hi2c4;
  47:Src/main.c    **** 
  48:Src/main.c    **** SPI_HandleTypeDef hspi2;
  49:Src/main.c    **** 
  50:Src/main.c    **** UART_HandleTypeDef huart1;
  51:Src/main.c    **** UART_HandleTypeDef huart2;
  52:Src/main.c    **** 
  53:Src/main.c    **** /* USER CODE BEGIN PV */
  54:Src/main.c    **** 
  55:Src/main.c    **** /* USER CODE END PV */
  56:Src/main.c    **** 
  57:Src/main.c    **** /* Private function prototypes -----------------------------------------------*/
  58:Src/main.c    **** void SystemClock_Config(void);
  59:Src/main.c    **** static void MX_GPIO_Init(void);
  60:Src/main.c    **** static void MX_I2C1_Init(void);
  61:Src/main.c    **** static void MX_I2C4_Init(void);
  62:Src/main.c    **** static void MX_SPI2_Init(void);
  63:Src/main.c    **** static void MX_USART1_UART_Init(void);
  64:Src/main.c    **** static void MX_USART2_UART_Init(void);
  65:Src/main.c    **** static void MX_USB_OTG_FS_USB_Init(void);
  66:Src/main.c    **** /* USER CODE BEGIN PFP */
  67:Src/main.c    **** 
  68:Src/main.c    **** /* USER CODE END PFP */
  69:Src/main.c    **** 
  70:Src/main.c    **** /* Private user code ---------------------------------------------------------*/
  71:Src/main.c    **** /* USER CODE BEGIN 0 */
  72:Src/main.c    **** 
  73:Src/main.c    **** /* USER CODE END 0 */
  74:Src/main.c    **** 
  75:Src/main.c    **** /**
  76:Src/main.c    ****   * @brief  The application entry point.
  77:Src/main.c    ****   * @retval int
  78:Src/main.c    ****   */
  79:Src/main.c    **** int main(void)
  80:Src/main.c    **** {
  81:Src/main.c    ****   /* USER CODE BEGIN 1 */
  82:Src/main.c    **** 
  83:Src/main.c    ****   /* USER CODE END 1 */
  84:Src/main.c    **** 
  85:Src/main.c    ****   /* MCU Configuration--------------------------------------------------------*/
  86:Src/main.c    **** 
  87:Src/main.c    ****   /* Reset of all peripherals, Initializes the Flash interface and the Systick. */
  88:Src/main.c    ****   HAL_Init();
  89:Src/main.c    **** 
ARM GAS  C:\Users\hungv\AppData\Local\Temp\ccpT0dqa.s 			page 3


  90:Src/main.c    ****   /* USER CODE BEGIN Init */
  91:Src/main.c    **** 
  92:Src/main.c    ****   /* USER CODE END Init */
  93:Src/main.c    **** 
  94:Src/main.c    ****   /* Configure the system clock */
  95:Src/main.c    ****   SystemClock_Config();
  96:Src/main.c    **** 
  97:Src/main.c    ****   /* USER CODE BEGIN SysInit */
  98:Src/main.c    **** 
  99:Src/main.c    ****   /* USER CODE END SysInit */
 100:Src/main.c    **** 
 101:Src/main.c    ****   /* Initialize all configured peripherals */
 102:Src/main.c    ****   MX_GPIO_Init();
 103:Src/main.c    ****   MX_I2C1_Init();
 104:Src/main.c    ****   MX_I2C4_Init();
 105:Src/main.c    ****   MX_SPI2_Init();
 106:Src/main.c    ****   MX_USART1_UART_Init();
 107:Src/main.c    ****   MX_USART2_UART_Init();
 108:Src/main.c    ****   MX_USB_OTG_FS_USB_Init();
 109:Src/main.c    ****   /* USER CODE BEGIN 2 */
 110:Src/main.c    **** 
 111:Src/main.c    ****   /* USER CODE END 2 */
 112:Src/main.c    **** 
 113:Src/main.c    ****   /* Infinite loop */
 114:Src/main.c    ****   /* USER CODE BEGIN WHILE */
 115:Src/main.c    ****   while (1)
 116:Src/main.c    ****   {
 117:Src/main.c    ****     /* USER CODE END WHILE */
 118:Src/main.c    **** 
 119:Src/main.c    ****     /* USER CODE BEGIN 3 */
 120:Src/main.c    ****   }
 121:Src/main.c    ****   /* USER CODE END 3 */
 122:Src/main.c    **** }
 123:Src/main.c    **** 
 124:Src/main.c    **** /**
 125:Src/main.c    ****   * @brief System Clock Configuration
 126:Src/main.c    ****   * @retval None
 127:Src/main.c    ****   */
 128:Src/main.c    **** void SystemClock_Config(void)
 129:Src/main.c    **** {
 130:Src/main.c    ****   RCC_OscInitTypeDef RCC_OscInitStruct = {0};
 131:Src/main.c    ****   RCC_ClkInitTypeDef RCC_ClkInitStruct = {0};
 132:Src/main.c    ****   RCC_PeriphCLKInitTypeDef PeriphClkInitStruct = {0};
 133:Src/main.c    **** 
 134:Src/main.c    ****   /** Configure LSE Drive Capability 
 135:Src/main.c    ****   */
 136:Src/main.c    ****   HAL_PWR_EnableBkUpAccess();
 137:Src/main.c    ****   /** Configure the main internal regulator output voltage 
 138:Src/main.c    ****   */
 139:Src/main.c    ****   __HAL_RCC_PWR_CLK_ENABLE();
 140:Src/main.c    ****   __HAL_PWR_VOLTAGESCALING_CONFIG(PWR_REGULATOR_VOLTAGE_SCALE3);
 141:Src/main.c    ****   /** Initializes the CPU, AHB and APB busses clocks 
 142:Src/main.c    ****   */
 143:Src/main.c    ****   RCC_OscInitStruct.OscillatorType = RCC_OSCILLATORTYPE_HSI|RCC_OSCILLATORTYPE_HSE;
 144:Src/main.c    ****   RCC_OscInitStruct.HSEState = RCC_HSE_ON;
 145:Src/main.c    ****   RCC_OscInitStruct.HSIState = RCC_HSI_ON;
 146:Src/main.c    ****   RCC_OscInitStruct.HSICalibrationValue = RCC_HSICALIBRATION_DEFAULT;
ARM GAS  C:\Users\hungv\AppData\Local\Temp\ccpT0dqa.s 			page 4


 147:Src/main.c    ****   RCC_OscInitStruct.PLL.PLLState = RCC_PLL_ON;
 148:Src/main.c    ****   RCC_OscInitStruct.PLL.PLLSource = RCC_PLLSOURCE_HSE;
 149:Src/main.c    ****   RCC_OscInitStruct.PLL.PLLM = 8;
 150:Src/main.c    ****   RCC_OscInitStruct.PLL.PLLN = 96;
 151:Src/main.c    ****   RCC_OscInitStruct.PLL.PLLP = RCC_PLLP_DIV2;
 152:Src/main.c    ****   RCC_OscInitStruct.PLL.PLLQ = 4;
 153:Src/main.c    ****   if (HAL_RCC_OscConfig(&RCC_OscInitStruct) != HAL_OK)
 154:Src/main.c    ****   {
 155:Src/main.c    ****     Error_Handler();
 156:Src/main.c    ****   }
 157:Src/main.c    ****   /** Initializes the CPU, AHB and APB busses clocks 
 158:Src/main.c    ****   */
 159:Src/main.c    ****   RCC_ClkInitStruct.ClockType = RCC_CLOCKTYPE_HCLK|RCC_CLOCKTYPE_SYSCLK
 160:Src/main.c    ****                               |RCC_CLOCKTYPE_PCLK1|RCC_CLOCKTYPE_PCLK2;
 161:Src/main.c    ****   RCC_ClkInitStruct.SYSCLKSource = RCC_SYSCLKSOURCE_HSI;
 162:Src/main.c    ****   RCC_ClkInitStruct.AHBCLKDivider = RCC_SYSCLK_DIV1;
 163:Src/main.c    ****   RCC_ClkInitStruct.APB1CLKDivider = RCC_HCLK_DIV2;
 164:Src/main.c    ****   RCC_ClkInitStruct.APB2CLKDivider = RCC_HCLK_DIV1;
 165:Src/main.c    **** 
 166:Src/main.c    ****   if (HAL_RCC_ClockConfig(&RCC_ClkInitStruct, FLASH_LATENCY_0) != HAL_OK)
 167:Src/main.c    ****   {
 168:Src/main.c    ****     Error_Handler();
 169:Src/main.c    ****   }
 170:Src/main.c    ****   PeriphClkInitStruct.PeriphClockSelection = RCC_PERIPHCLK_USART1|RCC_PERIPHCLK_USART2
 171:Src/main.c    ****                               |RCC_PERIPHCLK_I2C1|RCC_PERIPHCLK_I2C4
 172:Src/main.c    ****                               |RCC_PERIPHCLK_CLK48;
 173:Src/main.c    ****   PeriphClkInitStruct.Usart1ClockSelection = RCC_USART1CLKSOURCE_PCLK2;
 174:Src/main.c    ****   PeriphClkInitStruct.Usart2ClockSelection = RCC_USART2CLKSOURCE_PCLK1;
 175:Src/main.c    ****   PeriphClkInitStruct.I2c1ClockSelection = RCC_I2C1CLKSOURCE_PCLK1;
 176:Src/main.c    ****   PeriphClkInitStruct.I2c4ClockSelection = RCC_I2C4CLKSOURCE_PCLK1;
 177:Src/main.c    ****   PeriphClkInitStruct.Clk48ClockSelection = RCC_CLK48SOURCE_PLL;
 178:Src/main.c    ****   if (HAL_RCCEx_PeriphCLKConfig(&PeriphClkInitStruct) != HAL_OK)
 179:Src/main.c    ****   {
 180:Src/main.c    ****     Error_Handler();
 181:Src/main.c    ****   }
 182:Src/main.c    **** }
 183:Src/main.c    **** 
 184:Src/main.c    **** /**
 185:Src/main.c    ****   * @brief I2C1 Initialization Function
 186:Src/main.c    ****   * @param None
 187:Src/main.c    ****   * @retval None
 188:Src/main.c    ****   */
 189:Src/main.c    **** static void MX_I2C1_Init(void)
 190:Src/main.c    **** {
 191:Src/main.c    **** 
 192:Src/main.c    ****   /* USER CODE BEGIN I2C1_Init 0 */
 193:Src/main.c    **** 
 194:Src/main.c    ****   /* USER CODE END I2C1_Init 0 */
 195:Src/main.c    **** 
 196:Src/main.c    ****   /* USER CODE BEGIN I2C1_Init 1 */
 197:Src/main.c    **** 
 198:Src/main.c    ****   /* USER CODE END I2C1_Init 1 */
 199:Src/main.c    ****   hi2c1.Instance = I2C1;
 200:Src/main.c    ****   hi2c1.Init.Timing = 0x2000090E;
 201:Src/main.c    ****   hi2c1.Init.OwnAddress1 = 0;
 202:Src/main.c    ****   hi2c1.Init.AddressingMode = I2C_ADDRESSINGMODE_7BIT;
 203:Src/main.c    ****   hi2c1.Init.DualAddressMode = I2C_DUALADDRESS_DISABLE;
ARM GAS  C:\Users\hungv\AppData\Local\Temp\ccpT0dqa.s 			page 5


 204:Src/main.c    ****   hi2c1.Init.OwnAddress2 = 0;
 205:Src/main.c    ****   hi2c1.Init.OwnAddress2Masks = I2C_OA2_NOMASK;
 206:Src/main.c    ****   hi2c1.Init.GeneralCallMode = I2C_GENERALCALL_DISABLE;
 207:Src/main.c    ****   hi2c1.Init.NoStretchMode = I2C_NOSTRETCH_DISABLE;
 208:Src/main.c    ****   if (HAL_I2C_Init(&hi2c1) != HAL_OK)
 209:Src/main.c    ****   {
 210:Src/main.c    ****     Error_Handler();
 211:Src/main.c    ****   }
 212:Src/main.c    ****   /** Configure Analogue filter 
 213:Src/main.c    ****   */
 214:Src/main.c    ****   if (HAL_I2CEx_ConfigAnalogFilter(&hi2c1, I2C_ANALOGFILTER_ENABLE) != HAL_OK)
 215:Src/main.c    ****   {
 216:Src/main.c    ****     Error_Handler();
 217:Src/main.c    ****   }
 218:Src/main.c    ****   /** Configure Digital filter 
 219:Src/main.c    ****   */
 220:Src/main.c    ****   if (HAL_I2CEx_ConfigDigitalFilter(&hi2c1, 0) != HAL_OK)
 221:Src/main.c    ****   {
 222:Src/main.c    ****     Error_Handler();
 223:Src/main.c    ****   }
 224:Src/main.c    ****   /* USER CODE BEGIN I2C1_Init 2 */
 225:Src/main.c    **** 
 226:Src/main.c    ****   /* USER CODE END I2C1_Init 2 */
 227:Src/main.c    **** 
 228:Src/main.c    **** }
 229:Src/main.c    **** 
 230:Src/main.c    **** /**
 231:Src/main.c    ****   * @brief I2C4 Initialization Function
 232:Src/main.c    ****   * @param None
 233:Src/main.c    ****   * @retval None
 234:Src/main.c    ****   */
 235:Src/main.c    **** static void MX_I2C4_Init(void)
 236:Src/main.c    **** {
 237:Src/main.c    **** 
 238:Src/main.c    ****   /* USER CODE BEGIN I2C4_Init 0 */
 239:Src/main.c    **** 
 240:Src/main.c    ****   /* USER CODE END I2C4_Init 0 */
 241:Src/main.c    **** 
 242:Src/main.c    ****   /* USER CODE BEGIN I2C4_Init 1 */
 243:Src/main.c    **** 
 244:Src/main.c    ****   /* USER CODE END I2C4_Init 1 */
 245:Src/main.c    ****   hi2c4.Instance = I2C4;
 246:Src/main.c    ****   hi2c4.Init.Timing = 0x2000090E;
 247:Src/main.c    ****   hi2c4.Init.OwnAddress1 = 0;
 248:Src/main.c    ****   hi2c4.Init.AddressingMode = I2C_ADDRESSINGMODE_7BIT;
 249:Src/main.c    ****   hi2c4.Init.DualAddressMode = I2C_DUALADDRESS_DISABLE;
 250:Src/main.c    ****   hi2c4.Init.OwnAddress2 = 0;
 251:Src/main.c    ****   hi2c4.Init.OwnAddress2Masks = I2C_OA2_NOMASK;
 252:Src/main.c    ****   hi2c4.Init.GeneralCallMode = I2C_GENERALCALL_DISABLE;
 253:Src/main.c    ****   hi2c4.Init.NoStretchMode = I2C_NOSTRETCH_DISABLE;
 254:Src/main.c    ****   if (HAL_I2C_Init(&hi2c4) != HAL_OK)
 255:Src/main.c    ****   {
 256:Src/main.c    ****     Error_Handler();
 257:Src/main.c    ****   }
 258:Src/main.c    ****   /** Configure Analogue filter 
 259:Src/main.c    ****   */
 260:Src/main.c    ****   if (HAL_I2CEx_ConfigAnalogFilter(&hi2c4, I2C_ANALOGFILTER_ENABLE) != HAL_OK)
ARM GAS  C:\Users\hungv\AppData\Local\Temp\ccpT0dqa.s 			page 6


 261:Src/main.c    ****   {
 262:Src/main.c    ****     Error_Handler();
 263:Src/main.c    ****   }
 264:Src/main.c    ****   /** Configure Digital filter 
 265:Src/main.c    ****   */
 266:Src/main.c    ****   if (HAL_I2CEx_ConfigDigitalFilter(&hi2c4, 0) != HAL_OK)
 267:Src/main.c    ****   {
 268:Src/main.c    ****     Error_Handler();
 269:Src/main.c    ****   }
 270:Src/main.c    ****   /* USER CODE BEGIN I2C4_Init 2 */
 271:Src/main.c    **** 
 272:Src/main.c    ****   /* USER CODE END I2C4_Init 2 */
 273:Src/main.c    **** 
 274:Src/main.c    **** }
 275:Src/main.c    **** 
 276:Src/main.c    **** /**
 277:Src/main.c    ****   * @brief SPI2 Initialization Function
 278:Src/main.c    ****   * @param None
 279:Src/main.c    ****   * @retval None
 280:Src/main.c    ****   */
 281:Src/main.c    **** static void MX_SPI2_Init(void)
 282:Src/main.c    **** {
 283:Src/main.c    **** 
 284:Src/main.c    ****   /* USER CODE BEGIN SPI2_Init 0 */
 285:Src/main.c    **** 
 286:Src/main.c    ****   /* USER CODE END SPI2_Init 0 */
 287:Src/main.c    **** 
 288:Src/main.c    ****   /* USER CODE BEGIN SPI2_Init 1 */
 289:Src/main.c    **** 
 290:Src/main.c    ****   /* USER CODE END SPI2_Init 1 */
 291:Src/main.c    ****   /* SPI2 parameter configuration*/
 292:Src/main.c    ****   hspi2.Instance = SPI2;
 293:Src/main.c    ****   hspi2.Init.Mode = SPI_MODE_MASTER;
 294:Src/main.c    ****   hspi2.Init.Direction = SPI_DIRECTION_2LINES;
 295:Src/main.c    ****   hspi2.Init.DataSize = SPI_DATASIZE_4BIT;
 296:Src/main.c    ****   hspi2.Init.CLKPolarity = SPI_POLARITY_LOW;
 297:Src/main.c    ****   hspi2.Init.CLKPhase = SPI_PHASE_1EDGE;
 298:Src/main.c    ****   hspi2.Init.NSS = SPI_NSS_HARD_OUTPUT;
 299:Src/main.c    ****   hspi2.Init.BaudRatePrescaler = SPI_BAUDRATEPRESCALER_2;
 300:Src/main.c    ****   hspi2.Init.FirstBit = SPI_FIRSTBIT_MSB;
 301:Src/main.c    ****   hspi2.Init.TIMode = SPI_TIMODE_DISABLE;
 302:Src/main.c    ****   hspi2.Init.CRCCalculation = SPI_CRCCALCULATION_DISABLE;
 303:Src/main.c    ****   hspi2.Init.CRCPolynomial = 7;
 304:Src/main.c    ****   hspi2.Init.CRCLength = SPI_CRC_LENGTH_DATASIZE;
 305:Src/main.c    ****   hspi2.Init.NSSPMode = SPI_NSS_PULSE_ENABLE;
 306:Src/main.c    ****   if (HAL_SPI_Init(&hspi2) != HAL_OK)
 307:Src/main.c    ****   {
 308:Src/main.c    ****     Error_Handler();
 309:Src/main.c    ****   }
 310:Src/main.c    ****   /* USER CODE BEGIN SPI2_Init 2 */
 311:Src/main.c    **** 
 312:Src/main.c    ****   /* USER CODE END SPI2_Init 2 */
 313:Src/main.c    **** 
 314:Src/main.c    **** }
 315:Src/main.c    **** 
 316:Src/main.c    **** /**
 317:Src/main.c    ****   * @brief USART1 Initialization Function
ARM GAS  C:\Users\hungv\AppData\Local\Temp\ccpT0dqa.s 			page 7


 318:Src/main.c    ****   * @param None
 319:Src/main.c    ****   * @retval None
 320:Src/main.c    ****   */
 321:Src/main.c    **** static void MX_USART1_UART_Init(void)
 322:Src/main.c    **** {
 323:Src/main.c    **** 
 324:Src/main.c    ****   /* USER CODE BEGIN USART1_Init 0 */
 325:Src/main.c    **** 
 326:Src/main.c    ****   /* USER CODE END USART1_Init 0 */
 327:Src/main.c    **** 
 328:Src/main.c    ****   /* USER CODE BEGIN USART1_Init 1 */
 329:Src/main.c    **** 
 330:Src/main.c    ****   /* USER CODE END USART1_Init 1 */
 331:Src/main.c    ****   huart1.Instance = USART1;
 332:Src/main.c    ****   huart1.Init.BaudRate = 115200;
 333:Src/main.c    ****   huart1.Init.WordLength = UART_WORDLENGTH_8B;
 334:Src/main.c    ****   huart1.Init.StopBits = UART_STOPBITS_1;
 335:Src/main.c    ****   huart1.Init.Parity = UART_PARITY_NONE;
 336:Src/main.c    ****   huart1.Init.Mode = UART_MODE_TX_RX;
 337:Src/main.c    ****   huart1.Init.HwFlowCtl = UART_HWCONTROL_NONE;
 338:Src/main.c    ****   huart1.Init.OverSampling = UART_OVERSAMPLING_16;
 339:Src/main.c    ****   huart1.Init.OneBitSampling = UART_ONE_BIT_SAMPLE_DISABLE;
 340:Src/main.c    ****   huart1.AdvancedInit.AdvFeatureInit = UART_ADVFEATURE_NO_INIT;
 341:Src/main.c    ****   if (HAL_UART_Init(&huart1) != HAL_OK)
 342:Src/main.c    ****   {
 343:Src/main.c    ****     Error_Handler();
 344:Src/main.c    ****   }
 345:Src/main.c    ****   /* USER CODE BEGIN USART1_Init 2 */
 346:Src/main.c    **** 
 347:Src/main.c    ****   /* USER CODE END USART1_Init 2 */
 348:Src/main.c    **** 
 349:Src/main.c    **** }
 350:Src/main.c    **** 
 351:Src/main.c    **** /**
 352:Src/main.c    ****   * @brief USART2 Initialization Function
 353:Src/main.c    ****   * @param None
 354:Src/main.c    ****   * @retval None
 355:Src/main.c    ****   */
 356:Src/main.c    **** static void MX_USART2_UART_Init(void)
 357:Src/main.c    **** {
 358:Src/main.c    **** 
 359:Src/main.c    ****   /* USER CODE BEGIN USART2_Init 0 */
 360:Src/main.c    **** 
 361:Src/main.c    ****   /* USER CODE END USART2_Init 0 */
 362:Src/main.c    **** 
 363:Src/main.c    ****   /* USER CODE BEGIN USART2_Init 1 */
 364:Src/main.c    **** 
 365:Src/main.c    ****   /* USER CODE END USART2_Init 1 */
 366:Src/main.c    ****   huart2.Instance = USART2;
 367:Src/main.c    ****   huart2.Init.BaudRate = 115200;
 368:Src/main.c    ****   huart2.Init.WordLength = UART_WORDLENGTH_8B;
 369:Src/main.c    ****   huart2.Init.StopBits = UART_STOPBITS_1;
 370:Src/main.c    ****   huart2.Init.Parity = UART_PARITY_NONE;
 371:Src/main.c    ****   huart2.Init.Mode = UART_MODE_TX_RX;
 372:Src/main.c    ****   huart2.Init.HwFlowCtl = UART_HWCONTROL_RTS_CTS;
 373:Src/main.c    ****   huart2.Init.OverSampling = UART_OVERSAMPLING_16;
 374:Src/main.c    ****   huart2.Init.OneBitSampling = UART_ONE_BIT_SAMPLE_DISABLE;
ARM GAS  C:\Users\hungv\AppData\Local\Temp\ccpT0dqa.s 			page 8


 375:Src/main.c    ****   huart2.AdvancedInit.AdvFeatureInit = UART_ADVFEATURE_NO_INIT;
 376:Src/main.c    ****   if (HAL_UART_Init(&huart2) != HAL_OK)
 377:Src/main.c    ****   {
 378:Src/main.c    ****     Error_Handler();
 379:Src/main.c    ****   }
 380:Src/main.c    ****   /* USER CODE BEGIN USART2_Init 2 */
 381:Src/main.c    **** 
 382:Src/main.c    ****   /* USER CODE END USART2_Init 2 */
 383:Src/main.c    **** 
 384:Src/main.c    **** }
 385:Src/main.c    **** 
 386:Src/main.c    **** /**
 387:Src/main.c    ****   * @brief USB_OTG_FS Initialization Function
 388:Src/main.c    ****   * @param None
 389:Src/main.c    ****   * @retval None
 390:Src/main.c    ****   */
 391:Src/main.c    **** static void MX_USB_OTG_FS_USB_Init(void)
 392:Src/main.c    **** {
 393:Src/main.c    **** 
 394:Src/main.c    ****   /* USER CODE BEGIN USB_OTG_FS_Init 0 */
 395:Src/main.c    **** 
 396:Src/main.c    ****   /* USER CODE END USB_OTG_FS_Init 0 */
 397:Src/main.c    **** 
 398:Src/main.c    ****   /* USER CODE BEGIN USB_OTG_FS_Init 1 */
 399:Src/main.c    **** 
 400:Src/main.c    ****   /* USER CODE END USB_OTG_FS_Init 1 */
 401:Src/main.c    ****   /* USER CODE BEGIN USB_OTG_FS_Init 2 */
 402:Src/main.c    **** 
 403:Src/main.c    ****   /* USER CODE END USB_OTG_FS_Init 2 */
 404:Src/main.c    **** 
 405:Src/main.c    **** }
 406:Src/main.c    **** 
 407:Src/main.c    **** /**
 408:Src/main.c    ****   * @brief GPIO Initialization Function
 409:Src/main.c    ****   * @param None
 410:Src/main.c    ****   * @retval None
 411:Src/main.c    ****   */
 412:Src/main.c    **** static void MX_GPIO_Init(void)
 413:Src/main.c    **** {
  27              		.loc 1 413 1 view -0
  28              		.cfi_startproc
  29              		@ args = 0, pretend = 0, frame = 48
  30              		@ frame_needed = 0, uses_anonymous_args = 0
  31 0000 2DE9F043 		push	{r4, r5, r6, r7, r8, r9, lr}
  32              	.LCFI0:
  33              		.cfi_def_cfa_offset 28
  34              		.cfi_offset 4, -28
  35              		.cfi_offset 5, -24
  36              		.cfi_offset 6, -20
  37              		.cfi_offset 7, -16
  38              		.cfi_offset 8, -12
  39              		.cfi_offset 9, -8
  40              		.cfi_offset 14, -4
  41 0004 8DB0     		sub	sp, sp, #52
  42              	.LCFI1:
  43              		.cfi_def_cfa_offset 80
 414:Src/main.c    ****   GPIO_InitTypeDef GPIO_InitStruct = {0};
ARM GAS  C:\Users\hungv\AppData\Local\Temp\ccpT0dqa.s 			page 9


  44              		.loc 1 414 3 view .LVU1
  45              		.loc 1 414 20 is_stmt 0 view .LVU2
  46 0006 0024     		movs	r4, #0
  47 0008 0794     		str	r4, [sp, #28]
  48 000a 0894     		str	r4, [sp, #32]
  49 000c 0994     		str	r4, [sp, #36]
  50 000e 0A94     		str	r4, [sp, #40]
  51 0010 0B94     		str	r4, [sp, #44]
 415:Src/main.c    **** 
 416:Src/main.c    ****   /* GPIO Ports Clock Enable */
 417:Src/main.c    ****   __HAL_RCC_GPIOE_CLK_ENABLE();
  52              		.loc 1 417 3 is_stmt 1 view .LVU3
  53              	.LBB2:
  54              		.loc 1 417 3 view .LVU4
  55              		.loc 1 417 3 view .LVU5
  56 0012 574B     		ldr	r3, .L3
  57 0014 1A6B     		ldr	r2, [r3, #48]
  58 0016 42F01002 		orr	r2, r2, #16
  59 001a 1A63     		str	r2, [r3, #48]
  60              		.loc 1 417 3 view .LVU6
  61 001c 1A6B     		ldr	r2, [r3, #48]
  62 001e 02F01002 		and	r2, r2, #16
  63 0022 0192     		str	r2, [sp, #4]
  64              		.loc 1 417 3 view .LVU7
  65 0024 019A     		ldr	r2, [sp, #4]
  66              	.LBE2:
 418:Src/main.c    ****   __HAL_RCC_GPIOC_CLK_ENABLE();
  67              		.loc 1 418 3 view .LVU8
  68              	.LBB3:
  69              		.loc 1 418 3 view .LVU9
  70              		.loc 1 418 3 view .LVU10
  71 0026 1A6B     		ldr	r2, [r3, #48]
  72 0028 42F00402 		orr	r2, r2, #4
  73 002c 1A63     		str	r2, [r3, #48]
  74              		.loc 1 418 3 view .LVU11
  75 002e 1A6B     		ldr	r2, [r3, #48]
  76 0030 02F00402 		and	r2, r2, #4
  77 0034 0292     		str	r2, [sp, #8]
  78              		.loc 1 418 3 view .LVU12
  79 0036 029A     		ldr	r2, [sp, #8]
  80              	.LBE3:
 419:Src/main.c    ****   __HAL_RCC_GPIOF_CLK_ENABLE();
  81              		.loc 1 419 3 view .LVU13
  82              	.LBB4:
  83              		.loc 1 419 3 view .LVU14
  84              		.loc 1 419 3 view .LVU15
  85 0038 1A6B     		ldr	r2, [r3, #48]
  86 003a 42F02002 		orr	r2, r2, #32
  87 003e 1A63     		str	r2, [r3, #48]
  88              		.loc 1 419 3 view .LVU16
  89 0040 1A6B     		ldr	r2, [r3, #48]
  90 0042 02F02002 		and	r2, r2, #32
  91 0046 0392     		str	r2, [sp, #12]
  92              		.loc 1 419 3 view .LVU17
  93 0048 039A     		ldr	r2, [sp, #12]
  94              	.LBE4:
 420:Src/main.c    ****   __HAL_RCC_GPIOH_CLK_ENABLE();
ARM GAS  C:\Users\hungv\AppData\Local\Temp\ccpT0dqa.s 			page 10


  95              		.loc 1 420 3 view .LVU18
  96              	.LBB5:
  97              		.loc 1 420 3 view .LVU19
  98              		.loc 1 420 3 view .LVU20
  99 004a 1A6B     		ldr	r2, [r3, #48]
 100 004c 42F08002 		orr	r2, r2, #128
 101 0050 1A63     		str	r2, [r3, #48]
 102              		.loc 1 420 3 view .LVU21
 103 0052 1A6B     		ldr	r2, [r3, #48]
 104 0054 02F08002 		and	r2, r2, #128
 105 0058 0492     		str	r2, [sp, #16]
 106              		.loc 1 420 3 view .LVU22
 107 005a 049A     		ldr	r2, [sp, #16]
 108              	.LBE5:
 421:Src/main.c    ****   __HAL_RCC_GPIOA_CLK_ENABLE();
 109              		.loc 1 421 3 view .LVU23
 110              	.LBB6:
 111              		.loc 1 421 3 view .LVU24
 112              		.loc 1 421 3 view .LVU25
 113 005c 1A6B     		ldr	r2, [r3, #48]
 114 005e 42F00102 		orr	r2, r2, #1
 115 0062 1A63     		str	r2, [r3, #48]
 116              		.loc 1 421 3 view .LVU26
 117 0064 1A6B     		ldr	r2, [r3, #48]
 118 0066 02F00102 		and	r2, r2, #1
 119 006a 0592     		str	r2, [sp, #20]
 120              		.loc 1 421 3 view .LVU27
 121 006c 059A     		ldr	r2, [sp, #20]
 122              	.LBE6:
 422:Src/main.c    ****   __HAL_RCC_GPIOB_CLK_ENABLE();
 123              		.loc 1 422 3 view .LVU28
 124              	.LBB7:
 125              		.loc 1 422 3 view .LVU29
 126              		.loc 1 422 3 view .LVU30
 127 006e 1A6B     		ldr	r2, [r3, #48]
 128 0070 42F00202 		orr	r2, r2, #2
 129 0074 1A63     		str	r2, [r3, #48]
 130              		.loc 1 422 3 view .LVU31
 131 0076 1B6B     		ldr	r3, [r3, #48]
 132 0078 03F00203 		and	r3, r3, #2
 133 007c 0693     		str	r3, [sp, #24]
 134              		.loc 1 422 3 view .LVU32
 135 007e 069B     		ldr	r3, [sp, #24]
 136              	.LBE7:
 423:Src/main.c    **** 
 424:Src/main.c    ****   /*Configure GPIO pin Output Level */
 425:Src/main.c    ****   HAL_GPIO_WritePin(LORA_RST_GPIO_Port, LORA_RST_Pin, GPIO_PIN_RESET);
 137              		.loc 1 425 3 view .LVU33
 138 0080 DFF8FC90 		ldr	r9, .L3+16
 139 0084 2246     		mov	r2, r4
 140 0086 1021     		movs	r1, #16
 141 0088 4846     		mov	r0, r9
 142 008a FFF7FEFF 		bl	HAL_GPIO_WritePin
 143              	.LVL0:
 426:Src/main.c    **** 
 427:Src/main.c    ****   /*Configure GPIO pin Output Level */
 428:Src/main.c    ****   HAL_GPIO_WritePin(LORA_DIO3_GPIO_Port, LORA_DIO3_Pin, GPIO_PIN_RESET);
ARM GAS  C:\Users\hungv\AppData\Local\Temp\ccpT0dqa.s 			page 11


 144              		.loc 1 428 3 view .LVU34
 145 008e DFF8F480 		ldr	r8, .L3+20
 146 0092 2246     		mov	r2, r4
 147 0094 0121     		movs	r1, #1
 148 0096 4046     		mov	r0, r8
 149 0098 FFF7FEFF 		bl	HAL_GPIO_WritePin
 150              	.LVL1:
 429:Src/main.c    **** 
 430:Src/main.c    ****   /*Configure GPIO pin Output Level */
 431:Src/main.c    ****   HAL_GPIO_WritePin(EN_LORA_GPIO_Port, EN_LORA_Pin, GPIO_PIN_RESET);
 151              		.loc 1 431 3 view .LVU35
 152 009c 354E     		ldr	r6, .L3+4
 153 009e 2246     		mov	r2, r4
 154 00a0 4FF48071 		mov	r1, #256
 155 00a4 3046     		mov	r0, r6
 156 00a6 FFF7FEFF 		bl	HAL_GPIO_WritePin
 157              	.LVL2:
 432:Src/main.c    **** 
 433:Src/main.c    ****   /*Configure GPIO pins : TCS_Pin TCLK_Pin TDIN_Pin */
 434:Src/main.c    ****   GPIO_InitStruct.Pin = TCS_Pin|TCLK_Pin|TDIN_Pin;
 158              		.loc 1 434 3 view .LVU36
 159              		.loc 1 434 23 is_stmt 0 view .LVU37
 160 00aa 0D23     		movs	r3, #13
 161 00ac 0793     		str	r3, [sp, #28]
 435:Src/main.c    ****   GPIO_InitStruct.Mode = GPIO_MODE_ANALOG;
 162              		.loc 1 435 3 is_stmt 1 view .LVU38
 163              		.loc 1 435 24 is_stmt 0 view .LVU39
 164 00ae 0325     		movs	r5, #3
 165 00b0 0895     		str	r5, [sp, #32]
 436:Src/main.c    ****   GPIO_InitStruct.Pull = GPIO_NOPULL;
 166              		.loc 1 436 3 is_stmt 1 view .LVU40
 167              		.loc 1 436 24 is_stmt 0 view .LVU41
 168 00b2 0994     		str	r4, [sp, #36]
 437:Src/main.c    ****   HAL_GPIO_Init(GPIOE, &GPIO_InitStruct);
 169              		.loc 1 437 3 is_stmt 1 view .LVU42
 170 00b4 304F     		ldr	r7, .L3+8
 171 00b6 07A9     		add	r1, sp, #28
 172 00b8 3846     		mov	r0, r7
 173 00ba FFF7FEFF 		bl	HAL_GPIO_Init
 174              	.LVL3:
 438:Src/main.c    **** 
 439:Src/main.c    ****   /*Configure GPIO pins : TIRQ_Pin TDO_Pin */
 440:Src/main.c    ****   GPIO_InitStruct.Pin = TIRQ_Pin|TDO_Pin;
 175              		.loc 1 440 3 view .LVU43
 176              		.loc 1 440 23 is_stmt 0 view .LVU44
 177 00be 1223     		movs	r3, #18
 178 00c0 0793     		str	r3, [sp, #28]
 441:Src/main.c    ****   GPIO_InitStruct.Mode = GPIO_MODE_INPUT;
 179              		.loc 1 441 3 is_stmt 1 view .LVU45
 180              		.loc 1 441 24 is_stmt 0 view .LVU46
 181 00c2 0894     		str	r4, [sp, #32]
 442:Src/main.c    ****   GPIO_InitStruct.Pull = GPIO_NOPULL;
 182              		.loc 1 442 3 is_stmt 1 view .LVU47
 183              		.loc 1 442 24 is_stmt 0 view .LVU48
 184 00c4 0994     		str	r4, [sp, #36]
 443:Src/main.c    ****   HAL_GPIO_Init(GPIOE, &GPIO_InitStruct);
 185              		.loc 1 443 3 is_stmt 1 view .LVU49
ARM GAS  C:\Users\hungv\AppData\Local\Temp\ccpT0dqa.s 			page 12


 186 00c6 07A9     		add	r1, sp, #28
 187 00c8 3846     		mov	r0, r7
 188 00ca FFF7FEFF 		bl	HAL_GPIO_Init
 189              	.LVL4:
 444:Src/main.c    **** 
 445:Src/main.c    ****   /*Configure GPIO pins : LCD_D7_Pin LCD_D6_Pin LCD_D5_Pin LCD_D4_Pin 
 446:Src/main.c    ****                            LCD_D3_Pin LCD_D2_Pin LCD_D1_Pin LCD_D0_Pin 
 447:Src/main.c    ****                            RD_Pin WR_Pin RS_Pin */
 448:Src/main.c    ****   GPIO_InitStruct.Pin = LCD_D7_Pin|LCD_D6_Pin|LCD_D5_Pin|LCD_D4_Pin 
 190              		.loc 1 448 3 view .LVU50
 191              		.loc 1 448 23 is_stmt 0 view .LVU51
 192 00ce 40F2FF73 		movw	r3, #2047
 193 00d2 0793     		str	r3, [sp, #28]
 449:Src/main.c    ****                           |LCD_D3_Pin|LCD_D2_Pin|LCD_D1_Pin|LCD_D0_Pin 
 450:Src/main.c    ****                           |RD_Pin|WR_Pin|RS_Pin;
 451:Src/main.c    ****   GPIO_InitStruct.Mode = GPIO_MODE_ANALOG;
 194              		.loc 1 451 3 is_stmt 1 view .LVU52
 195              		.loc 1 451 24 is_stmt 0 view .LVU53
 196 00d4 0895     		str	r5, [sp, #32]
 452:Src/main.c    ****   GPIO_InitStruct.Pull = GPIO_NOPULL;
 197              		.loc 1 452 3 is_stmt 1 view .LVU54
 198              		.loc 1 452 24 is_stmt 0 view .LVU55
 199 00d6 0994     		str	r4, [sp, #36]
 453:Src/main.c    ****   HAL_GPIO_Init(GPIOF, &GPIO_InitStruct);
 200              		.loc 1 453 3 is_stmt 1 view .LVU56
 201 00d8 07A9     		add	r1, sp, #28
 202 00da 2848     		ldr	r0, .L3+12
 203 00dc FFF7FEFF 		bl	HAL_GPIO_Init
 204              	.LVL5:
 454:Src/main.c    **** 
 455:Src/main.c    ****   /*Configure GPIO pin : LORA_RST_Pin */
 456:Src/main.c    ****   GPIO_InitStruct.Pin = LORA_RST_Pin;
 205              		.loc 1 456 3 view .LVU57
 206              		.loc 1 456 23 is_stmt 0 view .LVU58
 207 00e0 1023     		movs	r3, #16
 208 00e2 0793     		str	r3, [sp, #28]
 457:Src/main.c    ****   GPIO_InitStruct.Mode = GPIO_MODE_OUTPUT_PP;
 209              		.loc 1 457 3 is_stmt 1 view .LVU59
 210              		.loc 1 457 24 is_stmt 0 view .LVU60
 211 00e4 0127     		movs	r7, #1
 212 00e6 0897     		str	r7, [sp, #32]
 458:Src/main.c    ****   GPIO_InitStruct.Pull = GPIO_NOPULL;
 213              		.loc 1 458 3 is_stmt 1 view .LVU61
 214              		.loc 1 458 24 is_stmt 0 view .LVU62
 215 00e8 0994     		str	r4, [sp, #36]
 459:Src/main.c    ****   GPIO_InitStruct.Speed = GPIO_SPEED_FREQ_LOW;
 216              		.loc 1 459 3 is_stmt 1 view .LVU63
 217              		.loc 1 459 25 is_stmt 0 view .LVU64
 218 00ea 0A94     		str	r4, [sp, #40]
 460:Src/main.c    ****   HAL_GPIO_Init(LORA_RST_GPIO_Port, &GPIO_InitStruct);
 219              		.loc 1 460 3 is_stmt 1 view .LVU65
 220 00ec 07A9     		add	r1, sp, #28
 221 00ee 4846     		mov	r0, r9
 222 00f0 FFF7FEFF 		bl	HAL_GPIO_Init
 223              	.LVL6:
 461:Src/main.c    **** 
 462:Src/main.c    ****   /*Configure GPIO pins : LORA_DIO5_Pin GPIO0_Pin GPIO1_Pin GPIO2_Pin 
ARM GAS  C:\Users\hungv\AppData\Local\Temp\ccpT0dqa.s 			page 13


 463:Src/main.c    ****                            GPIO3_Pin */
 464:Src/main.c    ****   GPIO_InitStruct.Pin = LORA_DIO5_Pin|GPIO0_Pin|GPIO1_Pin|GPIO2_Pin 
 224              		.loc 1 464 3 view .LVU66
 225              		.loc 1 464 23 is_stmt 0 view .LVU67
 226 00f4 4FF47873 		mov	r3, #992
 227 00f8 0793     		str	r3, [sp, #28]
 465:Src/main.c    ****                           |GPIO3_Pin;
 466:Src/main.c    ****   GPIO_InitStruct.Mode = GPIO_MODE_ANALOG;
 228              		.loc 1 466 3 is_stmt 1 view .LVU68
 229              		.loc 1 466 24 is_stmt 0 view .LVU69
 230 00fa 0895     		str	r5, [sp, #32]
 467:Src/main.c    ****   GPIO_InitStruct.Pull = GPIO_NOPULL;
 231              		.loc 1 467 3 is_stmt 1 view .LVU70
 232              		.loc 1 467 24 is_stmt 0 view .LVU71
 233 00fc 0994     		str	r4, [sp, #36]
 468:Src/main.c    ****   HAL_GPIO_Init(GPIOC, &GPIO_InitStruct);
 234              		.loc 1 468 3 is_stmt 1 view .LVU72
 235 00fe 07A9     		add	r1, sp, #28
 236 0100 4846     		mov	r0, r9
 237 0102 FFF7FEFF 		bl	HAL_GPIO_Init
 238              	.LVL7:
 469:Src/main.c    **** 
 470:Src/main.c    ****   /*Configure GPIO pin : LORA_DIO3_Pin */
 471:Src/main.c    ****   GPIO_InitStruct.Pin = LORA_DIO3_Pin;
 239              		.loc 1 471 3 view .LVU73
 240              		.loc 1 471 23 is_stmt 0 view .LVU74
 241 0106 0797     		str	r7, [sp, #28]
 472:Src/main.c    ****   GPIO_InitStruct.Mode = GPIO_MODE_OUTPUT_PP;
 242              		.loc 1 472 3 is_stmt 1 view .LVU75
 243              		.loc 1 472 24 is_stmt 0 view .LVU76
 244 0108 0897     		str	r7, [sp, #32]
 473:Src/main.c    ****   GPIO_InitStruct.Pull = GPIO_NOPULL;
 245              		.loc 1 473 3 is_stmt 1 view .LVU77
 246              		.loc 1 473 24 is_stmt 0 view .LVU78
 247 010a 0994     		str	r4, [sp, #36]
 474:Src/main.c    ****   GPIO_InitStruct.Speed = GPIO_SPEED_FREQ_LOW;
 248              		.loc 1 474 3 is_stmt 1 view .LVU79
 249              		.loc 1 474 25 is_stmt 0 view .LVU80
 250 010c 0A94     		str	r4, [sp, #40]
 475:Src/main.c    ****   HAL_GPIO_Init(LORA_DIO3_GPIO_Port, &GPIO_InitStruct);
 251              		.loc 1 475 3 is_stmt 1 view .LVU81
 252 010e 07A9     		add	r1, sp, #28
 253 0110 4046     		mov	r0, r8
 254 0112 FFF7FEFF 		bl	HAL_GPIO_Init
 255              	.LVL8:
 476:Src/main.c    **** 
 477:Src/main.c    ****   /*Configure GPIO pins : LORA_DIO4_Pin LORA_DIO0_Pin LORA_DIO1_Pin LORA_DIO2_Pin 
 478:Src/main.c    ****                            RST_Pin CS_Pin */
 479:Src/main.c    ****   GPIO_InitStruct.Pin = LORA_DIO4_Pin|LORA_DIO0_Pin|LORA_DIO1_Pin|LORA_DIO2_Pin 
 256              		.loc 1 479 3 view .LVU82
 257              		.loc 1 479 23 is_stmt 0 view .LVU83
 258 0116 40F64663 		movw	r3, #3654
 259 011a 0793     		str	r3, [sp, #28]
 480:Src/main.c    ****                           |RST_Pin|CS_Pin;
 481:Src/main.c    ****   GPIO_InitStruct.Mode = GPIO_MODE_ANALOG;
 260              		.loc 1 481 3 is_stmt 1 view .LVU84
 261              		.loc 1 481 24 is_stmt 0 view .LVU85
ARM GAS  C:\Users\hungv\AppData\Local\Temp\ccpT0dqa.s 			page 14


 262 011c 0895     		str	r5, [sp, #32]
 482:Src/main.c    ****   GPIO_InitStruct.Pull = GPIO_NOPULL;
 263              		.loc 1 482 3 is_stmt 1 view .LVU86
 264              		.loc 1 482 24 is_stmt 0 view .LVU87
 265 011e 0994     		str	r4, [sp, #36]
 483:Src/main.c    ****   HAL_GPIO_Init(GPIOB, &GPIO_InitStruct);
 266              		.loc 1 483 3 is_stmt 1 view .LVU88
 267 0120 07A9     		add	r1, sp, #28
 268 0122 4046     		mov	r0, r8
 269 0124 FFF7FEFF 		bl	HAL_GPIO_Init
 270              	.LVL9:
 484:Src/main.c    **** 
 485:Src/main.c    ****   /*Configure GPIO pin : EN_LORA_Pin */
 486:Src/main.c    ****   GPIO_InitStruct.Pin = EN_LORA_Pin;
 271              		.loc 1 486 3 view .LVU89
 272              		.loc 1 486 23 is_stmt 0 view .LVU90
 273 0128 4FF48073 		mov	r3, #256
 274 012c 0793     		str	r3, [sp, #28]
 487:Src/main.c    ****   GPIO_InitStruct.Mode = GPIO_MODE_OUTPUT_PP;
 275              		.loc 1 487 3 is_stmt 1 view .LVU91
 276              		.loc 1 487 24 is_stmt 0 view .LVU92
 277 012e 0897     		str	r7, [sp, #32]
 488:Src/main.c    ****   GPIO_InitStruct.Pull = GPIO_NOPULL;
 278              		.loc 1 488 3 is_stmt 1 view .LVU93
 279              		.loc 1 488 24 is_stmt 0 view .LVU94
 280 0130 0994     		str	r4, [sp, #36]
 489:Src/main.c    ****   GPIO_InitStruct.Speed = GPIO_SPEED_FREQ_LOW;
 281              		.loc 1 489 3 is_stmt 1 view .LVU95
 282              		.loc 1 489 25 is_stmt 0 view .LVU96
 283 0132 0A94     		str	r4, [sp, #40]
 490:Src/main.c    ****   HAL_GPIO_Init(EN_LORA_GPIO_Port, &GPIO_InitStruct);
 284              		.loc 1 490 3 is_stmt 1 view .LVU97
 285 0134 07A9     		add	r1, sp, #28
 286 0136 3046     		mov	r0, r6
 287 0138 FFF7FEFF 		bl	HAL_GPIO_Init
 288              	.LVL10:
 491:Src/main.c    **** 
 492:Src/main.c    ****   /*Configure GPIO pin : PA9 */
 493:Src/main.c    ****   GPIO_InitStruct.Pin = GPIO_PIN_9;
 289              		.loc 1 493 3 view .LVU98
 290              		.loc 1 493 23 is_stmt 0 view .LVU99
 291 013c 4FF40073 		mov	r3, #512
 292 0140 0793     		str	r3, [sp, #28]
 494:Src/main.c    ****   GPIO_InitStruct.Mode = GPIO_MODE_INPUT;
 293              		.loc 1 494 3 is_stmt 1 view .LVU100
 294              		.loc 1 494 24 is_stmt 0 view .LVU101
 295 0142 0894     		str	r4, [sp, #32]
 495:Src/main.c    ****   GPIO_InitStruct.Pull = GPIO_NOPULL;
 296              		.loc 1 495 3 is_stmt 1 view .LVU102
 297              		.loc 1 495 24 is_stmt 0 view .LVU103
 298 0144 0994     		str	r4, [sp, #36]
 496:Src/main.c    ****   HAL_GPIO_Init(GPIOA, &GPIO_InitStruct);
 299              		.loc 1 496 3 is_stmt 1 view .LVU104
 300 0146 07A9     		add	r1, sp, #28
 301 0148 3046     		mov	r0, r6
 302 014a FFF7FEFF 		bl	HAL_GPIO_Init
 303              	.LVL11:
ARM GAS  C:\Users\hungv\AppData\Local\Temp\ccpT0dqa.s 			page 15


 497:Src/main.c    **** 
 498:Src/main.c    ****   /*Configure GPIO pins : PA10 PA11 PA12 */
 499:Src/main.c    ****   GPIO_InitStruct.Pin = GPIO_PIN_10|GPIO_PIN_11|GPIO_PIN_12;
 304              		.loc 1 499 3 view .LVU105
 305              		.loc 1 499 23 is_stmt 0 view .LVU106
 306 014e 4FF4E053 		mov	r3, #7168
 307 0152 0793     		str	r3, [sp, #28]
 500:Src/main.c    ****   GPIO_InitStruct.Mode = GPIO_MODE_AF_PP;
 308              		.loc 1 500 3 is_stmt 1 view .LVU107
 309              		.loc 1 500 24 is_stmt 0 view .LVU108
 310 0154 0223     		movs	r3, #2
 311 0156 0893     		str	r3, [sp, #32]
 501:Src/main.c    ****   GPIO_InitStruct.Pull = GPIO_NOPULL;
 312              		.loc 1 501 3 is_stmt 1 view .LVU109
 313              		.loc 1 501 24 is_stmt 0 view .LVU110
 314 0158 0994     		str	r4, [sp, #36]
 502:Src/main.c    ****   GPIO_InitStruct.Speed = GPIO_SPEED_FREQ_VERY_HIGH;
 315              		.loc 1 502 3 is_stmt 1 view .LVU111
 316              		.loc 1 502 25 is_stmt 0 view .LVU112
 317 015a 0A95     		str	r5, [sp, #40]
 503:Src/main.c    ****   GPIO_InitStruct.Alternate = GPIO_AF10_OTG_FS;
 318              		.loc 1 503 3 is_stmt 1 view .LVU113
 319              		.loc 1 503 29 is_stmt 0 view .LVU114
 320 015c 0A23     		movs	r3, #10
 321 015e 0B93     		str	r3, [sp, #44]
 504:Src/main.c    ****   HAL_GPIO_Init(GPIOA, &GPIO_InitStruct);
 322              		.loc 1 504 3 is_stmt 1 view .LVU115
 323 0160 07A9     		add	r1, sp, #28
 324 0162 3046     		mov	r0, r6
 325 0164 FFF7FEFF 		bl	HAL_GPIO_Init
 326              	.LVL12:
 505:Src/main.c    **** 
 506:Src/main.c    **** }
 327              		.loc 1 506 1 is_stmt 0 view .LVU116
 328 0168 0DB0     		add	sp, sp, #52
 329              	.LCFI2:
 330              		.cfi_def_cfa_offset 28
 331              		@ sp needed
 332 016a BDE8F083 		pop	{r4, r5, r6, r7, r8, r9, pc}
 333              	.L4:
 334 016e 00BF     		.align	2
 335              	.L3:
 336 0170 00380240 		.word	1073887232
 337 0174 00000240 		.word	1073872896
 338 0178 00100240 		.word	1073876992
 339 017c 00140240 		.word	1073878016
 340 0180 00080240 		.word	1073874944
 341 0184 00040240 		.word	1073873920
 342              		.cfi_endproc
 343              	.LFE149:
 345              		.section	.text.MX_I2C1_Init,"ax",%progbits
 346              		.align	1
 347              		.syntax unified
 348              		.thumb
 349              		.thumb_func
 350              		.fpu fpv5-d16
 352              	MX_I2C1_Init:
ARM GAS  C:\Users\hungv\AppData\Local\Temp\ccpT0dqa.s 			page 16


 353              	.LFB143:
 190:Src/main.c    **** 
 354              		.loc 1 190 1 is_stmt 1 view -0
 355              		.cfi_startproc
 356              		@ args = 0, pretend = 0, frame = 0
 357              		@ frame_needed = 0, uses_anonymous_args = 0
 358 0000 38B5     		push	{r3, r4, r5, lr}
 359              	.LCFI3:
 360              		.cfi_def_cfa_offset 16
 361              		.cfi_offset 3, -16
 362              		.cfi_offset 4, -12
 363              		.cfi_offset 5, -8
 364              		.cfi_offset 14, -4
 199:Src/main.c    ****   hi2c1.Init.Timing = 0x2000090E;
 365              		.loc 1 199 3 view .LVU118
 199:Src/main.c    ****   hi2c1.Init.Timing = 0x2000090E;
 366              		.loc 1 199 18 is_stmt 0 view .LVU119
 367 0002 0D4C     		ldr	r4, .L7
 368 0004 0D4B     		ldr	r3, .L7+4
 369 0006 2360     		str	r3, [r4]
 200:Src/main.c    ****   hi2c1.Init.OwnAddress1 = 0;
 370              		.loc 1 200 3 is_stmt 1 view .LVU120
 200:Src/main.c    ****   hi2c1.Init.OwnAddress1 = 0;
 371              		.loc 1 200 21 is_stmt 0 view .LVU121
 372 0008 0D4B     		ldr	r3, .L7+8
 373 000a 6360     		str	r3, [r4, #4]
 201:Src/main.c    ****   hi2c1.Init.AddressingMode = I2C_ADDRESSINGMODE_7BIT;
 374              		.loc 1 201 3 is_stmt 1 view .LVU122
 201:Src/main.c    ****   hi2c1.Init.AddressingMode = I2C_ADDRESSINGMODE_7BIT;
 375              		.loc 1 201 26 is_stmt 0 view .LVU123
 376 000c 0025     		movs	r5, #0
 377 000e A560     		str	r5, [r4, #8]
 202:Src/main.c    ****   hi2c1.Init.DualAddressMode = I2C_DUALADDRESS_DISABLE;
 378              		.loc 1 202 3 is_stmt 1 view .LVU124
 202:Src/main.c    ****   hi2c1.Init.DualAddressMode = I2C_DUALADDRESS_DISABLE;
 379              		.loc 1 202 29 is_stmt 0 view .LVU125
 380 0010 0123     		movs	r3, #1
 381 0012 E360     		str	r3, [r4, #12]
 203:Src/main.c    ****   hi2c1.Init.OwnAddress2 = 0;
 382              		.loc 1 203 3 is_stmt 1 view .LVU126
 203:Src/main.c    ****   hi2c1.Init.OwnAddress2 = 0;
 383              		.loc 1 203 30 is_stmt 0 view .LVU127
 384 0014 2561     		str	r5, [r4, #16]
 204:Src/main.c    ****   hi2c1.Init.OwnAddress2Masks = I2C_OA2_NOMASK;
 385              		.loc 1 204 3 is_stmt 1 view .LVU128
 204:Src/main.c    ****   hi2c1.Init.OwnAddress2Masks = I2C_OA2_NOMASK;
 386              		.loc 1 204 26 is_stmt 0 view .LVU129
 387 0016 6561     		str	r5, [r4, #20]
 205:Src/main.c    ****   hi2c1.Init.GeneralCallMode = I2C_GENERALCALL_DISABLE;
 388              		.loc 1 205 3 is_stmt 1 view .LVU130
 205:Src/main.c    ****   hi2c1.Init.GeneralCallMode = I2C_GENERALCALL_DISABLE;
 389              		.loc 1 205 31 is_stmt 0 view .LVU131
 390 0018 A561     		str	r5, [r4, #24]
 206:Src/main.c    ****   hi2c1.Init.NoStretchMode = I2C_NOSTRETCH_DISABLE;
 391              		.loc 1 206 3 is_stmt 1 view .LVU132
 206:Src/main.c    ****   hi2c1.Init.NoStretchMode = I2C_NOSTRETCH_DISABLE;
 392              		.loc 1 206 30 is_stmt 0 view .LVU133
ARM GAS  C:\Users\hungv\AppData\Local\Temp\ccpT0dqa.s 			page 17


 393 001a E561     		str	r5, [r4, #28]
 207:Src/main.c    ****   if (HAL_I2C_Init(&hi2c1) != HAL_OK)
 394              		.loc 1 207 3 is_stmt 1 view .LVU134
 207:Src/main.c    ****   if (HAL_I2C_Init(&hi2c1) != HAL_OK)
 395              		.loc 1 207 28 is_stmt 0 view .LVU135
 396 001c 2562     		str	r5, [r4, #32]
 208:Src/main.c    ****   {
 397              		.loc 1 208 3 is_stmt 1 view .LVU136
 208:Src/main.c    ****   {
 398              		.loc 1 208 7 is_stmt 0 view .LVU137
 399 001e 2046     		mov	r0, r4
 400 0020 FFF7FEFF 		bl	HAL_I2C_Init
 401              	.LVL13:
 214:Src/main.c    ****   {
 402              		.loc 1 214 3 is_stmt 1 view .LVU138
 214:Src/main.c    ****   {
 403              		.loc 1 214 7 is_stmt 0 view .LVU139
 404 0024 2946     		mov	r1, r5
 405 0026 2046     		mov	r0, r4
 406 0028 FFF7FEFF 		bl	HAL_I2CEx_ConfigAnalogFilter
 407              	.LVL14:
 220:Src/main.c    ****   {
 408              		.loc 1 220 3 is_stmt 1 view .LVU140
 220:Src/main.c    ****   {
 409              		.loc 1 220 7 is_stmt 0 view .LVU141
 410 002c 2946     		mov	r1, r5
 411 002e 2046     		mov	r0, r4
 412 0030 FFF7FEFF 		bl	HAL_I2CEx_ConfigDigitalFilter
 413              	.LVL15:
 228:Src/main.c    **** 
 414              		.loc 1 228 1 view .LVU142
 415 0034 38BD     		pop	{r3, r4, r5, pc}
 416              	.L8:
 417 0036 00BF     		.align	2
 418              	.L7:
 419 0038 00000000 		.word	hi2c1
 420 003c 00540040 		.word	1073763328
 421 0040 0E090020 		.word	536873230
 422              		.cfi_endproc
 423              	.LFE143:
 425              		.section	.text.MX_I2C4_Init,"ax",%progbits
 426              		.align	1
 427              		.syntax unified
 428              		.thumb
 429              		.thumb_func
 430              		.fpu fpv5-d16
 432              	MX_I2C4_Init:
 433              	.LFB144:
 236:Src/main.c    **** 
 434              		.loc 1 236 1 is_stmt 1 view -0
 435              		.cfi_startproc
 436              		@ args = 0, pretend = 0, frame = 0
 437              		@ frame_needed = 0, uses_anonymous_args = 0
 438 0000 38B5     		push	{r3, r4, r5, lr}
 439              	.LCFI4:
 440              		.cfi_def_cfa_offset 16
 441              		.cfi_offset 3, -16
ARM GAS  C:\Users\hungv\AppData\Local\Temp\ccpT0dqa.s 			page 18


 442              		.cfi_offset 4, -12
 443              		.cfi_offset 5, -8
 444              		.cfi_offset 14, -4
 245:Src/main.c    ****   hi2c4.Init.Timing = 0x2000090E;
 445              		.loc 1 245 3 view .LVU144
 245:Src/main.c    ****   hi2c4.Init.Timing = 0x2000090E;
 446              		.loc 1 245 18 is_stmt 0 view .LVU145
 447 0002 0D4C     		ldr	r4, .L11
 448 0004 0D4B     		ldr	r3, .L11+4
 449 0006 2360     		str	r3, [r4]
 246:Src/main.c    ****   hi2c4.Init.OwnAddress1 = 0;
 450              		.loc 1 246 3 is_stmt 1 view .LVU146
 246:Src/main.c    ****   hi2c4.Init.OwnAddress1 = 0;
 451              		.loc 1 246 21 is_stmt 0 view .LVU147
 452 0008 0D4B     		ldr	r3, .L11+8
 453 000a 6360     		str	r3, [r4, #4]
 247:Src/main.c    ****   hi2c4.Init.AddressingMode = I2C_ADDRESSINGMODE_7BIT;
 454              		.loc 1 247 3 is_stmt 1 view .LVU148
 247:Src/main.c    ****   hi2c4.Init.AddressingMode = I2C_ADDRESSINGMODE_7BIT;
 455              		.loc 1 247 26 is_stmt 0 view .LVU149
 456 000c 0025     		movs	r5, #0
 457 000e A560     		str	r5, [r4, #8]
 248:Src/main.c    ****   hi2c4.Init.DualAddressMode = I2C_DUALADDRESS_DISABLE;
 458              		.loc 1 248 3 is_stmt 1 view .LVU150
 248:Src/main.c    ****   hi2c4.Init.DualAddressMode = I2C_DUALADDRESS_DISABLE;
 459              		.loc 1 248 29 is_stmt 0 view .LVU151
 460 0010 0123     		movs	r3, #1
 461 0012 E360     		str	r3, [r4, #12]
 249:Src/main.c    ****   hi2c4.Init.OwnAddress2 = 0;
 462              		.loc 1 249 3 is_stmt 1 view .LVU152
 249:Src/main.c    ****   hi2c4.Init.OwnAddress2 = 0;
 463              		.loc 1 249 30 is_stmt 0 view .LVU153
 464 0014 2561     		str	r5, [r4, #16]
 250:Src/main.c    ****   hi2c4.Init.OwnAddress2Masks = I2C_OA2_NOMASK;
 465              		.loc 1 250 3 is_stmt 1 view .LVU154
 250:Src/main.c    ****   hi2c4.Init.OwnAddress2Masks = I2C_OA2_NOMASK;
 466              		.loc 1 250 26 is_stmt 0 view .LVU155
 467 0016 6561     		str	r5, [r4, #20]
 251:Src/main.c    ****   hi2c4.Init.GeneralCallMode = I2C_GENERALCALL_DISABLE;
 468              		.loc 1 251 3 is_stmt 1 view .LVU156
 251:Src/main.c    ****   hi2c4.Init.GeneralCallMode = I2C_GENERALCALL_DISABLE;
 469              		.loc 1 251 31 is_stmt 0 view .LVU157
 470 0018 A561     		str	r5, [r4, #24]
 252:Src/main.c    ****   hi2c4.Init.NoStretchMode = I2C_NOSTRETCH_DISABLE;
 471              		.loc 1 252 3 is_stmt 1 view .LVU158
 252:Src/main.c    ****   hi2c4.Init.NoStretchMode = I2C_NOSTRETCH_DISABLE;
 472              		.loc 1 252 30 is_stmt 0 view .LVU159
 473 001a E561     		str	r5, [r4, #28]
 253:Src/main.c    ****   if (HAL_I2C_Init(&hi2c4) != HAL_OK)
 474              		.loc 1 253 3 is_stmt 1 view .LVU160
 253:Src/main.c    ****   if (HAL_I2C_Init(&hi2c4) != HAL_OK)
 475              		.loc 1 253 28 is_stmt 0 view .LVU161
 476 001c 2562     		str	r5, [r4, #32]
 254:Src/main.c    ****   {
 477              		.loc 1 254 3 is_stmt 1 view .LVU162
 254:Src/main.c    ****   {
 478              		.loc 1 254 7 is_stmt 0 view .LVU163
ARM GAS  C:\Users\hungv\AppData\Local\Temp\ccpT0dqa.s 			page 19


 479 001e 2046     		mov	r0, r4
 480 0020 FFF7FEFF 		bl	HAL_I2C_Init
 481              	.LVL16:
 260:Src/main.c    ****   {
 482              		.loc 1 260 3 is_stmt 1 view .LVU164
 260:Src/main.c    ****   {
 483              		.loc 1 260 7 is_stmt 0 view .LVU165
 484 0024 2946     		mov	r1, r5
 485 0026 2046     		mov	r0, r4
 486 0028 FFF7FEFF 		bl	HAL_I2CEx_ConfigAnalogFilter
 487              	.LVL17:
 266:Src/main.c    ****   {
 488              		.loc 1 266 3 is_stmt 1 view .LVU166
 266:Src/main.c    ****   {
 489              		.loc 1 266 7 is_stmt 0 view .LVU167
 490 002c 2946     		mov	r1, r5
 491 002e 2046     		mov	r0, r4
 492 0030 FFF7FEFF 		bl	HAL_I2CEx_ConfigDigitalFilter
 493              	.LVL18:
 274:Src/main.c    **** 
 494              		.loc 1 274 1 view .LVU168
 495 0034 38BD     		pop	{r3, r4, r5, pc}
 496              	.L12:
 497 0036 00BF     		.align	2
 498              	.L11:
 499 0038 00000000 		.word	hi2c4
 500 003c 00600040 		.word	1073766400
 501 0040 0E090020 		.word	536873230
 502              		.cfi_endproc
 503              	.LFE144:
 505              		.section	.text.MX_SPI2_Init,"ax",%progbits
 506              		.align	1
 507              		.syntax unified
 508              		.thumb
 509              		.thumb_func
 510              		.fpu fpv5-d16
 512              	MX_SPI2_Init:
 513              	.LFB145:
 282:Src/main.c    **** 
 514              		.loc 1 282 1 is_stmt 1 view -0
 515              		.cfi_startproc
 516              		@ args = 0, pretend = 0, frame = 0
 517              		@ frame_needed = 0, uses_anonymous_args = 0
 518 0000 08B5     		push	{r3, lr}
 519              	.LCFI5:
 520              		.cfi_def_cfa_offset 8
 521              		.cfi_offset 3, -8
 522              		.cfi_offset 14, -4
 292:Src/main.c    ****   hspi2.Init.Mode = SPI_MODE_MASTER;
 523              		.loc 1 292 3 view .LVU170
 292:Src/main.c    ****   hspi2.Init.Mode = SPI_MODE_MASTER;
 524              		.loc 1 292 18 is_stmt 0 view .LVU171
 525 0002 0E48     		ldr	r0, .L15
 526 0004 0E4B     		ldr	r3, .L15+4
 527 0006 0360     		str	r3, [r0]
 293:Src/main.c    ****   hspi2.Init.Direction = SPI_DIRECTION_2LINES;
 528              		.loc 1 293 3 is_stmt 1 view .LVU172
ARM GAS  C:\Users\hungv\AppData\Local\Temp\ccpT0dqa.s 			page 20


 293:Src/main.c    ****   hspi2.Init.Direction = SPI_DIRECTION_2LINES;
 529              		.loc 1 293 19 is_stmt 0 view .LVU173
 530 0008 4FF48273 		mov	r3, #260
 531 000c 4360     		str	r3, [r0, #4]
 294:Src/main.c    ****   hspi2.Init.DataSize = SPI_DATASIZE_4BIT;
 532              		.loc 1 294 3 is_stmt 1 view .LVU174
 294:Src/main.c    ****   hspi2.Init.DataSize = SPI_DATASIZE_4BIT;
 533              		.loc 1 294 24 is_stmt 0 view .LVU175
 534 000e 0023     		movs	r3, #0
 535 0010 8360     		str	r3, [r0, #8]
 295:Src/main.c    ****   hspi2.Init.CLKPolarity = SPI_POLARITY_LOW;
 536              		.loc 1 295 3 is_stmt 1 view .LVU176
 295:Src/main.c    ****   hspi2.Init.CLKPolarity = SPI_POLARITY_LOW;
 537              		.loc 1 295 23 is_stmt 0 view .LVU177
 538 0012 4FF44072 		mov	r2, #768
 539 0016 C260     		str	r2, [r0, #12]
 296:Src/main.c    ****   hspi2.Init.CLKPhase = SPI_PHASE_1EDGE;
 540              		.loc 1 296 3 is_stmt 1 view .LVU178
 296:Src/main.c    ****   hspi2.Init.CLKPhase = SPI_PHASE_1EDGE;
 541              		.loc 1 296 26 is_stmt 0 view .LVU179
 542 0018 0361     		str	r3, [r0, #16]
 297:Src/main.c    ****   hspi2.Init.NSS = SPI_NSS_HARD_OUTPUT;
 543              		.loc 1 297 3 is_stmt 1 view .LVU180
 297:Src/main.c    ****   hspi2.Init.NSS = SPI_NSS_HARD_OUTPUT;
 544              		.loc 1 297 23 is_stmt 0 view .LVU181
 545 001a 4361     		str	r3, [r0, #20]
 298:Src/main.c    ****   hspi2.Init.BaudRatePrescaler = SPI_BAUDRATEPRESCALER_2;
 546              		.loc 1 298 3 is_stmt 1 view .LVU182
 298:Src/main.c    ****   hspi2.Init.BaudRatePrescaler = SPI_BAUDRATEPRESCALER_2;
 547              		.loc 1 298 18 is_stmt 0 view .LVU183
 548 001c 4FF48022 		mov	r2, #262144
 549 0020 8261     		str	r2, [r0, #24]
 299:Src/main.c    ****   hspi2.Init.FirstBit = SPI_FIRSTBIT_MSB;
 550              		.loc 1 299 3 is_stmt 1 view .LVU184
 299:Src/main.c    ****   hspi2.Init.FirstBit = SPI_FIRSTBIT_MSB;
 551              		.loc 1 299 32 is_stmt 0 view .LVU185
 552 0022 C361     		str	r3, [r0, #28]
 300:Src/main.c    ****   hspi2.Init.TIMode = SPI_TIMODE_DISABLE;
 553              		.loc 1 300 3 is_stmt 1 view .LVU186
 300:Src/main.c    ****   hspi2.Init.TIMode = SPI_TIMODE_DISABLE;
 554              		.loc 1 300 23 is_stmt 0 view .LVU187
 555 0024 0362     		str	r3, [r0, #32]
 301:Src/main.c    ****   hspi2.Init.CRCCalculation = SPI_CRCCALCULATION_DISABLE;
 556              		.loc 1 301 3 is_stmt 1 view .LVU188
 301:Src/main.c    ****   hspi2.Init.CRCCalculation = SPI_CRCCALCULATION_DISABLE;
 557              		.loc 1 301 21 is_stmt 0 view .LVU189
 558 0026 4362     		str	r3, [r0, #36]
 302:Src/main.c    ****   hspi2.Init.CRCPolynomial = 7;
 559              		.loc 1 302 3 is_stmt 1 view .LVU190
 302:Src/main.c    ****   hspi2.Init.CRCPolynomial = 7;
 560              		.loc 1 302 29 is_stmt 0 view .LVU191
 561 0028 8362     		str	r3, [r0, #40]
 303:Src/main.c    ****   hspi2.Init.CRCLength = SPI_CRC_LENGTH_DATASIZE;
 562              		.loc 1 303 3 is_stmt 1 view .LVU192
 303:Src/main.c    ****   hspi2.Init.CRCLength = SPI_CRC_LENGTH_DATASIZE;
 563              		.loc 1 303 28 is_stmt 0 view .LVU193
 564 002a 0722     		movs	r2, #7
ARM GAS  C:\Users\hungv\AppData\Local\Temp\ccpT0dqa.s 			page 21


 565 002c C262     		str	r2, [r0, #44]
 304:Src/main.c    ****   hspi2.Init.NSSPMode = SPI_NSS_PULSE_ENABLE;
 566              		.loc 1 304 3 is_stmt 1 view .LVU194
 304:Src/main.c    ****   hspi2.Init.NSSPMode = SPI_NSS_PULSE_ENABLE;
 567              		.loc 1 304 24 is_stmt 0 view .LVU195
 568 002e 0363     		str	r3, [r0, #48]
 305:Src/main.c    ****   if (HAL_SPI_Init(&hspi2) != HAL_OK)
 569              		.loc 1 305 3 is_stmt 1 view .LVU196
 305:Src/main.c    ****   if (HAL_SPI_Init(&hspi2) != HAL_OK)
 570              		.loc 1 305 23 is_stmt 0 view .LVU197
 571 0030 0823     		movs	r3, #8
 572 0032 4363     		str	r3, [r0, #52]
 306:Src/main.c    ****   {
 573              		.loc 1 306 3 is_stmt 1 view .LVU198
 306:Src/main.c    ****   {
 574              		.loc 1 306 7 is_stmt 0 view .LVU199
 575 0034 FFF7FEFF 		bl	HAL_SPI_Init
 576              	.LVL19:
 314:Src/main.c    **** 
 577              		.loc 1 314 1 view .LVU200
 578 0038 08BD     		pop	{r3, pc}
 579              	.L16:
 580 003a 00BF     		.align	2
 581              	.L15:
 582 003c 00000000 		.word	hspi2
 583 0040 00380040 		.word	1073756160
 584              		.cfi_endproc
 585              	.LFE145:
 587              		.section	.text.MX_USART1_UART_Init,"ax",%progbits
 588              		.align	1
 589              		.syntax unified
 590              		.thumb
 591              		.thumb_func
 592              		.fpu fpv5-d16
 594              	MX_USART1_UART_Init:
 595              	.LFB146:
 322:Src/main.c    **** 
 596              		.loc 1 322 1 is_stmt 1 view -0
 597              		.cfi_startproc
 598              		@ args = 0, pretend = 0, frame = 0
 599              		@ frame_needed = 0, uses_anonymous_args = 0
 600 0000 08B5     		push	{r3, lr}
 601              	.LCFI6:
 602              		.cfi_def_cfa_offset 8
 603              		.cfi_offset 3, -8
 604              		.cfi_offset 14, -4
 331:Src/main.c    ****   huart1.Init.BaudRate = 115200;
 605              		.loc 1 331 3 view .LVU202
 331:Src/main.c    ****   huart1.Init.BaudRate = 115200;
 606              		.loc 1 331 19 is_stmt 0 view .LVU203
 607 0002 0948     		ldr	r0, .L19
 608 0004 094B     		ldr	r3, .L19+4
 609 0006 0360     		str	r3, [r0]
 332:Src/main.c    ****   huart1.Init.WordLength = UART_WORDLENGTH_8B;
 610              		.loc 1 332 3 is_stmt 1 view .LVU204
 332:Src/main.c    ****   huart1.Init.WordLength = UART_WORDLENGTH_8B;
 611              		.loc 1 332 24 is_stmt 0 view .LVU205
ARM GAS  C:\Users\hungv\AppData\Local\Temp\ccpT0dqa.s 			page 22


 612 0008 4FF4E133 		mov	r3, #115200
 613 000c 4360     		str	r3, [r0, #4]
 333:Src/main.c    ****   huart1.Init.StopBits = UART_STOPBITS_1;
 614              		.loc 1 333 3 is_stmt 1 view .LVU206
 333:Src/main.c    ****   huart1.Init.StopBits = UART_STOPBITS_1;
 615              		.loc 1 333 26 is_stmt 0 view .LVU207
 616 000e 0023     		movs	r3, #0
 617 0010 8360     		str	r3, [r0, #8]
 334:Src/main.c    ****   huart1.Init.Parity = UART_PARITY_NONE;
 618              		.loc 1 334 3 is_stmt 1 view .LVU208
 334:Src/main.c    ****   huart1.Init.Parity = UART_PARITY_NONE;
 619              		.loc 1 334 24 is_stmt 0 view .LVU209
 620 0012 C360     		str	r3, [r0, #12]
 335:Src/main.c    ****   huart1.Init.Mode = UART_MODE_TX_RX;
 621              		.loc 1 335 3 is_stmt 1 view .LVU210
 335:Src/main.c    ****   huart1.Init.Mode = UART_MODE_TX_RX;
 622              		.loc 1 335 22 is_stmt 0 view .LVU211
 623 0014 0361     		str	r3, [r0, #16]
 336:Src/main.c    ****   huart1.Init.HwFlowCtl = UART_HWCONTROL_NONE;
 624              		.loc 1 336 3 is_stmt 1 view .LVU212
 336:Src/main.c    ****   huart1.Init.HwFlowCtl = UART_HWCONTROL_NONE;
 625              		.loc 1 336 20 is_stmt 0 view .LVU213
 626 0016 0C22     		movs	r2, #12
 627 0018 4261     		str	r2, [r0, #20]
 337:Src/main.c    ****   huart1.Init.OverSampling = UART_OVERSAMPLING_16;
 628              		.loc 1 337 3 is_stmt 1 view .LVU214
 337:Src/main.c    ****   huart1.Init.OverSampling = UART_OVERSAMPLING_16;
 629              		.loc 1 337 25 is_stmt 0 view .LVU215
 630 001a 8361     		str	r3, [r0, #24]
 338:Src/main.c    ****   huart1.Init.OneBitSampling = UART_ONE_BIT_SAMPLE_DISABLE;
 631              		.loc 1 338 3 is_stmt 1 view .LVU216
 338:Src/main.c    ****   huart1.Init.OneBitSampling = UART_ONE_BIT_SAMPLE_DISABLE;
 632              		.loc 1 338 28 is_stmt 0 view .LVU217
 633 001c C361     		str	r3, [r0, #28]
 339:Src/main.c    ****   huart1.AdvancedInit.AdvFeatureInit = UART_ADVFEATURE_NO_INIT;
 634              		.loc 1 339 3 is_stmt 1 view .LVU218
 339:Src/main.c    ****   huart1.AdvancedInit.AdvFeatureInit = UART_ADVFEATURE_NO_INIT;
 635              		.loc 1 339 30 is_stmt 0 view .LVU219
 636 001e 0362     		str	r3, [r0, #32]
 340:Src/main.c    ****   if (HAL_UART_Init(&huart1) != HAL_OK)
 637              		.loc 1 340 3 is_stmt 1 view .LVU220
 340:Src/main.c    ****   if (HAL_UART_Init(&huart1) != HAL_OK)
 638              		.loc 1 340 38 is_stmt 0 view .LVU221
 639 0020 4362     		str	r3, [r0, #36]
 341:Src/main.c    ****   {
 640              		.loc 1 341 3 is_stmt 1 view .LVU222
 341:Src/main.c    ****   {
 641              		.loc 1 341 7 is_stmt 0 view .LVU223
 642 0022 FFF7FEFF 		bl	HAL_UART_Init
 643              	.LVL20:
 349:Src/main.c    **** 
 644              		.loc 1 349 1 view .LVU224
 645 0026 08BD     		pop	{r3, pc}
 646              	.L20:
 647              		.align	2
 648              	.L19:
 649 0028 00000000 		.word	huart1
ARM GAS  C:\Users\hungv\AppData\Local\Temp\ccpT0dqa.s 			page 23


 650 002c 00100140 		.word	1073811456
 651              		.cfi_endproc
 652              	.LFE146:
 654              		.section	.text.MX_USART2_UART_Init,"ax",%progbits
 655              		.align	1
 656              		.syntax unified
 657              		.thumb
 658              		.thumb_func
 659              		.fpu fpv5-d16
 661              	MX_USART2_UART_Init:
 662              	.LFB147:
 357:Src/main.c    **** 
 663              		.loc 1 357 1 is_stmt 1 view -0
 664              		.cfi_startproc
 665              		@ args = 0, pretend = 0, frame = 0
 666              		@ frame_needed = 0, uses_anonymous_args = 0
 667 0000 08B5     		push	{r3, lr}
 668              	.LCFI7:
 669              		.cfi_def_cfa_offset 8
 670              		.cfi_offset 3, -8
 671              		.cfi_offset 14, -4
 366:Src/main.c    ****   huart2.Init.BaudRate = 115200;
 672              		.loc 1 366 3 view .LVU226
 366:Src/main.c    ****   huart2.Init.BaudRate = 115200;
 673              		.loc 1 366 19 is_stmt 0 view .LVU227
 674 0002 0A48     		ldr	r0, .L23
 675 0004 0A4B     		ldr	r3, .L23+4
 676 0006 0360     		str	r3, [r0]
 367:Src/main.c    ****   huart2.Init.WordLength = UART_WORDLENGTH_8B;
 677              		.loc 1 367 3 is_stmt 1 view .LVU228
 367:Src/main.c    ****   huart2.Init.WordLength = UART_WORDLENGTH_8B;
 678              		.loc 1 367 24 is_stmt 0 view .LVU229
 679 0008 4FF4E133 		mov	r3, #115200
 680 000c 4360     		str	r3, [r0, #4]
 368:Src/main.c    ****   huart2.Init.StopBits = UART_STOPBITS_1;
 681              		.loc 1 368 3 is_stmt 1 view .LVU230
 368:Src/main.c    ****   huart2.Init.StopBits = UART_STOPBITS_1;
 682              		.loc 1 368 26 is_stmt 0 view .LVU231
 683 000e 0023     		movs	r3, #0
 684 0010 8360     		str	r3, [r0, #8]
 369:Src/main.c    ****   huart2.Init.Parity = UART_PARITY_NONE;
 685              		.loc 1 369 3 is_stmt 1 view .LVU232
 369:Src/main.c    ****   huart2.Init.Parity = UART_PARITY_NONE;
 686              		.loc 1 369 24 is_stmt 0 view .LVU233
 687 0012 C360     		str	r3, [r0, #12]
 370:Src/main.c    ****   huart2.Init.Mode = UART_MODE_TX_RX;
 688              		.loc 1 370 3 is_stmt 1 view .LVU234
 370:Src/main.c    ****   huart2.Init.Mode = UART_MODE_TX_RX;
 689              		.loc 1 370 22 is_stmt 0 view .LVU235
 690 0014 0361     		str	r3, [r0, #16]
 371:Src/main.c    ****   huart2.Init.HwFlowCtl = UART_HWCONTROL_RTS_CTS;
 691              		.loc 1 371 3 is_stmt 1 view .LVU236
 371:Src/main.c    ****   huart2.Init.HwFlowCtl = UART_HWCONTROL_RTS_CTS;
 692              		.loc 1 371 20 is_stmt 0 view .LVU237
 693 0016 0C22     		movs	r2, #12
 694 0018 4261     		str	r2, [r0, #20]
 372:Src/main.c    ****   huart2.Init.OverSampling = UART_OVERSAMPLING_16;
ARM GAS  C:\Users\hungv\AppData\Local\Temp\ccpT0dqa.s 			page 24


 695              		.loc 1 372 3 is_stmt 1 view .LVU238
 372:Src/main.c    ****   huart2.Init.OverSampling = UART_OVERSAMPLING_16;
 696              		.loc 1 372 25 is_stmt 0 view .LVU239
 697 001a 4FF44072 		mov	r2, #768
 698 001e 8261     		str	r2, [r0, #24]
 373:Src/main.c    ****   huart2.Init.OneBitSampling = UART_ONE_BIT_SAMPLE_DISABLE;
 699              		.loc 1 373 3 is_stmt 1 view .LVU240
 373:Src/main.c    ****   huart2.Init.OneBitSampling = UART_ONE_BIT_SAMPLE_DISABLE;
 700              		.loc 1 373 28 is_stmt 0 view .LVU241
 701 0020 C361     		str	r3, [r0, #28]
 374:Src/main.c    ****   huart2.AdvancedInit.AdvFeatureInit = UART_ADVFEATURE_NO_INIT;
 702              		.loc 1 374 3 is_stmt 1 view .LVU242
 374:Src/main.c    ****   huart2.AdvancedInit.AdvFeatureInit = UART_ADVFEATURE_NO_INIT;
 703              		.loc 1 374 30 is_stmt 0 view .LVU243
 704 0022 0362     		str	r3, [r0, #32]
 375:Src/main.c    ****   if (HAL_UART_Init(&huart2) != HAL_OK)
 705              		.loc 1 375 3 is_stmt 1 view .LVU244
 375:Src/main.c    ****   if (HAL_UART_Init(&huart2) != HAL_OK)
 706              		.loc 1 375 38 is_stmt 0 view .LVU245
 707 0024 4362     		str	r3, [r0, #36]
 376:Src/main.c    ****   {
 708              		.loc 1 376 3 is_stmt 1 view .LVU246
 376:Src/main.c    ****   {
 709              		.loc 1 376 7 is_stmt 0 view .LVU247
 710 0026 FFF7FEFF 		bl	HAL_UART_Init
 711              	.LVL21:
 384:Src/main.c    **** 
 712              		.loc 1 384 1 view .LVU248
 713 002a 08BD     		pop	{r3, pc}
 714              	.L24:
 715              		.align	2
 716              	.L23:
 717 002c 00000000 		.word	huart2
 718 0030 00440040 		.word	1073759232
 719              		.cfi_endproc
 720              	.LFE147:
 722              		.section	.text.SystemClock_Config,"ax",%progbits
 723              		.align	1
 724              		.global	SystemClock_Config
 725              		.syntax unified
 726              		.thumb
 727              		.thumb_func
 728              		.fpu fpv5-d16
 730              	SystemClock_Config:
 731              	.LFB142:
 129:Src/main.c    ****   RCC_OscInitTypeDef RCC_OscInitStruct = {0};
 732              		.loc 1 129 1 is_stmt 1 view -0
 733              		.cfi_startproc
 734              		@ args = 0, pretend = 0, frame = 224
 735              		@ frame_needed = 0, uses_anonymous_args = 0
 736 0000 10B5     		push	{r4, lr}
 737              	.LCFI8:
 738              		.cfi_def_cfa_offset 8
 739              		.cfi_offset 4, -8
 740              		.cfi_offset 14, -4
 741 0002 B8B0     		sub	sp, sp, #224
 742              	.LCFI9:
ARM GAS  C:\Users\hungv\AppData\Local\Temp\ccpT0dqa.s 			page 25


 743              		.cfi_def_cfa_offset 232
 130:Src/main.c    ****   RCC_ClkInitTypeDef RCC_ClkInitStruct = {0};
 744              		.loc 1 130 3 view .LVU250
 130:Src/main.c    ****   RCC_ClkInitTypeDef RCC_ClkInitStruct = {0};
 745              		.loc 1 130 22 is_stmt 0 view .LVU251
 746 0004 3422     		movs	r2, #52
 747 0006 0021     		movs	r1, #0
 748 0008 2BA8     		add	r0, sp, #172
 749 000a FFF7FEFF 		bl	memset
 750              	.LVL22:
 131:Src/main.c    ****   RCC_PeriphCLKInitTypeDef PeriphClkInitStruct = {0};
 751              		.loc 1 131 3 is_stmt 1 view .LVU252
 131:Src/main.c    ****   RCC_PeriphCLKInitTypeDef PeriphClkInitStruct = {0};
 752              		.loc 1 131 22 is_stmt 0 view .LVU253
 753 000e 0024     		movs	r4, #0
 754 0010 2694     		str	r4, [sp, #152]
 755 0012 2794     		str	r4, [sp, #156]
 756 0014 2894     		str	r4, [sp, #160]
 757 0016 2994     		str	r4, [sp, #164]
 758 0018 2A94     		str	r4, [sp, #168]
 132:Src/main.c    **** 
 759              		.loc 1 132 3 is_stmt 1 view .LVU254
 132:Src/main.c    **** 
 760              		.loc 1 132 28 is_stmt 0 view .LVU255
 761 001a 9022     		movs	r2, #144
 762 001c 2146     		mov	r1, r4
 763 001e 02A8     		add	r0, sp, #8
 764 0020 FFF7FEFF 		bl	memset
 765              	.LVL23:
 136:Src/main.c    ****   /** Configure the main internal regulator output voltage 
 766              		.loc 1 136 3 is_stmt 1 view .LVU256
 767 0024 FFF7FEFF 		bl	HAL_PWR_EnableBkUpAccess
 768              	.LVL24:
 139:Src/main.c    ****   __HAL_PWR_VOLTAGESCALING_CONFIG(PWR_REGULATOR_VOLTAGE_SCALE3);
 769              		.loc 1 139 3 view .LVU257
 770              	.LBB8:
 139:Src/main.c    ****   __HAL_PWR_VOLTAGESCALING_CONFIG(PWR_REGULATOR_VOLTAGE_SCALE3);
 771              		.loc 1 139 3 view .LVU258
 139:Src/main.c    ****   __HAL_PWR_VOLTAGESCALING_CONFIG(PWR_REGULATOR_VOLTAGE_SCALE3);
 772              		.loc 1 139 3 view .LVU259
 773 0028 224B     		ldr	r3, .L27
 774 002a 1A6C     		ldr	r2, [r3, #64]
 775 002c 42F08052 		orr	r2, r2, #268435456
 776 0030 1A64     		str	r2, [r3, #64]
 139:Src/main.c    ****   __HAL_PWR_VOLTAGESCALING_CONFIG(PWR_REGULATOR_VOLTAGE_SCALE3);
 777              		.loc 1 139 3 view .LVU260
 778 0032 1B6C     		ldr	r3, [r3, #64]
 779 0034 03F08053 		and	r3, r3, #268435456
 780 0038 0093     		str	r3, [sp]
 139:Src/main.c    ****   __HAL_PWR_VOLTAGESCALING_CONFIG(PWR_REGULATOR_VOLTAGE_SCALE3);
 781              		.loc 1 139 3 view .LVU261
 782 003a 009B     		ldr	r3, [sp]
 783              	.LBE8:
 140:Src/main.c    ****   /** Initializes the CPU, AHB and APB busses clocks 
 784              		.loc 1 140 3 view .LVU262
 785              	.LBB9:
 140:Src/main.c    ****   /** Initializes the CPU, AHB and APB busses clocks 
ARM GAS  C:\Users\hungv\AppData\Local\Temp\ccpT0dqa.s 			page 26


 786              		.loc 1 140 3 view .LVU263
 140:Src/main.c    ****   /** Initializes the CPU, AHB and APB busses clocks 
 787              		.loc 1 140 3 view .LVU264
 788 003c 1E4A     		ldr	r2, .L27+4
 789 003e 1368     		ldr	r3, [r2]
 790 0040 23F44043 		bic	r3, r3, #49152
 791 0044 43F48043 		orr	r3, r3, #16384
 792 0048 1360     		str	r3, [r2]
 140:Src/main.c    ****   /** Initializes the CPU, AHB and APB busses clocks 
 793              		.loc 1 140 3 view .LVU265
 794 004a 1368     		ldr	r3, [r2]
 795 004c 03F44043 		and	r3, r3, #49152
 796 0050 0193     		str	r3, [sp, #4]
 140:Src/main.c    ****   /** Initializes the CPU, AHB and APB busses clocks 
 797              		.loc 1 140 3 view .LVU266
 798 0052 019B     		ldr	r3, [sp, #4]
 799              	.LBE9:
 143:Src/main.c    ****   RCC_OscInitStruct.HSEState = RCC_HSE_ON;
 800              		.loc 1 143 3 view .LVU267
 143:Src/main.c    ****   RCC_OscInitStruct.HSEState = RCC_HSE_ON;
 801              		.loc 1 143 36 is_stmt 0 view .LVU268
 802 0054 0323     		movs	r3, #3
 803 0056 2B93     		str	r3, [sp, #172]
 144:Src/main.c    ****   RCC_OscInitStruct.HSIState = RCC_HSI_ON;
 804              		.loc 1 144 3 is_stmt 1 view .LVU269
 144:Src/main.c    ****   RCC_OscInitStruct.HSIState = RCC_HSI_ON;
 805              		.loc 1 144 30 is_stmt 0 view .LVU270
 806 0058 4FF48033 		mov	r3, #65536
 807 005c 2C93     		str	r3, [sp, #176]
 145:Src/main.c    ****   RCC_OscInitStruct.HSICalibrationValue = RCC_HSICALIBRATION_DEFAULT;
 808              		.loc 1 145 3 is_stmt 1 view .LVU271
 145:Src/main.c    ****   RCC_OscInitStruct.HSICalibrationValue = RCC_HSICALIBRATION_DEFAULT;
 809              		.loc 1 145 30 is_stmt 0 view .LVU272
 810 005e 0123     		movs	r3, #1
 811 0060 2E93     		str	r3, [sp, #184]
 146:Src/main.c    ****   RCC_OscInitStruct.PLL.PLLState = RCC_PLL_ON;
 812              		.loc 1 146 3 is_stmt 1 view .LVU273
 146:Src/main.c    ****   RCC_OscInitStruct.PLL.PLLState = RCC_PLL_ON;
 813              		.loc 1 146 41 is_stmt 0 view .LVU274
 814 0062 1023     		movs	r3, #16
 815 0064 2F93     		str	r3, [sp, #188]
 147:Src/main.c    ****   RCC_OscInitStruct.PLL.PLLSource = RCC_PLLSOURCE_HSE;
 816              		.loc 1 147 3 is_stmt 1 view .LVU275
 147:Src/main.c    ****   RCC_OscInitStruct.PLL.PLLSource = RCC_PLLSOURCE_HSE;
 817              		.loc 1 147 34 is_stmt 0 view .LVU276
 818 0066 0223     		movs	r3, #2
 819 0068 3193     		str	r3, [sp, #196]
 148:Src/main.c    ****   RCC_OscInitStruct.PLL.PLLM = 8;
 820              		.loc 1 148 3 is_stmt 1 view .LVU277
 148:Src/main.c    ****   RCC_OscInitStruct.PLL.PLLM = 8;
 821              		.loc 1 148 35 is_stmt 0 view .LVU278
 822 006a 4FF48002 		mov	r2, #4194304
 823 006e 3292     		str	r2, [sp, #200]
 149:Src/main.c    ****   RCC_OscInitStruct.PLL.PLLN = 96;
 824              		.loc 1 149 3 is_stmt 1 view .LVU279
 149:Src/main.c    ****   RCC_OscInitStruct.PLL.PLLN = 96;
 825              		.loc 1 149 30 is_stmt 0 view .LVU280
ARM GAS  C:\Users\hungv\AppData\Local\Temp\ccpT0dqa.s 			page 27


 826 0070 0822     		movs	r2, #8
 827 0072 3392     		str	r2, [sp, #204]
 150:Src/main.c    ****   RCC_OscInitStruct.PLL.PLLP = RCC_PLLP_DIV2;
 828              		.loc 1 150 3 is_stmt 1 view .LVU281
 150:Src/main.c    ****   RCC_OscInitStruct.PLL.PLLP = RCC_PLLP_DIV2;
 829              		.loc 1 150 30 is_stmt 0 view .LVU282
 830 0074 6022     		movs	r2, #96
 831 0076 3492     		str	r2, [sp, #208]
 151:Src/main.c    ****   RCC_OscInitStruct.PLL.PLLQ = 4;
 832              		.loc 1 151 3 is_stmt 1 view .LVU283
 151:Src/main.c    ****   RCC_OscInitStruct.PLL.PLLQ = 4;
 833              		.loc 1 151 30 is_stmt 0 view .LVU284
 834 0078 3593     		str	r3, [sp, #212]
 152:Src/main.c    ****   if (HAL_RCC_OscConfig(&RCC_OscInitStruct) != HAL_OK)
 835              		.loc 1 152 3 is_stmt 1 view .LVU285
 152:Src/main.c    ****   if (HAL_RCC_OscConfig(&RCC_OscInitStruct) != HAL_OK)
 836              		.loc 1 152 30 is_stmt 0 view .LVU286
 837 007a 0423     		movs	r3, #4
 838 007c 3693     		str	r3, [sp, #216]
 153:Src/main.c    ****   {
 839              		.loc 1 153 3 is_stmt 1 view .LVU287
 153:Src/main.c    ****   {
 840              		.loc 1 153 7 is_stmt 0 view .LVU288
 841 007e 2BA8     		add	r0, sp, #172
 842 0080 FFF7FEFF 		bl	HAL_RCC_OscConfig
 843              	.LVL25:
 159:Src/main.c    ****                               |RCC_CLOCKTYPE_PCLK1|RCC_CLOCKTYPE_PCLK2;
 844              		.loc 1 159 3 is_stmt 1 view .LVU289
 159:Src/main.c    ****                               |RCC_CLOCKTYPE_PCLK1|RCC_CLOCKTYPE_PCLK2;
 845              		.loc 1 159 31 is_stmt 0 view .LVU290
 846 0084 0F23     		movs	r3, #15
 847 0086 2693     		str	r3, [sp, #152]
 161:Src/main.c    ****   RCC_ClkInitStruct.AHBCLKDivider = RCC_SYSCLK_DIV1;
 848              		.loc 1 161 3 is_stmt 1 view .LVU291
 161:Src/main.c    ****   RCC_ClkInitStruct.AHBCLKDivider = RCC_SYSCLK_DIV1;
 849              		.loc 1 161 34 is_stmt 0 view .LVU292
 850 0088 2794     		str	r4, [sp, #156]
 162:Src/main.c    ****   RCC_ClkInitStruct.APB1CLKDivider = RCC_HCLK_DIV2;
 851              		.loc 1 162 3 is_stmt 1 view .LVU293
 162:Src/main.c    ****   RCC_ClkInitStruct.APB1CLKDivider = RCC_HCLK_DIV2;
 852              		.loc 1 162 35 is_stmt 0 view .LVU294
 853 008a 2894     		str	r4, [sp, #160]
 163:Src/main.c    ****   RCC_ClkInitStruct.APB2CLKDivider = RCC_HCLK_DIV1;
 854              		.loc 1 163 3 is_stmt 1 view .LVU295
 163:Src/main.c    ****   RCC_ClkInitStruct.APB2CLKDivider = RCC_HCLK_DIV1;
 855              		.loc 1 163 36 is_stmt 0 view .LVU296
 856 008c 4FF48053 		mov	r3, #4096
 857 0090 2993     		str	r3, [sp, #164]
 164:Src/main.c    **** 
 858              		.loc 1 164 3 is_stmt 1 view .LVU297
 164:Src/main.c    **** 
 859              		.loc 1 164 36 is_stmt 0 view .LVU298
 860 0092 2A94     		str	r4, [sp, #168]
 166:Src/main.c    ****   {
 861              		.loc 1 166 3 is_stmt 1 view .LVU299
 166:Src/main.c    ****   {
 862              		.loc 1 166 7 is_stmt 0 view .LVU300
ARM GAS  C:\Users\hungv\AppData\Local\Temp\ccpT0dqa.s 			page 28


 863 0094 2146     		mov	r1, r4
 864 0096 26A8     		add	r0, sp, #152
 865 0098 FFF7FEFF 		bl	HAL_RCC_ClockConfig
 866              	.LVL26:
 170:Src/main.c    ****                               |RCC_PERIPHCLK_I2C1|RCC_PERIPHCLK_I2C4
 867              		.loc 1 170 3 is_stmt 1 view .LVU301
 170:Src/main.c    ****                               |RCC_PERIPHCLK_I2C1|RCC_PERIPHCLK_I2C4
 868              		.loc 1 170 44 is_stmt 0 view .LVU302
 869 009c 074B     		ldr	r3, .L27+8
 870 009e 0293     		str	r3, [sp, #8]
 173:Src/main.c    ****   PeriphClkInitStruct.Usart2ClockSelection = RCC_USART2CLKSOURCE_PCLK1;
 871              		.loc 1 173 3 is_stmt 1 view .LVU303
 173:Src/main.c    ****   PeriphClkInitStruct.Usart2ClockSelection = RCC_USART2CLKSOURCE_PCLK1;
 872              		.loc 1 173 44 is_stmt 0 view .LVU304
 873 00a0 1394     		str	r4, [sp, #76]
 174:Src/main.c    ****   PeriphClkInitStruct.I2c1ClockSelection = RCC_I2C1CLKSOURCE_PCLK1;
 874              		.loc 1 174 3 is_stmt 1 view .LVU305
 174:Src/main.c    ****   PeriphClkInitStruct.I2c1ClockSelection = RCC_I2C1CLKSOURCE_PCLK1;
 875              		.loc 1 174 44 is_stmt 0 view .LVU306
 876 00a2 1494     		str	r4, [sp, #80]
 175:Src/main.c    ****   PeriphClkInitStruct.I2c4ClockSelection = RCC_I2C4CLKSOURCE_PCLK1;
 877              		.loc 1 175 3 is_stmt 1 view .LVU307
 175:Src/main.c    ****   PeriphClkInitStruct.I2c4ClockSelection = RCC_I2C4CLKSOURCE_PCLK1;
 878              		.loc 1 175 42 is_stmt 0 view .LVU308
 879 00a4 1B94     		str	r4, [sp, #108]
 176:Src/main.c    ****   PeriphClkInitStruct.Clk48ClockSelection = RCC_CLK48SOURCE_PLL;
 880              		.loc 1 176 3 is_stmt 1 view .LVU309
 176:Src/main.c    ****   PeriphClkInitStruct.Clk48ClockSelection = RCC_CLK48SOURCE_PLL;
 881              		.loc 1 176 42 is_stmt 0 view .LVU310
 882 00a6 1E94     		str	r4, [sp, #120]
 177:Src/main.c    ****   if (HAL_RCCEx_PeriphCLKConfig(&PeriphClkInitStruct) != HAL_OK)
 883              		.loc 1 177 3 is_stmt 1 view .LVU311
 177:Src/main.c    ****   if (HAL_RCCEx_PeriphCLKConfig(&PeriphClkInitStruct) != HAL_OK)
 884              		.loc 1 177 43 is_stmt 0 view .LVU312
 885 00a8 2194     		str	r4, [sp, #132]
 178:Src/main.c    ****   {
 886              		.loc 1 178 3 is_stmt 1 view .LVU313
 178:Src/main.c    ****   {
 887              		.loc 1 178 7 is_stmt 0 view .LVU314
 888 00aa 02A8     		add	r0, sp, #8
 889 00ac FFF7FEFF 		bl	HAL_RCCEx_PeriphCLKConfig
 890              	.LVL27:
 182:Src/main.c    **** 
 891              		.loc 1 182 1 view .LVU315
 892 00b0 38B0     		add	sp, sp, #224
 893              	.LCFI10:
 894              		.cfi_def_cfa_offset 8
 895              		@ sp needed
 896 00b2 10BD     		pop	{r4, pc}
 897              	.L28:
 898              		.align	2
 899              	.L27:
 900 00b4 00380240 		.word	1073887232
 901 00b8 00700040 		.word	1073770496
 902 00bc C0402200 		.word	2244800
 903              		.cfi_endproc
 904              	.LFE142:
ARM GAS  C:\Users\hungv\AppData\Local\Temp\ccpT0dqa.s 			page 29


 906              		.section	.text.main,"ax",%progbits
 907              		.align	1
 908              		.global	main
 909              		.syntax unified
 910              		.thumb
 911              		.thumb_func
 912              		.fpu fpv5-d16
 914              	main:
 915              	.LFB141:
  80:Src/main.c    ****   /* USER CODE BEGIN 1 */
 916              		.loc 1 80 1 is_stmt 1 view -0
 917              		.cfi_startproc
 918              		@ Volatile: function does not return.
 919              		@ args = 0, pretend = 0, frame = 0
 920              		@ frame_needed = 0, uses_anonymous_args = 0
 921 0000 08B5     		push	{r3, lr}
 922              	.LCFI11:
 923              		.cfi_def_cfa_offset 8
 924              		.cfi_offset 3, -8
 925              		.cfi_offset 14, -4
  88:Src/main.c    **** 
 926              		.loc 1 88 3 view .LVU317
 927 0002 FFF7FEFF 		bl	HAL_Init
 928              	.LVL28:
  95:Src/main.c    **** 
 929              		.loc 1 95 3 view .LVU318
 930 0006 FFF7FEFF 		bl	SystemClock_Config
 931              	.LVL29:
 102:Src/main.c    ****   MX_I2C1_Init();
 932              		.loc 1 102 3 view .LVU319
 933 000a FFF7FEFF 		bl	MX_GPIO_Init
 934              	.LVL30:
 103:Src/main.c    ****   MX_I2C4_Init();
 935              		.loc 1 103 3 view .LVU320
 936 000e FFF7FEFF 		bl	MX_I2C1_Init
 937              	.LVL31:
 104:Src/main.c    ****   MX_SPI2_Init();
 938              		.loc 1 104 3 view .LVU321
 939 0012 FFF7FEFF 		bl	MX_I2C4_Init
 940              	.LVL32:
 105:Src/main.c    ****   MX_USART1_UART_Init();
 941              		.loc 1 105 3 view .LVU322
 942 0016 FFF7FEFF 		bl	MX_SPI2_Init
 943              	.LVL33:
 106:Src/main.c    ****   MX_USART2_UART_Init();
 944              		.loc 1 106 3 view .LVU323
 945 001a FFF7FEFF 		bl	MX_USART1_UART_Init
 946              	.LVL34:
 107:Src/main.c    ****   MX_USB_OTG_FS_USB_Init();
 947              		.loc 1 107 3 view .LVU324
 948 001e FFF7FEFF 		bl	MX_USART2_UART_Init
 949              	.LVL35:
 108:Src/main.c    ****   /* USER CODE BEGIN 2 */
 950              		.loc 1 108 3 view .LVU325
 951              	.L30:
 115:Src/main.c    ****   {
 952              		.loc 1 115 3 discriminator 1 view .LVU326
ARM GAS  C:\Users\hungv\AppData\Local\Temp\ccpT0dqa.s 			page 30


 120:Src/main.c    ****   /* USER CODE END 3 */
 953              		.loc 1 120 3 discriminator 1 view .LVU327
 954 0022 FEE7     		b	.L30
 955              		.cfi_endproc
 956              	.LFE141:
 958              		.section	.text.Error_Handler,"ax",%progbits
 959              		.align	1
 960              		.global	Error_Handler
 961              		.syntax unified
 962              		.thumb
 963              		.thumb_func
 964              		.fpu fpv5-d16
 966              	Error_Handler:
 967              	.LFB150:
 507:Src/main.c    **** 
 508:Src/main.c    **** /* USER CODE BEGIN 4 */
 509:Src/main.c    **** 
 510:Src/main.c    **** /* USER CODE END 4 */
 511:Src/main.c    **** 
 512:Src/main.c    **** /**
 513:Src/main.c    ****   * @brief  This function is executed in case of error occurrence.
 514:Src/main.c    ****   * @retval None
 515:Src/main.c    ****   */
 516:Src/main.c    **** void Error_Handler(void)
 517:Src/main.c    **** {
 968              		.loc 1 517 1 view -0
 969              		.cfi_startproc
 970              		@ args = 0, pretend = 0, frame = 0
 971              		@ frame_needed = 0, uses_anonymous_args = 0
 972              		@ link register save eliminated.
 518:Src/main.c    ****   /* USER CODE BEGIN Error_Handler_Debug */
 519:Src/main.c    ****   /* User can add his own implementation to report the HAL error return state */
 520:Src/main.c    **** 
 521:Src/main.c    ****   /* USER CODE END Error_Handler_Debug */
 522:Src/main.c    **** }
 973              		.loc 1 522 1 view .LVU329
 974 0000 7047     		bx	lr
 975              		.cfi_endproc
 976              	.LFE150:
 978              		.comm	huart2,128,4
 979              		.comm	huart1,128,4
 980              		.comm	hspi2,100,4
 981              		.comm	hi2c4,76,4
 982              		.comm	hi2c1,76,4
 983              		.text
 984              	.Letext0:
 985              		.file 2 "c:\\users\\hungv\\appdata\\roaming\\xpacks\\@gnu-mcu-eclipse\\arm-none-eabi-gcc\\8.2.1-1.
 986              		.file 3 "c:\\users\\hungv\\appdata\\roaming\\xpacks\\@gnu-mcu-eclipse\\arm-none-eabi-gcc\\8.2.1-1.
 987              		.file 4 "Drivers/CMSIS/Include/core_cm7.h"
 988              		.file 5 "Drivers/CMSIS/Device/ST/STM32F7xx/Include/system_stm32f7xx.h"
 989              		.file 6 "Drivers/CMSIS/Device/ST/STM32F7xx/Include/stm32f767xx.h"
 990              		.file 7 "Drivers/STM32F7xx_HAL_Driver/Inc/stm32f7xx_hal_def.h"
 991              		.file 8 "Drivers/STM32F7xx_HAL_Driver/Inc/stm32f7xx_hal_rcc_ex.h"
 992              		.file 9 "Drivers/STM32F7xx_HAL_Driver/Inc/stm32f7xx_hal_rcc.h"
 993              		.file 10 "Drivers/STM32F7xx_HAL_Driver/Inc/stm32f7xx_hal_gpio.h"
 994              		.file 11 "Drivers/STM32F7xx_HAL_Driver/Inc/stm32f7xx_hal_dma.h"
 995              		.file 12 "Drivers/STM32F7xx_HAL_Driver/Inc/stm32f7xx_hal_i2c.h"
ARM GAS  C:\Users\hungv\AppData\Local\Temp\ccpT0dqa.s 			page 31


 996              		.file 13 "Drivers/STM32F7xx_HAL_Driver/Inc/stm32f7xx_hal_spi.h"
 997              		.file 14 "Drivers/STM32F7xx_HAL_Driver/Inc/stm32f7xx_hal_uart.h"
 998              		.file 15 "Drivers/STM32F7xx_HAL_Driver/Inc/stm32f7xx_hal.h"
 999              		.file 16 "Drivers/STM32F7xx_HAL_Driver/Inc/stm32f7xx_hal_i2c_ex.h"
 1000              		.file 17 "Drivers/STM32F7xx_HAL_Driver/Inc/stm32f7xx_hal_pwr.h"
 1001              		.file 18 "<built-in>"
ARM GAS  C:\Users\hungv\AppData\Local\Temp\ccpT0dqa.s 			page 32


DEFINED SYMBOLS
                            *ABS*:0000000000000000 main.c
C:\Users\hungv\AppData\Local\Temp\ccpT0dqa.s:17     .text.MX_GPIO_Init:0000000000000000 $t
C:\Users\hungv\AppData\Local\Temp\ccpT0dqa.s:24     .text.MX_GPIO_Init:0000000000000000 MX_GPIO_Init
C:\Users\hungv\AppData\Local\Temp\ccpT0dqa.s:336    .text.MX_GPIO_Init:0000000000000170 $d
C:\Users\hungv\AppData\Local\Temp\ccpT0dqa.s:346    .text.MX_I2C1_Init:0000000000000000 $t
C:\Users\hungv\AppData\Local\Temp\ccpT0dqa.s:352    .text.MX_I2C1_Init:0000000000000000 MX_I2C1_Init
C:\Users\hungv\AppData\Local\Temp\ccpT0dqa.s:419    .text.MX_I2C1_Init:0000000000000038 $d
                            *COM*:000000000000004c hi2c1
C:\Users\hungv\AppData\Local\Temp\ccpT0dqa.s:426    .text.MX_I2C4_Init:0000000000000000 $t
C:\Users\hungv\AppData\Local\Temp\ccpT0dqa.s:432    .text.MX_I2C4_Init:0000000000000000 MX_I2C4_Init
C:\Users\hungv\AppData\Local\Temp\ccpT0dqa.s:499    .text.MX_I2C4_Init:0000000000000038 $d
                            *COM*:000000000000004c hi2c4
C:\Users\hungv\AppData\Local\Temp\ccpT0dqa.s:506    .text.MX_SPI2_Init:0000000000000000 $t
C:\Users\hungv\AppData\Local\Temp\ccpT0dqa.s:512    .text.MX_SPI2_Init:0000000000000000 MX_SPI2_Init
C:\Users\hungv\AppData\Local\Temp\ccpT0dqa.s:582    .text.MX_SPI2_Init:000000000000003c $d
                            *COM*:0000000000000064 hspi2
C:\Users\hungv\AppData\Local\Temp\ccpT0dqa.s:588    .text.MX_USART1_UART_Init:0000000000000000 $t
C:\Users\hungv\AppData\Local\Temp\ccpT0dqa.s:594    .text.MX_USART1_UART_Init:0000000000000000 MX_USART1_UART_Init
C:\Users\hungv\AppData\Local\Temp\ccpT0dqa.s:649    .text.MX_USART1_UART_Init:0000000000000028 $d
                            *COM*:0000000000000080 huart1
C:\Users\hungv\AppData\Local\Temp\ccpT0dqa.s:655    .text.MX_USART2_UART_Init:0000000000000000 $t
C:\Users\hungv\AppData\Local\Temp\ccpT0dqa.s:661    .text.MX_USART2_UART_Init:0000000000000000 MX_USART2_UART_Init
C:\Users\hungv\AppData\Local\Temp\ccpT0dqa.s:717    .text.MX_USART2_UART_Init:000000000000002c $d
                            *COM*:0000000000000080 huart2
C:\Users\hungv\AppData\Local\Temp\ccpT0dqa.s:723    .text.SystemClock_Config:0000000000000000 $t
C:\Users\hungv\AppData\Local\Temp\ccpT0dqa.s:730    .text.SystemClock_Config:0000000000000000 SystemClock_Config
C:\Users\hungv\AppData\Local\Temp\ccpT0dqa.s:900    .text.SystemClock_Config:00000000000000b4 $d
C:\Users\hungv\AppData\Local\Temp\ccpT0dqa.s:907    .text.main:0000000000000000 $t
C:\Users\hungv\AppData\Local\Temp\ccpT0dqa.s:914    .text.main:0000000000000000 main
C:\Users\hungv\AppData\Local\Temp\ccpT0dqa.s:959    .text.Error_Handler:0000000000000000 $t
C:\Users\hungv\AppData\Local\Temp\ccpT0dqa.s:966    .text.Error_Handler:0000000000000000 Error_Handler

UNDEFINED SYMBOLS
HAL_GPIO_WritePin
HAL_GPIO_Init
HAL_I2C_Init
HAL_I2CEx_ConfigAnalogFilter
HAL_I2CEx_ConfigDigitalFilter
HAL_SPI_Init
HAL_UART_Init
memset
HAL_PWR_EnableBkUpAccess
HAL_RCC_OscConfig
HAL_RCC_ClockConfig
HAL_RCCEx_PeriphCLKConfig
HAL_Init
