ARM GAS  C:\Users\hungv\AppData\Local\Temp\cc5WQnD3.s 			page 1


   1              		.cpu cortex-m7
   2              		.eabi_attribute 28, 1
   3              		.eabi_attribute 20, 1
   4              		.eabi_attribute 21, 1
   5              		.eabi_attribute 23, 3
   6              		.eabi_attribute 24, 1
   7              		.eabi_attribute 25, 1
   8              		.eabi_attribute 26, 1
   9              		.eabi_attribute 30, 1
  10              		.eabi_attribute 34, 1
  11              		.eabi_attribute 18, 4
  12              		.file	"stm32f7xx_hal_msp.c"
  13              		.text
  14              	.Ltext0:
  15              		.cfi_sections	.debug_frame
  16              		.section	.text.HAL_MspInit,"ax",%progbits
  17              		.align	1
  18              		.global	HAL_MspInit
  19              		.arch armv7e-m
  20              		.syntax unified
  21              		.thumb
  22              		.thumb_func
  23              		.fpu fpv5-d16
  25              	HAL_MspInit:
  26              	.LFB141:
  27              		.file 1 "Src/stm32f7xx_hal_msp.c"
   1:Src/stm32f7xx_hal_msp.c **** /* USER CODE BEGIN Header */
   2:Src/stm32f7xx_hal_msp.c **** /**
   3:Src/stm32f7xx_hal_msp.c ****   ******************************************************************************
   4:Src/stm32f7xx_hal_msp.c ****   * File Name          : stm32f7xx_hal_msp.c
   5:Src/stm32f7xx_hal_msp.c ****   * Description        : This file provides code for the MSP Initialization 
   6:Src/stm32f7xx_hal_msp.c ****   *                      and de-Initialization codes.
   7:Src/stm32f7xx_hal_msp.c ****   ******************************************************************************
   8:Src/stm32f7xx_hal_msp.c ****   * @attention
   9:Src/stm32f7xx_hal_msp.c ****   *
  10:Src/stm32f7xx_hal_msp.c ****   * <h2><center>&copy; Copyright (c) 2020 STMicroelectronics.
  11:Src/stm32f7xx_hal_msp.c ****   * All rights reserved.</center></h2>
  12:Src/stm32f7xx_hal_msp.c ****   *
  13:Src/stm32f7xx_hal_msp.c ****   * This software component is licensed by ST under BSD 3-Clause license,
  14:Src/stm32f7xx_hal_msp.c ****   * the "License"; You may not use this file except in compliance with the
  15:Src/stm32f7xx_hal_msp.c ****   * License. You may obtain a copy of the License at:
  16:Src/stm32f7xx_hal_msp.c ****   *                        opensource.org/licenses/BSD-3-Clause
  17:Src/stm32f7xx_hal_msp.c ****   *
  18:Src/stm32f7xx_hal_msp.c ****   ******************************************************************************
  19:Src/stm32f7xx_hal_msp.c ****   */
  20:Src/stm32f7xx_hal_msp.c **** /* USER CODE END Header */
  21:Src/stm32f7xx_hal_msp.c **** 
  22:Src/stm32f7xx_hal_msp.c **** /* Includes ------------------------------------------------------------------*/
  23:Src/stm32f7xx_hal_msp.c **** #include "main.h"
  24:Src/stm32f7xx_hal_msp.c **** /* USER CODE BEGIN Includes */
  25:Src/stm32f7xx_hal_msp.c **** 
  26:Src/stm32f7xx_hal_msp.c **** /* USER CODE END Includes */
  27:Src/stm32f7xx_hal_msp.c **** 
  28:Src/stm32f7xx_hal_msp.c **** /* Private typedef -----------------------------------------------------------*/
  29:Src/stm32f7xx_hal_msp.c **** /* USER CODE BEGIN TD */
  30:Src/stm32f7xx_hal_msp.c **** 
  31:Src/stm32f7xx_hal_msp.c **** /* USER CODE END TD */
ARM GAS  C:\Users\hungv\AppData\Local\Temp\cc5WQnD3.s 			page 2


  32:Src/stm32f7xx_hal_msp.c **** 
  33:Src/stm32f7xx_hal_msp.c **** /* Private define ------------------------------------------------------------*/
  34:Src/stm32f7xx_hal_msp.c **** /* USER CODE BEGIN Define */
  35:Src/stm32f7xx_hal_msp.c ****  
  36:Src/stm32f7xx_hal_msp.c **** /* USER CODE END Define */
  37:Src/stm32f7xx_hal_msp.c **** 
  38:Src/stm32f7xx_hal_msp.c **** /* Private macro -------------------------------------------------------------*/
  39:Src/stm32f7xx_hal_msp.c **** /* USER CODE BEGIN Macro */
  40:Src/stm32f7xx_hal_msp.c **** 
  41:Src/stm32f7xx_hal_msp.c **** /* USER CODE END Macro */
  42:Src/stm32f7xx_hal_msp.c **** 
  43:Src/stm32f7xx_hal_msp.c **** /* Private variables ---------------------------------------------------------*/
  44:Src/stm32f7xx_hal_msp.c **** /* USER CODE BEGIN PV */
  45:Src/stm32f7xx_hal_msp.c **** 
  46:Src/stm32f7xx_hal_msp.c **** /* USER CODE END PV */
  47:Src/stm32f7xx_hal_msp.c **** 
  48:Src/stm32f7xx_hal_msp.c **** /* Private function prototypes -----------------------------------------------*/
  49:Src/stm32f7xx_hal_msp.c **** /* USER CODE BEGIN PFP */
  50:Src/stm32f7xx_hal_msp.c **** 
  51:Src/stm32f7xx_hal_msp.c **** /* USER CODE END PFP */
  52:Src/stm32f7xx_hal_msp.c **** 
  53:Src/stm32f7xx_hal_msp.c **** /* External functions --------------------------------------------------------*/
  54:Src/stm32f7xx_hal_msp.c **** /* USER CODE BEGIN ExternalFunctions */
  55:Src/stm32f7xx_hal_msp.c **** 
  56:Src/stm32f7xx_hal_msp.c **** /* USER CODE END ExternalFunctions */
  57:Src/stm32f7xx_hal_msp.c **** 
  58:Src/stm32f7xx_hal_msp.c **** /* USER CODE BEGIN 0 */
  59:Src/stm32f7xx_hal_msp.c **** 
  60:Src/stm32f7xx_hal_msp.c **** /* USER CODE END 0 */
  61:Src/stm32f7xx_hal_msp.c **** /**
  62:Src/stm32f7xx_hal_msp.c ****   * Initializes the Global MSP.
  63:Src/stm32f7xx_hal_msp.c ****   */
  64:Src/stm32f7xx_hal_msp.c **** void HAL_MspInit(void)
  65:Src/stm32f7xx_hal_msp.c **** {
  28              		.loc 1 65 1 view -0
  29              		.cfi_startproc
  30              		@ args = 0, pretend = 0, frame = 8
  31              		@ frame_needed = 0, uses_anonymous_args = 0
  32              		@ link register save eliminated.
  33 0000 82B0     		sub	sp, sp, #8
  34              	.LCFI0:
  35              		.cfi_def_cfa_offset 8
  66:Src/stm32f7xx_hal_msp.c ****   /* USER CODE BEGIN MspInit 0 */
  67:Src/stm32f7xx_hal_msp.c **** 
  68:Src/stm32f7xx_hal_msp.c ****   /* USER CODE END MspInit 0 */
  69:Src/stm32f7xx_hal_msp.c **** 
  70:Src/stm32f7xx_hal_msp.c ****   __HAL_RCC_PWR_CLK_ENABLE();
  36              		.loc 1 70 3 view .LVU1
  37              	.LBB2:
  38              		.loc 1 70 3 view .LVU2
  39              		.loc 1 70 3 view .LVU3
  40 0002 0A4B     		ldr	r3, .L3
  41 0004 1A6C     		ldr	r2, [r3, #64]
  42 0006 42F08052 		orr	r2, r2, #268435456
  43 000a 1A64     		str	r2, [r3, #64]
  44              		.loc 1 70 3 view .LVU4
  45 000c 1A6C     		ldr	r2, [r3, #64]
ARM GAS  C:\Users\hungv\AppData\Local\Temp\cc5WQnD3.s 			page 3


  46 000e 02F08052 		and	r2, r2, #268435456
  47 0012 0092     		str	r2, [sp]
  48              		.loc 1 70 3 view .LVU5
  49 0014 009A     		ldr	r2, [sp]
  50              	.LBE2:
  71:Src/stm32f7xx_hal_msp.c ****   __HAL_RCC_SYSCFG_CLK_ENABLE();
  51              		.loc 1 71 3 view .LVU6
  52              	.LBB3:
  53              		.loc 1 71 3 view .LVU7
  54              		.loc 1 71 3 view .LVU8
  55 0016 5A6C     		ldr	r2, [r3, #68]
  56 0018 42F48042 		orr	r2, r2, #16384
  57 001c 5A64     		str	r2, [r3, #68]
  58              		.loc 1 71 3 view .LVU9
  59 001e 5B6C     		ldr	r3, [r3, #68]
  60 0020 03F48043 		and	r3, r3, #16384
  61 0024 0193     		str	r3, [sp, #4]
  62              		.loc 1 71 3 view .LVU10
  63 0026 019B     		ldr	r3, [sp, #4]
  64              	.LBE3:
  72:Src/stm32f7xx_hal_msp.c **** 
  73:Src/stm32f7xx_hal_msp.c ****   /* System interrupt init*/
  74:Src/stm32f7xx_hal_msp.c **** 
  75:Src/stm32f7xx_hal_msp.c ****   /* USER CODE BEGIN MspInit 1 */
  76:Src/stm32f7xx_hal_msp.c **** 
  77:Src/stm32f7xx_hal_msp.c ****   /* USER CODE END MspInit 1 */
  78:Src/stm32f7xx_hal_msp.c **** }
  65              		.loc 1 78 1 is_stmt 0 view .LVU11
  66 0028 02B0     		add	sp, sp, #8
  67              	.LCFI1:
  68              		.cfi_def_cfa_offset 0
  69              		@ sp needed
  70 002a 7047     		bx	lr
  71              	.L4:
  72              		.align	2
  73              	.L3:
  74 002c 00380240 		.word	1073887232
  75              		.cfi_endproc
  76              	.LFE141:
  78              		.section	.text.HAL_I2C_MspInit,"ax",%progbits
  79              		.align	1
  80              		.global	HAL_I2C_MspInit
  81              		.syntax unified
  82              		.thumb
  83              		.thumb_func
  84              		.fpu fpv5-d16
  86              	HAL_I2C_MspInit:
  87              	.LVL0:
  88              	.LFB142:
  79:Src/stm32f7xx_hal_msp.c **** 
  80:Src/stm32f7xx_hal_msp.c **** /**
  81:Src/stm32f7xx_hal_msp.c **** * @brief I2C MSP Initialization
  82:Src/stm32f7xx_hal_msp.c **** * This function configures the hardware resources used in this example
  83:Src/stm32f7xx_hal_msp.c **** * @param hi2c: I2C handle pointer
  84:Src/stm32f7xx_hal_msp.c **** * @retval None
  85:Src/stm32f7xx_hal_msp.c **** */
  86:Src/stm32f7xx_hal_msp.c **** void HAL_I2C_MspInit(I2C_HandleTypeDef* hi2c)
ARM GAS  C:\Users\hungv\AppData\Local\Temp\cc5WQnD3.s 			page 4


  87:Src/stm32f7xx_hal_msp.c **** {
  89              		.loc 1 87 1 is_stmt 1 view -0
  90              		.cfi_startproc
  91              		@ args = 0, pretend = 0, frame = 40
  92              		@ frame_needed = 0, uses_anonymous_args = 0
  93              		.loc 1 87 1 is_stmt 0 view .LVU13
  94 0000 10B5     		push	{r4, lr}
  95              	.LCFI2:
  96              		.cfi_def_cfa_offset 8
  97              		.cfi_offset 4, -8
  98              		.cfi_offset 14, -4
  99 0002 8AB0     		sub	sp, sp, #40
 100              	.LCFI3:
 101              		.cfi_def_cfa_offset 48
  88:Src/stm32f7xx_hal_msp.c ****   GPIO_InitTypeDef GPIO_InitStruct = {0};
 102              		.loc 1 88 3 is_stmt 1 view .LVU14
 103              		.loc 1 88 20 is_stmt 0 view .LVU15
 104 0004 0023     		movs	r3, #0
 105 0006 0593     		str	r3, [sp, #20]
 106 0008 0693     		str	r3, [sp, #24]
 107 000a 0793     		str	r3, [sp, #28]
 108 000c 0893     		str	r3, [sp, #32]
 109 000e 0993     		str	r3, [sp, #36]
  89:Src/stm32f7xx_hal_msp.c ****   if(hi2c->Instance==I2C1)
 110              		.loc 1 89 3 is_stmt 1 view .LVU16
 111              		.loc 1 89 10 is_stmt 0 view .LVU17
 112 0010 0368     		ldr	r3, [r0]
 113              		.loc 1 89 5 view .LVU18
 114 0012 274A     		ldr	r2, .L11
 115 0014 9342     		cmp	r3, r2
 116 0016 04D0     		beq	.L9
  90:Src/stm32f7xx_hal_msp.c ****   {
  91:Src/stm32f7xx_hal_msp.c ****   /* USER CODE BEGIN I2C1_MspInit 0 */
  92:Src/stm32f7xx_hal_msp.c **** 
  93:Src/stm32f7xx_hal_msp.c ****   /* USER CODE END I2C1_MspInit 0 */
  94:Src/stm32f7xx_hal_msp.c ****   
  95:Src/stm32f7xx_hal_msp.c ****     __HAL_RCC_GPIOB_CLK_ENABLE();
  96:Src/stm32f7xx_hal_msp.c ****     /**I2C1 GPIO Configuration    
  97:Src/stm32f7xx_hal_msp.c ****     PB7     ------> I2C1_SDA
  98:Src/stm32f7xx_hal_msp.c ****     PB8     ------> I2C1_SCL 
  99:Src/stm32f7xx_hal_msp.c ****     */
 100:Src/stm32f7xx_hal_msp.c ****     GPIO_InitStruct.Pin = GPIO_PIN_7|GPIO_PIN_8;
 101:Src/stm32f7xx_hal_msp.c ****     GPIO_InitStruct.Mode = GPIO_MODE_AF_OD;
 102:Src/stm32f7xx_hal_msp.c ****     GPIO_InitStruct.Pull = GPIO_PULLUP;
 103:Src/stm32f7xx_hal_msp.c ****     GPIO_InitStruct.Speed = GPIO_SPEED_FREQ_VERY_HIGH;
 104:Src/stm32f7xx_hal_msp.c ****     GPIO_InitStruct.Alternate = GPIO_AF4_I2C1;
 105:Src/stm32f7xx_hal_msp.c ****     HAL_GPIO_Init(GPIOB, &GPIO_InitStruct);
 106:Src/stm32f7xx_hal_msp.c **** 
 107:Src/stm32f7xx_hal_msp.c ****     /* Peripheral clock enable */
 108:Src/stm32f7xx_hal_msp.c ****     __HAL_RCC_I2C1_CLK_ENABLE();
 109:Src/stm32f7xx_hal_msp.c ****   /* USER CODE BEGIN I2C1_MspInit 1 */
 110:Src/stm32f7xx_hal_msp.c **** 
 111:Src/stm32f7xx_hal_msp.c ****   /* USER CODE END I2C1_MspInit 1 */
 112:Src/stm32f7xx_hal_msp.c ****   }
 113:Src/stm32f7xx_hal_msp.c ****   else if(hi2c->Instance==I2C4)
 117              		.loc 1 113 8 is_stmt 1 view .LVU19
 118              		.loc 1 113 10 is_stmt 0 view .LVU20
ARM GAS  C:\Users\hungv\AppData\Local\Temp\cc5WQnD3.s 			page 5


 119 0018 264A     		ldr	r2, .L11+4
 120 001a 9342     		cmp	r3, r2
 121 001c 24D0     		beq	.L10
 122              	.LVL1:
 123              	.L5:
 114:Src/stm32f7xx_hal_msp.c ****   {
 115:Src/stm32f7xx_hal_msp.c ****   /* USER CODE BEGIN I2C4_MspInit 0 */
 116:Src/stm32f7xx_hal_msp.c **** 
 117:Src/stm32f7xx_hal_msp.c ****   /* USER CODE END I2C4_MspInit 0 */
 118:Src/stm32f7xx_hal_msp.c ****   
 119:Src/stm32f7xx_hal_msp.c ****     __HAL_RCC_GPIOF_CLK_ENABLE();
 120:Src/stm32f7xx_hal_msp.c ****     /**I2C4 GPIO Configuration    
 121:Src/stm32f7xx_hal_msp.c ****     PF14     ------> I2C4_SCL
 122:Src/stm32f7xx_hal_msp.c ****     PF15     ------> I2C4_SDA 
 123:Src/stm32f7xx_hal_msp.c ****     */
 124:Src/stm32f7xx_hal_msp.c ****     GPIO_InitStruct.Pin = GPIO_PIN_14|GPIO_PIN_15;
 125:Src/stm32f7xx_hal_msp.c ****     GPIO_InitStruct.Mode = GPIO_MODE_AF_OD;
 126:Src/stm32f7xx_hal_msp.c ****     GPIO_InitStruct.Pull = GPIO_PULLUP;
 127:Src/stm32f7xx_hal_msp.c ****     GPIO_InitStruct.Speed = GPIO_SPEED_FREQ_VERY_HIGH;
 128:Src/stm32f7xx_hal_msp.c ****     GPIO_InitStruct.Alternate = GPIO_AF4_I2C4;
 129:Src/stm32f7xx_hal_msp.c ****     HAL_GPIO_Init(GPIOF, &GPIO_InitStruct);
 130:Src/stm32f7xx_hal_msp.c **** 
 131:Src/stm32f7xx_hal_msp.c ****     /* Peripheral clock enable */
 132:Src/stm32f7xx_hal_msp.c ****     __HAL_RCC_I2C4_CLK_ENABLE();
 133:Src/stm32f7xx_hal_msp.c ****   /* USER CODE BEGIN I2C4_MspInit 1 */
 134:Src/stm32f7xx_hal_msp.c **** 
 135:Src/stm32f7xx_hal_msp.c ****   /* USER CODE END I2C4_MspInit 1 */
 136:Src/stm32f7xx_hal_msp.c ****   }
 137:Src/stm32f7xx_hal_msp.c **** 
 138:Src/stm32f7xx_hal_msp.c **** }
 124              		.loc 1 138 1 view .LVU21
 125 001e 0AB0     		add	sp, sp, #40
 126              	.LCFI4:
 127              		.cfi_remember_state
 128              		.cfi_def_cfa_offset 8
 129              		@ sp needed
 130 0020 10BD     		pop	{r4, pc}
 131              	.LVL2:
 132              	.L9:
 133              	.LCFI5:
 134              		.cfi_restore_state
  95:Src/stm32f7xx_hal_msp.c ****     /**I2C1 GPIO Configuration    
 135              		.loc 1 95 5 is_stmt 1 view .LVU22
 136              	.LBB4:
  95:Src/stm32f7xx_hal_msp.c ****     /**I2C1 GPIO Configuration    
 137              		.loc 1 95 5 view .LVU23
  95:Src/stm32f7xx_hal_msp.c ****     /**I2C1 GPIO Configuration    
 138              		.loc 1 95 5 view .LVU24
 139 0022 254C     		ldr	r4, .L11+8
 140 0024 236B     		ldr	r3, [r4, #48]
 141 0026 43F00203 		orr	r3, r3, #2
 142 002a 2363     		str	r3, [r4, #48]
  95:Src/stm32f7xx_hal_msp.c ****     /**I2C1 GPIO Configuration    
 143              		.loc 1 95 5 view .LVU25
 144 002c 236B     		ldr	r3, [r4, #48]
 145 002e 03F00203 		and	r3, r3, #2
 146 0032 0193     		str	r3, [sp, #4]
ARM GAS  C:\Users\hungv\AppData\Local\Temp\cc5WQnD3.s 			page 6


  95:Src/stm32f7xx_hal_msp.c ****     /**I2C1 GPIO Configuration    
 147              		.loc 1 95 5 view .LVU26
 148 0034 019B     		ldr	r3, [sp, #4]
 149              	.LBE4:
 100:Src/stm32f7xx_hal_msp.c ****     GPIO_InitStruct.Mode = GPIO_MODE_AF_OD;
 150              		.loc 1 100 5 view .LVU27
 100:Src/stm32f7xx_hal_msp.c ****     GPIO_InitStruct.Mode = GPIO_MODE_AF_OD;
 151              		.loc 1 100 25 is_stmt 0 view .LVU28
 152 0036 4FF4C073 		mov	r3, #384
 153 003a 0593     		str	r3, [sp, #20]
 101:Src/stm32f7xx_hal_msp.c ****     GPIO_InitStruct.Pull = GPIO_PULLUP;
 154              		.loc 1 101 5 is_stmt 1 view .LVU29
 101:Src/stm32f7xx_hal_msp.c ****     GPIO_InitStruct.Pull = GPIO_PULLUP;
 155              		.loc 1 101 26 is_stmt 0 view .LVU30
 156 003c 1223     		movs	r3, #18
 157 003e 0693     		str	r3, [sp, #24]
 102:Src/stm32f7xx_hal_msp.c ****     GPIO_InitStruct.Speed = GPIO_SPEED_FREQ_VERY_HIGH;
 158              		.loc 1 102 5 is_stmt 1 view .LVU31
 102:Src/stm32f7xx_hal_msp.c ****     GPIO_InitStruct.Speed = GPIO_SPEED_FREQ_VERY_HIGH;
 159              		.loc 1 102 26 is_stmt 0 view .LVU32
 160 0040 0123     		movs	r3, #1
 161 0042 0793     		str	r3, [sp, #28]
 103:Src/stm32f7xx_hal_msp.c ****     GPIO_InitStruct.Alternate = GPIO_AF4_I2C1;
 162              		.loc 1 103 5 is_stmt 1 view .LVU33
 103:Src/stm32f7xx_hal_msp.c ****     GPIO_InitStruct.Alternate = GPIO_AF4_I2C1;
 163              		.loc 1 103 27 is_stmt 0 view .LVU34
 164 0044 0323     		movs	r3, #3
 165 0046 0893     		str	r3, [sp, #32]
 104:Src/stm32f7xx_hal_msp.c ****     HAL_GPIO_Init(GPIOB, &GPIO_InitStruct);
 166              		.loc 1 104 5 is_stmt 1 view .LVU35
 104:Src/stm32f7xx_hal_msp.c ****     HAL_GPIO_Init(GPIOB, &GPIO_InitStruct);
 167              		.loc 1 104 31 is_stmt 0 view .LVU36
 168 0048 0423     		movs	r3, #4
 169 004a 0993     		str	r3, [sp, #36]
 105:Src/stm32f7xx_hal_msp.c **** 
 170              		.loc 1 105 5 is_stmt 1 view .LVU37
 171 004c 05A9     		add	r1, sp, #20
 172 004e 1B48     		ldr	r0, .L11+12
 173              	.LVL3:
 105:Src/stm32f7xx_hal_msp.c **** 
 174              		.loc 1 105 5 is_stmt 0 view .LVU38
 175 0050 FFF7FEFF 		bl	HAL_GPIO_Init
 176              	.LVL4:
 108:Src/stm32f7xx_hal_msp.c ****   /* USER CODE BEGIN I2C1_MspInit 1 */
 177              		.loc 1 108 5 is_stmt 1 view .LVU39
 178              	.LBB5:
 108:Src/stm32f7xx_hal_msp.c ****   /* USER CODE BEGIN I2C1_MspInit 1 */
 179              		.loc 1 108 5 view .LVU40
 108:Src/stm32f7xx_hal_msp.c ****   /* USER CODE BEGIN I2C1_MspInit 1 */
 180              		.loc 1 108 5 view .LVU41
 181 0054 236C     		ldr	r3, [r4, #64]
 182 0056 43F40013 		orr	r3, r3, #2097152
 183 005a 2364     		str	r3, [r4, #64]
 108:Src/stm32f7xx_hal_msp.c ****   /* USER CODE BEGIN I2C1_MspInit 1 */
 184              		.loc 1 108 5 view .LVU42
 185 005c 236C     		ldr	r3, [r4, #64]
 186 005e 03F40013 		and	r3, r3, #2097152
ARM GAS  C:\Users\hungv\AppData\Local\Temp\cc5WQnD3.s 			page 7


 187 0062 0293     		str	r3, [sp, #8]
 108:Src/stm32f7xx_hal_msp.c ****   /* USER CODE BEGIN I2C1_MspInit 1 */
 188              		.loc 1 108 5 view .LVU43
 189 0064 029B     		ldr	r3, [sp, #8]
 190              	.LBE5:
 191 0066 DAE7     		b	.L5
 192              	.LVL5:
 193              	.L10:
 119:Src/stm32f7xx_hal_msp.c ****     /**I2C4 GPIO Configuration    
 194              		.loc 1 119 5 view .LVU44
 195              	.LBB6:
 119:Src/stm32f7xx_hal_msp.c ****     /**I2C4 GPIO Configuration    
 196              		.loc 1 119 5 view .LVU45
 119:Src/stm32f7xx_hal_msp.c ****     /**I2C4 GPIO Configuration    
 197              		.loc 1 119 5 view .LVU46
 198 0068 134C     		ldr	r4, .L11+8
 199 006a 236B     		ldr	r3, [r4, #48]
 200 006c 43F02003 		orr	r3, r3, #32
 201 0070 2363     		str	r3, [r4, #48]
 119:Src/stm32f7xx_hal_msp.c ****     /**I2C4 GPIO Configuration    
 202              		.loc 1 119 5 view .LVU47
 203 0072 236B     		ldr	r3, [r4, #48]
 204 0074 03F02003 		and	r3, r3, #32
 205 0078 0393     		str	r3, [sp, #12]
 119:Src/stm32f7xx_hal_msp.c ****     /**I2C4 GPIO Configuration    
 206              		.loc 1 119 5 view .LVU48
 207 007a 039B     		ldr	r3, [sp, #12]
 208              	.LBE6:
 124:Src/stm32f7xx_hal_msp.c ****     GPIO_InitStruct.Mode = GPIO_MODE_AF_OD;
 209              		.loc 1 124 5 view .LVU49
 124:Src/stm32f7xx_hal_msp.c ****     GPIO_InitStruct.Mode = GPIO_MODE_AF_OD;
 210              		.loc 1 124 25 is_stmt 0 view .LVU50
 211 007c 4FF44043 		mov	r3, #49152
 212 0080 0593     		str	r3, [sp, #20]
 125:Src/stm32f7xx_hal_msp.c ****     GPIO_InitStruct.Pull = GPIO_PULLUP;
 213              		.loc 1 125 5 is_stmt 1 view .LVU51
 125:Src/stm32f7xx_hal_msp.c ****     GPIO_InitStruct.Pull = GPIO_PULLUP;
 214              		.loc 1 125 26 is_stmt 0 view .LVU52
 215 0082 1223     		movs	r3, #18
 216 0084 0693     		str	r3, [sp, #24]
 126:Src/stm32f7xx_hal_msp.c ****     GPIO_InitStruct.Speed = GPIO_SPEED_FREQ_VERY_HIGH;
 217              		.loc 1 126 5 is_stmt 1 view .LVU53
 126:Src/stm32f7xx_hal_msp.c ****     GPIO_InitStruct.Speed = GPIO_SPEED_FREQ_VERY_HIGH;
 218              		.loc 1 126 26 is_stmt 0 view .LVU54
 219 0086 0123     		movs	r3, #1
 220 0088 0793     		str	r3, [sp, #28]
 127:Src/stm32f7xx_hal_msp.c ****     GPIO_InitStruct.Alternate = GPIO_AF4_I2C4;
 221              		.loc 1 127 5 is_stmt 1 view .LVU55
 127:Src/stm32f7xx_hal_msp.c ****     GPIO_InitStruct.Alternate = GPIO_AF4_I2C4;
 222              		.loc 1 127 27 is_stmt 0 view .LVU56
 223 008a 0323     		movs	r3, #3
 224 008c 0893     		str	r3, [sp, #32]
 128:Src/stm32f7xx_hal_msp.c ****     HAL_GPIO_Init(GPIOF, &GPIO_InitStruct);
 225              		.loc 1 128 5 is_stmt 1 view .LVU57
 128:Src/stm32f7xx_hal_msp.c ****     HAL_GPIO_Init(GPIOF, &GPIO_InitStruct);
 226              		.loc 1 128 31 is_stmt 0 view .LVU58
 227 008e 0423     		movs	r3, #4
ARM GAS  C:\Users\hungv\AppData\Local\Temp\cc5WQnD3.s 			page 8


 228 0090 0993     		str	r3, [sp, #36]
 129:Src/stm32f7xx_hal_msp.c **** 
 229              		.loc 1 129 5 is_stmt 1 view .LVU59
 230 0092 05A9     		add	r1, sp, #20
 231 0094 0A48     		ldr	r0, .L11+16
 232              	.LVL6:
 129:Src/stm32f7xx_hal_msp.c **** 
 233              		.loc 1 129 5 is_stmt 0 view .LVU60
 234 0096 FFF7FEFF 		bl	HAL_GPIO_Init
 235              	.LVL7:
 132:Src/stm32f7xx_hal_msp.c ****   /* USER CODE BEGIN I2C4_MspInit 1 */
 236              		.loc 1 132 5 is_stmt 1 view .LVU61
 237              	.LBB7:
 132:Src/stm32f7xx_hal_msp.c ****   /* USER CODE BEGIN I2C4_MspInit 1 */
 238              		.loc 1 132 5 view .LVU62
 132:Src/stm32f7xx_hal_msp.c ****   /* USER CODE BEGIN I2C4_MspInit 1 */
 239              		.loc 1 132 5 view .LVU63
 240 009a 236C     		ldr	r3, [r4, #64]
 241 009c 43F08073 		orr	r3, r3, #16777216
 242 00a0 2364     		str	r3, [r4, #64]
 132:Src/stm32f7xx_hal_msp.c ****   /* USER CODE BEGIN I2C4_MspInit 1 */
 243              		.loc 1 132 5 view .LVU64
 244 00a2 236C     		ldr	r3, [r4, #64]
 245 00a4 03F08073 		and	r3, r3, #16777216
 246 00a8 0493     		str	r3, [sp, #16]
 132:Src/stm32f7xx_hal_msp.c ****   /* USER CODE BEGIN I2C4_MspInit 1 */
 247              		.loc 1 132 5 view .LVU65
 248 00aa 049B     		ldr	r3, [sp, #16]
 249              	.LBE7:
 250              		.loc 1 138 1 is_stmt 0 view .LVU66
 251 00ac B7E7     		b	.L5
 252              	.L12:
 253 00ae 00BF     		.align	2
 254              	.L11:
 255 00b0 00540040 		.word	1073763328
 256 00b4 00600040 		.word	1073766400
 257 00b8 00380240 		.word	1073887232
 258 00bc 00040240 		.word	1073873920
 259 00c0 00140240 		.word	1073878016
 260              		.cfi_endproc
 261              	.LFE142:
 263              		.section	.text.HAL_I2C_MspDeInit,"ax",%progbits
 264              		.align	1
 265              		.global	HAL_I2C_MspDeInit
 266              		.syntax unified
 267              		.thumb
 268              		.thumb_func
 269              		.fpu fpv5-d16
 271              	HAL_I2C_MspDeInit:
 272              	.LVL8:
 273              	.LFB143:
 139:Src/stm32f7xx_hal_msp.c **** 
 140:Src/stm32f7xx_hal_msp.c **** /**
 141:Src/stm32f7xx_hal_msp.c **** * @brief I2C MSP De-Initialization
 142:Src/stm32f7xx_hal_msp.c **** * This function freeze the hardware resources used in this example
 143:Src/stm32f7xx_hal_msp.c **** * @param hi2c: I2C handle pointer
 144:Src/stm32f7xx_hal_msp.c **** * @retval None
ARM GAS  C:\Users\hungv\AppData\Local\Temp\cc5WQnD3.s 			page 9


 145:Src/stm32f7xx_hal_msp.c **** */
 146:Src/stm32f7xx_hal_msp.c **** void HAL_I2C_MspDeInit(I2C_HandleTypeDef* hi2c)
 147:Src/stm32f7xx_hal_msp.c **** {
 274              		.loc 1 147 1 is_stmt 1 view -0
 275              		.cfi_startproc
 276              		@ args = 0, pretend = 0, frame = 0
 277              		@ frame_needed = 0, uses_anonymous_args = 0
 278              		.loc 1 147 1 is_stmt 0 view .LVU68
 279 0000 08B5     		push	{r3, lr}
 280              	.LCFI6:
 281              		.cfi_def_cfa_offset 8
 282              		.cfi_offset 3, -8
 283              		.cfi_offset 14, -4
 148:Src/stm32f7xx_hal_msp.c ****   if(hi2c->Instance==I2C1)
 284              		.loc 1 148 3 is_stmt 1 view .LVU69
 285              		.loc 1 148 10 is_stmt 0 view .LVU70
 286 0002 0368     		ldr	r3, [r0]
 287              		.loc 1 148 5 view .LVU71
 288 0004 0F4A     		ldr	r2, .L19
 289 0006 9342     		cmp	r3, r2
 290 0008 03D0     		beq	.L17
 149:Src/stm32f7xx_hal_msp.c ****   {
 150:Src/stm32f7xx_hal_msp.c ****   /* USER CODE BEGIN I2C1_MspDeInit 0 */
 151:Src/stm32f7xx_hal_msp.c **** 
 152:Src/stm32f7xx_hal_msp.c ****   /* USER CODE END I2C1_MspDeInit 0 */
 153:Src/stm32f7xx_hal_msp.c ****     /* Peripheral clock disable */
 154:Src/stm32f7xx_hal_msp.c ****     __HAL_RCC_I2C1_CLK_DISABLE();
 155:Src/stm32f7xx_hal_msp.c ****   
 156:Src/stm32f7xx_hal_msp.c ****     /**I2C1 GPIO Configuration    
 157:Src/stm32f7xx_hal_msp.c ****     PB7     ------> I2C1_SDA
 158:Src/stm32f7xx_hal_msp.c ****     PB8     ------> I2C1_SCL 
 159:Src/stm32f7xx_hal_msp.c ****     */
 160:Src/stm32f7xx_hal_msp.c ****     HAL_GPIO_DeInit(GPIOB, GPIO_PIN_7|GPIO_PIN_8);
 161:Src/stm32f7xx_hal_msp.c **** 
 162:Src/stm32f7xx_hal_msp.c ****   /* USER CODE BEGIN I2C1_MspDeInit 1 */
 163:Src/stm32f7xx_hal_msp.c **** 
 164:Src/stm32f7xx_hal_msp.c ****   /* USER CODE END I2C1_MspDeInit 1 */
 165:Src/stm32f7xx_hal_msp.c ****   }
 166:Src/stm32f7xx_hal_msp.c ****   else if(hi2c->Instance==I2C4)
 291              		.loc 1 166 8 is_stmt 1 view .LVU72
 292              		.loc 1 166 10 is_stmt 0 view .LVU73
 293 000a 0F4A     		ldr	r2, .L19+4
 294 000c 9342     		cmp	r3, r2
 295 000e 0CD0     		beq	.L18
 296              	.LVL9:
 297              	.L13:
 167:Src/stm32f7xx_hal_msp.c ****   {
 168:Src/stm32f7xx_hal_msp.c ****   /* USER CODE BEGIN I2C4_MspDeInit 0 */
 169:Src/stm32f7xx_hal_msp.c **** 
 170:Src/stm32f7xx_hal_msp.c ****   /* USER CODE END I2C4_MspDeInit 0 */
 171:Src/stm32f7xx_hal_msp.c ****     /* Peripheral clock disable */
 172:Src/stm32f7xx_hal_msp.c ****     __HAL_RCC_I2C4_CLK_DISABLE();
 173:Src/stm32f7xx_hal_msp.c ****   
 174:Src/stm32f7xx_hal_msp.c ****     /**I2C4 GPIO Configuration    
 175:Src/stm32f7xx_hal_msp.c ****     PF14     ------> I2C4_SCL
 176:Src/stm32f7xx_hal_msp.c ****     PF15     ------> I2C4_SDA 
 177:Src/stm32f7xx_hal_msp.c ****     */
ARM GAS  C:\Users\hungv\AppData\Local\Temp\cc5WQnD3.s 			page 10


 178:Src/stm32f7xx_hal_msp.c ****     HAL_GPIO_DeInit(GPIOF, GPIO_PIN_14|GPIO_PIN_15);
 179:Src/stm32f7xx_hal_msp.c **** 
 180:Src/stm32f7xx_hal_msp.c ****   /* USER CODE BEGIN I2C4_MspDeInit 1 */
 181:Src/stm32f7xx_hal_msp.c **** 
 182:Src/stm32f7xx_hal_msp.c ****   /* USER CODE END I2C4_MspDeInit 1 */
 183:Src/stm32f7xx_hal_msp.c ****   }
 184:Src/stm32f7xx_hal_msp.c **** 
 185:Src/stm32f7xx_hal_msp.c **** }
 298              		.loc 1 185 1 view .LVU74
 299 0010 08BD     		pop	{r3, pc}
 300              	.LVL10:
 301              	.L17:
 154:Src/stm32f7xx_hal_msp.c ****   
 302              		.loc 1 154 5 is_stmt 1 view .LVU75
 303 0012 02F5F232 		add	r2, r2, #123904
 304 0016 136C     		ldr	r3, [r2, #64]
 305 0018 23F40013 		bic	r3, r3, #2097152
 306 001c 1364     		str	r3, [r2, #64]
 160:Src/stm32f7xx_hal_msp.c **** 
 307              		.loc 1 160 5 view .LVU76
 308 001e 4FF4C071 		mov	r1, #384
 309 0022 0A48     		ldr	r0, .L19+8
 310              	.LVL11:
 160:Src/stm32f7xx_hal_msp.c **** 
 311              		.loc 1 160 5 is_stmt 0 view .LVU77
 312 0024 FFF7FEFF 		bl	HAL_GPIO_DeInit
 313              	.LVL12:
 314 0028 F2E7     		b	.L13
 315              	.LVL13:
 316              	.L18:
 172:Src/stm32f7xx_hal_msp.c ****   
 317              		.loc 1 172 5 is_stmt 1 view .LVU78
 318 002a 02F5EC32 		add	r2, r2, #120832
 319 002e 136C     		ldr	r3, [r2, #64]
 320 0030 23F08073 		bic	r3, r3, #16777216
 321 0034 1364     		str	r3, [r2, #64]
 178:Src/stm32f7xx_hal_msp.c **** 
 322              		.loc 1 178 5 view .LVU79
 323 0036 4FF44041 		mov	r1, #49152
 324 003a 0548     		ldr	r0, .L19+12
 325              	.LVL14:
 178:Src/stm32f7xx_hal_msp.c **** 
 326              		.loc 1 178 5 is_stmt 0 view .LVU80
 327 003c FFF7FEFF 		bl	HAL_GPIO_DeInit
 328              	.LVL15:
 329              		.loc 1 185 1 view .LVU81
 330 0040 E6E7     		b	.L13
 331              	.L20:
 332 0042 00BF     		.align	2
 333              	.L19:
 334 0044 00540040 		.word	1073763328
 335 0048 00600040 		.word	1073766400
 336 004c 00040240 		.word	1073873920
 337 0050 00140240 		.word	1073878016
 338              		.cfi_endproc
 339              	.LFE143:
 341              		.section	.text.HAL_SPI_MspInit,"ax",%progbits
ARM GAS  C:\Users\hungv\AppData\Local\Temp\cc5WQnD3.s 			page 11


 342              		.align	1
 343              		.global	HAL_SPI_MspInit
 344              		.syntax unified
 345              		.thumb
 346              		.thumb_func
 347              		.fpu fpv5-d16
 349              	HAL_SPI_MspInit:
 350              	.LVL16:
 351              	.LFB144:
 186:Src/stm32f7xx_hal_msp.c **** 
 187:Src/stm32f7xx_hal_msp.c **** /**
 188:Src/stm32f7xx_hal_msp.c **** * @brief SPI MSP Initialization
 189:Src/stm32f7xx_hal_msp.c **** * This function configures the hardware resources used in this example
 190:Src/stm32f7xx_hal_msp.c **** * @param hspi: SPI handle pointer
 191:Src/stm32f7xx_hal_msp.c **** * @retval None
 192:Src/stm32f7xx_hal_msp.c **** */
 193:Src/stm32f7xx_hal_msp.c **** void HAL_SPI_MspInit(SPI_HandleTypeDef* hspi)
 194:Src/stm32f7xx_hal_msp.c **** {
 352              		.loc 1 194 1 is_stmt 1 view -0
 353              		.cfi_startproc
 354              		@ args = 0, pretend = 0, frame = 32
 355              		@ frame_needed = 0, uses_anonymous_args = 0
 356              		.loc 1 194 1 is_stmt 0 view .LVU83
 357 0000 70B5     		push	{r4, r5, r6, lr}
 358              	.LCFI7:
 359              		.cfi_def_cfa_offset 16
 360              		.cfi_offset 4, -16
 361              		.cfi_offset 5, -12
 362              		.cfi_offset 6, -8
 363              		.cfi_offset 14, -4
 364 0002 88B0     		sub	sp, sp, #32
 365              	.LCFI8:
 366              		.cfi_def_cfa_offset 48
 195:Src/stm32f7xx_hal_msp.c ****   GPIO_InitTypeDef GPIO_InitStruct = {0};
 367              		.loc 1 195 3 is_stmt 1 view .LVU84
 368              		.loc 1 195 20 is_stmt 0 view .LVU85
 369 0004 0023     		movs	r3, #0
 370 0006 0393     		str	r3, [sp, #12]
 371 0008 0493     		str	r3, [sp, #16]
 372 000a 0593     		str	r3, [sp, #20]
 373 000c 0693     		str	r3, [sp, #24]
 374 000e 0793     		str	r3, [sp, #28]
 196:Src/stm32f7xx_hal_msp.c ****   if(hspi->Instance==SPI2)
 375              		.loc 1 196 3 is_stmt 1 view .LVU86
 376              		.loc 1 196 10 is_stmt 0 view .LVU87
 377 0010 0268     		ldr	r2, [r0]
 378              		.loc 1 196 5 view .LVU88
 379 0012 1D4B     		ldr	r3, .L25
 380 0014 9A42     		cmp	r2, r3
 381 0016 01D0     		beq	.L24
 382              	.LVL17:
 383              	.L21:
 197:Src/stm32f7xx_hal_msp.c ****   {
 198:Src/stm32f7xx_hal_msp.c ****   /* USER CODE BEGIN SPI2_MspInit 0 */
 199:Src/stm32f7xx_hal_msp.c **** 
 200:Src/stm32f7xx_hal_msp.c ****   /* USER CODE END SPI2_MspInit 0 */
 201:Src/stm32f7xx_hal_msp.c ****     /* Peripheral clock enable */
ARM GAS  C:\Users\hungv\AppData\Local\Temp\cc5WQnD3.s 			page 12


 202:Src/stm32f7xx_hal_msp.c ****     __HAL_RCC_SPI2_CLK_ENABLE();
 203:Src/stm32f7xx_hal_msp.c ****   
 204:Src/stm32f7xx_hal_msp.c ****     __HAL_RCC_GPIOC_CLK_ENABLE();
 205:Src/stm32f7xx_hal_msp.c ****     __HAL_RCC_GPIOB_CLK_ENABLE();
 206:Src/stm32f7xx_hal_msp.c ****     /**SPI2 GPIO Configuration    
 207:Src/stm32f7xx_hal_msp.c ****     PC1     ------> SPI2_MOSI
 208:Src/stm32f7xx_hal_msp.c ****     PC2     ------> SPI2_MISO
 209:Src/stm32f7xx_hal_msp.c ****     PB12     ------> SPI2_NSS
 210:Src/stm32f7xx_hal_msp.c ****     PB13     ------> SPI2_SCK 
 211:Src/stm32f7xx_hal_msp.c ****     */
 212:Src/stm32f7xx_hal_msp.c ****     GPIO_InitStruct.Pin = GPIO_PIN_1|GPIO_PIN_2;
 213:Src/stm32f7xx_hal_msp.c ****     GPIO_InitStruct.Mode = GPIO_MODE_AF_PP;
 214:Src/stm32f7xx_hal_msp.c ****     GPIO_InitStruct.Pull = GPIO_NOPULL;
 215:Src/stm32f7xx_hal_msp.c ****     GPIO_InitStruct.Speed = GPIO_SPEED_FREQ_VERY_HIGH;
 216:Src/stm32f7xx_hal_msp.c ****     GPIO_InitStruct.Alternate = GPIO_AF5_SPI2;
 217:Src/stm32f7xx_hal_msp.c ****     HAL_GPIO_Init(GPIOC, &GPIO_InitStruct);
 218:Src/stm32f7xx_hal_msp.c **** 
 219:Src/stm32f7xx_hal_msp.c ****     GPIO_InitStruct.Pin = GPIO_PIN_12|GPIO_PIN_13;
 220:Src/stm32f7xx_hal_msp.c ****     GPIO_InitStruct.Mode = GPIO_MODE_AF_PP;
 221:Src/stm32f7xx_hal_msp.c ****     GPIO_InitStruct.Pull = GPIO_NOPULL;
 222:Src/stm32f7xx_hal_msp.c ****     GPIO_InitStruct.Speed = GPIO_SPEED_FREQ_VERY_HIGH;
 223:Src/stm32f7xx_hal_msp.c ****     GPIO_InitStruct.Alternate = GPIO_AF5_SPI2;
 224:Src/stm32f7xx_hal_msp.c ****     HAL_GPIO_Init(GPIOB, &GPIO_InitStruct);
 225:Src/stm32f7xx_hal_msp.c **** 
 226:Src/stm32f7xx_hal_msp.c ****   /* USER CODE BEGIN SPI2_MspInit 1 */
 227:Src/stm32f7xx_hal_msp.c **** 
 228:Src/stm32f7xx_hal_msp.c ****   /* USER CODE END SPI2_MspInit 1 */
 229:Src/stm32f7xx_hal_msp.c ****   }
 230:Src/stm32f7xx_hal_msp.c **** 
 231:Src/stm32f7xx_hal_msp.c **** }
 384              		.loc 1 231 1 view .LVU89
 385 0018 08B0     		add	sp, sp, #32
 386              	.LCFI9:
 387              		.cfi_remember_state
 388              		.cfi_def_cfa_offset 16
 389              		@ sp needed
 390 001a 70BD     		pop	{r4, r5, r6, pc}
 391              	.LVL18:
 392              	.L24:
 393              	.LCFI10:
 394              		.cfi_restore_state
 202:Src/stm32f7xx_hal_msp.c ****   
 395              		.loc 1 202 5 is_stmt 1 view .LVU90
 396              	.LBB8:
 202:Src/stm32f7xx_hal_msp.c ****   
 397              		.loc 1 202 5 view .LVU91
 202:Src/stm32f7xx_hal_msp.c ****   
 398              		.loc 1 202 5 view .LVU92
 399 001c 03F50033 		add	r3, r3, #131072
 400 0020 1A6C     		ldr	r2, [r3, #64]
 401 0022 42F48042 		orr	r2, r2, #16384
 402 0026 1A64     		str	r2, [r3, #64]
 202:Src/stm32f7xx_hal_msp.c ****   
 403              		.loc 1 202 5 view .LVU93
 404 0028 1A6C     		ldr	r2, [r3, #64]
 405 002a 02F48042 		and	r2, r2, #16384
 406 002e 0092     		str	r2, [sp]
ARM GAS  C:\Users\hungv\AppData\Local\Temp\cc5WQnD3.s 			page 13


 202:Src/stm32f7xx_hal_msp.c ****   
 407              		.loc 1 202 5 view .LVU94
 408 0030 009A     		ldr	r2, [sp]
 409              	.LBE8:
 204:Src/stm32f7xx_hal_msp.c ****     __HAL_RCC_GPIOB_CLK_ENABLE();
 410              		.loc 1 204 5 view .LVU95
 411              	.LBB9:
 204:Src/stm32f7xx_hal_msp.c ****     __HAL_RCC_GPIOB_CLK_ENABLE();
 412              		.loc 1 204 5 view .LVU96
 204:Src/stm32f7xx_hal_msp.c ****     __HAL_RCC_GPIOB_CLK_ENABLE();
 413              		.loc 1 204 5 view .LVU97
 414 0032 1A6B     		ldr	r2, [r3, #48]
 415 0034 42F00402 		orr	r2, r2, #4
 416 0038 1A63     		str	r2, [r3, #48]
 204:Src/stm32f7xx_hal_msp.c ****     __HAL_RCC_GPIOB_CLK_ENABLE();
 417              		.loc 1 204 5 view .LVU98
 418 003a 1A6B     		ldr	r2, [r3, #48]
 419 003c 02F00402 		and	r2, r2, #4
 420 0040 0192     		str	r2, [sp, #4]
 204:Src/stm32f7xx_hal_msp.c ****     __HAL_RCC_GPIOB_CLK_ENABLE();
 421              		.loc 1 204 5 view .LVU99
 422 0042 019A     		ldr	r2, [sp, #4]
 423              	.LBE9:
 205:Src/stm32f7xx_hal_msp.c ****     /**SPI2 GPIO Configuration    
 424              		.loc 1 205 5 view .LVU100
 425              	.LBB10:
 205:Src/stm32f7xx_hal_msp.c ****     /**SPI2 GPIO Configuration    
 426              		.loc 1 205 5 view .LVU101
 205:Src/stm32f7xx_hal_msp.c ****     /**SPI2 GPIO Configuration    
 427              		.loc 1 205 5 view .LVU102
 428 0044 1A6B     		ldr	r2, [r3, #48]
 429 0046 42F00202 		orr	r2, r2, #2
 430 004a 1A63     		str	r2, [r3, #48]
 205:Src/stm32f7xx_hal_msp.c ****     /**SPI2 GPIO Configuration    
 431              		.loc 1 205 5 view .LVU103
 432 004c 1B6B     		ldr	r3, [r3, #48]
 433 004e 03F00203 		and	r3, r3, #2
 434 0052 0293     		str	r3, [sp, #8]
 205:Src/stm32f7xx_hal_msp.c ****     /**SPI2 GPIO Configuration    
 435              		.loc 1 205 5 view .LVU104
 436 0054 029B     		ldr	r3, [sp, #8]
 437              	.LBE10:
 212:Src/stm32f7xx_hal_msp.c ****     GPIO_InitStruct.Mode = GPIO_MODE_AF_PP;
 438              		.loc 1 212 5 view .LVU105
 212:Src/stm32f7xx_hal_msp.c ****     GPIO_InitStruct.Mode = GPIO_MODE_AF_PP;
 439              		.loc 1 212 25 is_stmt 0 view .LVU106
 440 0056 0623     		movs	r3, #6
 441 0058 0393     		str	r3, [sp, #12]
 213:Src/stm32f7xx_hal_msp.c ****     GPIO_InitStruct.Pull = GPIO_NOPULL;
 442              		.loc 1 213 5 is_stmt 1 view .LVU107
 213:Src/stm32f7xx_hal_msp.c ****     GPIO_InitStruct.Pull = GPIO_NOPULL;
 443              		.loc 1 213 26 is_stmt 0 view .LVU108
 444 005a 0226     		movs	r6, #2
 445 005c 0496     		str	r6, [sp, #16]
 214:Src/stm32f7xx_hal_msp.c ****     GPIO_InitStruct.Speed = GPIO_SPEED_FREQ_VERY_HIGH;
 446              		.loc 1 214 5 is_stmt 1 view .LVU109
 215:Src/stm32f7xx_hal_msp.c ****     GPIO_InitStruct.Alternate = GPIO_AF5_SPI2;
ARM GAS  C:\Users\hungv\AppData\Local\Temp\cc5WQnD3.s 			page 14


 447              		.loc 1 215 5 view .LVU110
 215:Src/stm32f7xx_hal_msp.c ****     GPIO_InitStruct.Alternate = GPIO_AF5_SPI2;
 448              		.loc 1 215 27 is_stmt 0 view .LVU111
 449 005e 0325     		movs	r5, #3
 450 0060 0695     		str	r5, [sp, #24]
 216:Src/stm32f7xx_hal_msp.c ****     HAL_GPIO_Init(GPIOC, &GPIO_InitStruct);
 451              		.loc 1 216 5 is_stmt 1 view .LVU112
 216:Src/stm32f7xx_hal_msp.c ****     HAL_GPIO_Init(GPIOC, &GPIO_InitStruct);
 452              		.loc 1 216 31 is_stmt 0 view .LVU113
 453 0062 0524     		movs	r4, #5
 454 0064 0794     		str	r4, [sp, #28]
 217:Src/stm32f7xx_hal_msp.c **** 
 455              		.loc 1 217 5 is_stmt 1 view .LVU114
 456 0066 03A9     		add	r1, sp, #12
 457 0068 0848     		ldr	r0, .L25+4
 458              	.LVL19:
 217:Src/stm32f7xx_hal_msp.c **** 
 459              		.loc 1 217 5 is_stmt 0 view .LVU115
 460 006a FFF7FEFF 		bl	HAL_GPIO_Init
 461              	.LVL20:
 219:Src/stm32f7xx_hal_msp.c ****     GPIO_InitStruct.Mode = GPIO_MODE_AF_PP;
 462              		.loc 1 219 5 is_stmt 1 view .LVU116
 219:Src/stm32f7xx_hal_msp.c ****     GPIO_InitStruct.Mode = GPIO_MODE_AF_PP;
 463              		.loc 1 219 25 is_stmt 0 view .LVU117
 464 006e 4FF44053 		mov	r3, #12288
 465 0072 0393     		str	r3, [sp, #12]
 220:Src/stm32f7xx_hal_msp.c ****     GPIO_InitStruct.Pull = GPIO_NOPULL;
 466              		.loc 1 220 5 is_stmt 1 view .LVU118
 220:Src/stm32f7xx_hal_msp.c ****     GPIO_InitStruct.Pull = GPIO_NOPULL;
 467              		.loc 1 220 26 is_stmt 0 view .LVU119
 468 0074 0496     		str	r6, [sp, #16]
 221:Src/stm32f7xx_hal_msp.c ****     GPIO_InitStruct.Speed = GPIO_SPEED_FREQ_VERY_HIGH;
 469              		.loc 1 221 5 is_stmt 1 view .LVU120
 221:Src/stm32f7xx_hal_msp.c ****     GPIO_InitStruct.Speed = GPIO_SPEED_FREQ_VERY_HIGH;
 470              		.loc 1 221 26 is_stmt 0 view .LVU121
 471 0076 0023     		movs	r3, #0
 472 0078 0593     		str	r3, [sp, #20]
 222:Src/stm32f7xx_hal_msp.c ****     GPIO_InitStruct.Alternate = GPIO_AF5_SPI2;
 473              		.loc 1 222 5 is_stmt 1 view .LVU122
 222:Src/stm32f7xx_hal_msp.c ****     GPIO_InitStruct.Alternate = GPIO_AF5_SPI2;
 474              		.loc 1 222 27 is_stmt 0 view .LVU123
 475 007a 0695     		str	r5, [sp, #24]
 223:Src/stm32f7xx_hal_msp.c ****     HAL_GPIO_Init(GPIOB, &GPIO_InitStruct);
 476              		.loc 1 223 5 is_stmt 1 view .LVU124
 223:Src/stm32f7xx_hal_msp.c ****     HAL_GPIO_Init(GPIOB, &GPIO_InitStruct);
 477              		.loc 1 223 31 is_stmt 0 view .LVU125
 478 007c 0794     		str	r4, [sp, #28]
 224:Src/stm32f7xx_hal_msp.c **** 
 479              		.loc 1 224 5 is_stmt 1 view .LVU126
 480 007e 03A9     		add	r1, sp, #12
 481 0080 0348     		ldr	r0, .L25+8
 482 0082 FFF7FEFF 		bl	HAL_GPIO_Init
 483              	.LVL21:
 484              		.loc 1 231 1 is_stmt 0 view .LVU127
 485 0086 C7E7     		b	.L21
 486              	.L26:
 487              		.align	2
ARM GAS  C:\Users\hungv\AppData\Local\Temp\cc5WQnD3.s 			page 15


 488              	.L25:
 489 0088 00380040 		.word	1073756160
 490 008c 00080240 		.word	1073874944
 491 0090 00040240 		.word	1073873920
 492              		.cfi_endproc
 493              	.LFE144:
 495              		.section	.text.HAL_SPI_MspDeInit,"ax",%progbits
 496              		.align	1
 497              		.global	HAL_SPI_MspDeInit
 498              		.syntax unified
 499              		.thumb
 500              		.thumb_func
 501              		.fpu fpv5-d16
 503              	HAL_SPI_MspDeInit:
 504              	.LVL22:
 505              	.LFB145:
 232:Src/stm32f7xx_hal_msp.c **** 
 233:Src/stm32f7xx_hal_msp.c **** /**
 234:Src/stm32f7xx_hal_msp.c **** * @brief SPI MSP De-Initialization
 235:Src/stm32f7xx_hal_msp.c **** * This function freeze the hardware resources used in this example
 236:Src/stm32f7xx_hal_msp.c **** * @param hspi: SPI handle pointer
 237:Src/stm32f7xx_hal_msp.c **** * @retval None
 238:Src/stm32f7xx_hal_msp.c **** */
 239:Src/stm32f7xx_hal_msp.c **** void HAL_SPI_MspDeInit(SPI_HandleTypeDef* hspi)
 240:Src/stm32f7xx_hal_msp.c **** {
 506              		.loc 1 240 1 is_stmt 1 view -0
 507              		.cfi_startproc
 508              		@ args = 0, pretend = 0, frame = 0
 509              		@ frame_needed = 0, uses_anonymous_args = 0
 510              		.loc 1 240 1 is_stmt 0 view .LVU129
 511 0000 08B5     		push	{r3, lr}
 512              	.LCFI11:
 513              		.cfi_def_cfa_offset 8
 514              		.cfi_offset 3, -8
 515              		.cfi_offset 14, -4
 241:Src/stm32f7xx_hal_msp.c ****   if(hspi->Instance==SPI2)
 516              		.loc 1 241 3 is_stmt 1 view .LVU130
 517              		.loc 1 241 10 is_stmt 0 view .LVU131
 518 0002 0268     		ldr	r2, [r0]
 519              		.loc 1 241 5 view .LVU132
 520 0004 094B     		ldr	r3, .L31
 521 0006 9A42     		cmp	r2, r3
 522 0008 00D0     		beq	.L30
 523              	.LVL23:
 524              	.L27:
 242:Src/stm32f7xx_hal_msp.c ****   {
 243:Src/stm32f7xx_hal_msp.c ****   /* USER CODE BEGIN SPI2_MspDeInit 0 */
 244:Src/stm32f7xx_hal_msp.c **** 
 245:Src/stm32f7xx_hal_msp.c ****   /* USER CODE END SPI2_MspDeInit 0 */
 246:Src/stm32f7xx_hal_msp.c ****     /* Peripheral clock disable */
 247:Src/stm32f7xx_hal_msp.c ****     __HAL_RCC_SPI2_CLK_DISABLE();
 248:Src/stm32f7xx_hal_msp.c ****   
 249:Src/stm32f7xx_hal_msp.c ****     /**SPI2 GPIO Configuration    
 250:Src/stm32f7xx_hal_msp.c ****     PC1     ------> SPI2_MOSI
 251:Src/stm32f7xx_hal_msp.c ****     PC2     ------> SPI2_MISO
 252:Src/stm32f7xx_hal_msp.c ****     PB12     ------> SPI2_NSS
 253:Src/stm32f7xx_hal_msp.c ****     PB13     ------> SPI2_SCK 
ARM GAS  C:\Users\hungv\AppData\Local\Temp\cc5WQnD3.s 			page 16


 254:Src/stm32f7xx_hal_msp.c ****     */
 255:Src/stm32f7xx_hal_msp.c ****     HAL_GPIO_DeInit(GPIOC, GPIO_PIN_1|GPIO_PIN_2);
 256:Src/stm32f7xx_hal_msp.c **** 
 257:Src/stm32f7xx_hal_msp.c ****     HAL_GPIO_DeInit(GPIOB, GPIO_PIN_12|GPIO_PIN_13);
 258:Src/stm32f7xx_hal_msp.c **** 
 259:Src/stm32f7xx_hal_msp.c ****   /* USER CODE BEGIN SPI2_MspDeInit 1 */
 260:Src/stm32f7xx_hal_msp.c **** 
 261:Src/stm32f7xx_hal_msp.c ****   /* USER CODE END SPI2_MspDeInit 1 */
 262:Src/stm32f7xx_hal_msp.c ****   }
 263:Src/stm32f7xx_hal_msp.c **** 
 264:Src/stm32f7xx_hal_msp.c **** }
 525              		.loc 1 264 1 view .LVU133
 526 000a 08BD     		pop	{r3, pc}
 527              	.LVL24:
 528              	.L30:
 247:Src/stm32f7xx_hal_msp.c ****   
 529              		.loc 1 247 5 is_stmt 1 view .LVU134
 530 000c 084A     		ldr	r2, .L31+4
 531 000e 136C     		ldr	r3, [r2, #64]
 532 0010 23F48043 		bic	r3, r3, #16384
 533 0014 1364     		str	r3, [r2, #64]
 255:Src/stm32f7xx_hal_msp.c **** 
 534              		.loc 1 255 5 view .LVU135
 535 0016 0621     		movs	r1, #6
 536 0018 0648     		ldr	r0, .L31+8
 537              	.LVL25:
 255:Src/stm32f7xx_hal_msp.c **** 
 538              		.loc 1 255 5 is_stmt 0 view .LVU136
 539 001a FFF7FEFF 		bl	HAL_GPIO_DeInit
 540              	.LVL26:
 257:Src/stm32f7xx_hal_msp.c **** 
 541              		.loc 1 257 5 is_stmt 1 view .LVU137
 542 001e 4FF44051 		mov	r1, #12288
 543 0022 0548     		ldr	r0, .L31+12
 544 0024 FFF7FEFF 		bl	HAL_GPIO_DeInit
 545              	.LVL27:
 546              		.loc 1 264 1 is_stmt 0 view .LVU138
 547 0028 EFE7     		b	.L27
 548              	.L32:
 549 002a 00BF     		.align	2
 550              	.L31:
 551 002c 00380040 		.word	1073756160
 552 0030 00380240 		.word	1073887232
 553 0034 00080240 		.word	1073874944
 554 0038 00040240 		.word	1073873920
 555              		.cfi_endproc
 556              	.LFE145:
 558              		.section	.text.HAL_UART_MspInit,"ax",%progbits
 559              		.align	1
 560              		.global	HAL_UART_MspInit
 561              		.syntax unified
 562              		.thumb
 563              		.thumb_func
 564              		.fpu fpv5-d16
 566              	HAL_UART_MspInit:
 567              	.LVL28:
 568              	.LFB146:
ARM GAS  C:\Users\hungv\AppData\Local\Temp\cc5WQnD3.s 			page 17


 265:Src/stm32f7xx_hal_msp.c **** 
 266:Src/stm32f7xx_hal_msp.c **** /**
 267:Src/stm32f7xx_hal_msp.c **** * @brief UART MSP Initialization
 268:Src/stm32f7xx_hal_msp.c **** * This function configures the hardware resources used in this example
 269:Src/stm32f7xx_hal_msp.c **** * @param huart: UART handle pointer
 270:Src/stm32f7xx_hal_msp.c **** * @retval None
 271:Src/stm32f7xx_hal_msp.c **** */
 272:Src/stm32f7xx_hal_msp.c **** void HAL_UART_MspInit(UART_HandleTypeDef* huart)
 273:Src/stm32f7xx_hal_msp.c **** {
 569              		.loc 1 273 1 is_stmt 1 view -0
 570              		.cfi_startproc
 571              		@ args = 0, pretend = 0, frame = 40
 572              		@ frame_needed = 0, uses_anonymous_args = 0
 573              		.loc 1 273 1 is_stmt 0 view .LVU140
 574 0000 00B5     		push	{lr}
 575              	.LCFI12:
 576              		.cfi_def_cfa_offset 4
 577              		.cfi_offset 14, -4
 578 0002 8BB0     		sub	sp, sp, #44
 579              	.LCFI13:
 580              		.cfi_def_cfa_offset 48
 274:Src/stm32f7xx_hal_msp.c ****   GPIO_InitTypeDef GPIO_InitStruct = {0};
 581              		.loc 1 274 3 is_stmt 1 view .LVU141
 582              		.loc 1 274 20 is_stmt 0 view .LVU142
 583 0004 0023     		movs	r3, #0
 584 0006 0593     		str	r3, [sp, #20]
 585 0008 0693     		str	r3, [sp, #24]
 586 000a 0793     		str	r3, [sp, #28]
 587 000c 0893     		str	r3, [sp, #32]
 588 000e 0993     		str	r3, [sp, #36]
 275:Src/stm32f7xx_hal_msp.c ****   if(huart->Instance==USART1)
 589              		.loc 1 275 3 is_stmt 1 view .LVU143
 590              		.loc 1 275 11 is_stmt 0 view .LVU144
 591 0010 0368     		ldr	r3, [r0]
 592              		.loc 1 275 5 view .LVU145
 593 0012 254A     		ldr	r2, .L39
 594 0014 9342     		cmp	r3, r2
 595 0016 05D0     		beq	.L37
 276:Src/stm32f7xx_hal_msp.c ****   {
 277:Src/stm32f7xx_hal_msp.c ****   /* USER CODE BEGIN USART1_MspInit 0 */
 278:Src/stm32f7xx_hal_msp.c **** 
 279:Src/stm32f7xx_hal_msp.c ****   /* USER CODE END USART1_MspInit 0 */
 280:Src/stm32f7xx_hal_msp.c ****     /* Peripheral clock enable */
 281:Src/stm32f7xx_hal_msp.c ****     __HAL_RCC_USART1_CLK_ENABLE();
 282:Src/stm32f7xx_hal_msp.c ****   
 283:Src/stm32f7xx_hal_msp.c ****     __HAL_RCC_GPIOB_CLK_ENABLE();
 284:Src/stm32f7xx_hal_msp.c ****     /**USART1 GPIO Configuration    
 285:Src/stm32f7xx_hal_msp.c ****     PB14     ------> USART1_TX
 286:Src/stm32f7xx_hal_msp.c ****     PB15     ------> USART1_RX 
 287:Src/stm32f7xx_hal_msp.c ****     */
 288:Src/stm32f7xx_hal_msp.c ****     GPIO_InitStruct.Pin = GPIO_PIN_14|GPIO_PIN_15;
 289:Src/stm32f7xx_hal_msp.c ****     GPIO_InitStruct.Mode = GPIO_MODE_AF_PP;
 290:Src/stm32f7xx_hal_msp.c ****     GPIO_InitStruct.Pull = GPIO_NOPULL;
 291:Src/stm32f7xx_hal_msp.c ****     GPIO_InitStruct.Speed = GPIO_SPEED_FREQ_VERY_HIGH;
 292:Src/stm32f7xx_hal_msp.c ****     GPIO_InitStruct.Alternate = GPIO_AF4_USART1;
 293:Src/stm32f7xx_hal_msp.c ****     HAL_GPIO_Init(GPIOB, &GPIO_InitStruct);
 294:Src/stm32f7xx_hal_msp.c **** 
ARM GAS  C:\Users\hungv\AppData\Local\Temp\cc5WQnD3.s 			page 18


 295:Src/stm32f7xx_hal_msp.c ****   /* USER CODE BEGIN USART1_MspInit 1 */
 296:Src/stm32f7xx_hal_msp.c **** 
 297:Src/stm32f7xx_hal_msp.c ****   /* USER CODE END USART1_MspInit 1 */
 298:Src/stm32f7xx_hal_msp.c ****   }
 299:Src/stm32f7xx_hal_msp.c ****   else if(huart->Instance==USART2)
 596              		.loc 1 299 8 is_stmt 1 view .LVU146
 597              		.loc 1 299 10 is_stmt 0 view .LVU147
 598 0018 244A     		ldr	r2, .L39+4
 599 001a 9342     		cmp	r3, r2
 600 001c 23D0     		beq	.L38
 601              	.LVL29:
 602              	.L33:
 300:Src/stm32f7xx_hal_msp.c ****   {
 301:Src/stm32f7xx_hal_msp.c ****   /* USER CODE BEGIN USART2_MspInit 0 */
 302:Src/stm32f7xx_hal_msp.c **** 
 303:Src/stm32f7xx_hal_msp.c ****   /* USER CODE END USART2_MspInit 0 */
 304:Src/stm32f7xx_hal_msp.c ****     /* Peripheral clock enable */
 305:Src/stm32f7xx_hal_msp.c ****     __HAL_RCC_USART2_CLK_ENABLE();
 306:Src/stm32f7xx_hal_msp.c ****   
 307:Src/stm32f7xx_hal_msp.c ****     __HAL_RCC_GPIOA_CLK_ENABLE();
 308:Src/stm32f7xx_hal_msp.c ****     /**USART2 GPIO Configuration    
 309:Src/stm32f7xx_hal_msp.c ****     PA0/WKUP     ------> USART2_CTS
 310:Src/stm32f7xx_hal_msp.c ****     PA1     ------> USART2_RTS
 311:Src/stm32f7xx_hal_msp.c ****     PA2     ------> USART2_TX
 312:Src/stm32f7xx_hal_msp.c ****     PA3     ------> USART2_RX 
 313:Src/stm32f7xx_hal_msp.c ****     */
 314:Src/stm32f7xx_hal_msp.c ****     GPIO_InitStruct.Pin = GPIO_PIN_0|GPIO_PIN_1|GPIO_PIN_2|GPIO_PIN_3;
 315:Src/stm32f7xx_hal_msp.c ****     GPIO_InitStruct.Mode = GPIO_MODE_AF_PP;
 316:Src/stm32f7xx_hal_msp.c ****     GPIO_InitStruct.Pull = GPIO_NOPULL;
 317:Src/stm32f7xx_hal_msp.c ****     GPIO_InitStruct.Speed = GPIO_SPEED_FREQ_VERY_HIGH;
 318:Src/stm32f7xx_hal_msp.c ****     GPIO_InitStruct.Alternate = GPIO_AF7_USART2;
 319:Src/stm32f7xx_hal_msp.c ****     HAL_GPIO_Init(GPIOA, &GPIO_InitStruct);
 320:Src/stm32f7xx_hal_msp.c **** 
 321:Src/stm32f7xx_hal_msp.c ****   /* USER CODE BEGIN USART2_MspInit 1 */
 322:Src/stm32f7xx_hal_msp.c **** 
 323:Src/stm32f7xx_hal_msp.c ****   /* USER CODE END USART2_MspInit 1 */
 324:Src/stm32f7xx_hal_msp.c ****   }
 325:Src/stm32f7xx_hal_msp.c **** 
 326:Src/stm32f7xx_hal_msp.c **** }
 603              		.loc 1 326 1 view .LVU148
 604 001e 0BB0     		add	sp, sp, #44
 605              	.LCFI14:
 606              		.cfi_remember_state
 607              		.cfi_def_cfa_offset 4
 608              		@ sp needed
 609 0020 5DF804FB 		ldr	pc, [sp], #4
 610              	.LVL30:
 611              	.L37:
 612              	.LCFI15:
 613              		.cfi_restore_state
 281:Src/stm32f7xx_hal_msp.c ****   
 614              		.loc 1 281 5 is_stmt 1 view .LVU149
 615              	.LBB11:
 281:Src/stm32f7xx_hal_msp.c ****   
 616              		.loc 1 281 5 view .LVU150
 281:Src/stm32f7xx_hal_msp.c ****   
 617              		.loc 1 281 5 view .LVU151
ARM GAS  C:\Users\hungv\AppData\Local\Temp\cc5WQnD3.s 			page 19


 618 0024 224B     		ldr	r3, .L39+8
 619 0026 5A6C     		ldr	r2, [r3, #68]
 620 0028 42F01002 		orr	r2, r2, #16
 621 002c 5A64     		str	r2, [r3, #68]
 281:Src/stm32f7xx_hal_msp.c ****   
 622              		.loc 1 281 5 view .LVU152
 623 002e 5A6C     		ldr	r2, [r3, #68]
 624 0030 02F01002 		and	r2, r2, #16
 625 0034 0192     		str	r2, [sp, #4]
 281:Src/stm32f7xx_hal_msp.c ****   
 626              		.loc 1 281 5 view .LVU153
 627 0036 019A     		ldr	r2, [sp, #4]
 628              	.LBE11:
 283:Src/stm32f7xx_hal_msp.c ****     /**USART1 GPIO Configuration    
 629              		.loc 1 283 5 view .LVU154
 630              	.LBB12:
 283:Src/stm32f7xx_hal_msp.c ****     /**USART1 GPIO Configuration    
 631              		.loc 1 283 5 view .LVU155
 283:Src/stm32f7xx_hal_msp.c ****     /**USART1 GPIO Configuration    
 632              		.loc 1 283 5 view .LVU156
 633 0038 1A6B     		ldr	r2, [r3, #48]
 634 003a 42F00202 		orr	r2, r2, #2
 635 003e 1A63     		str	r2, [r3, #48]
 283:Src/stm32f7xx_hal_msp.c ****     /**USART1 GPIO Configuration    
 636              		.loc 1 283 5 view .LVU157
 637 0040 1B6B     		ldr	r3, [r3, #48]
 638 0042 03F00203 		and	r3, r3, #2
 639 0046 0293     		str	r3, [sp, #8]
 283:Src/stm32f7xx_hal_msp.c ****     /**USART1 GPIO Configuration    
 640              		.loc 1 283 5 view .LVU158
 641 0048 029B     		ldr	r3, [sp, #8]
 642              	.LBE12:
 288:Src/stm32f7xx_hal_msp.c ****     GPIO_InitStruct.Mode = GPIO_MODE_AF_PP;
 643              		.loc 1 288 5 view .LVU159
 288:Src/stm32f7xx_hal_msp.c ****     GPIO_InitStruct.Mode = GPIO_MODE_AF_PP;
 644              		.loc 1 288 25 is_stmt 0 view .LVU160
 645 004a 4FF44043 		mov	r3, #49152
 646 004e 0593     		str	r3, [sp, #20]
 289:Src/stm32f7xx_hal_msp.c ****     GPIO_InitStruct.Pull = GPIO_NOPULL;
 647              		.loc 1 289 5 is_stmt 1 view .LVU161
 289:Src/stm32f7xx_hal_msp.c ****     GPIO_InitStruct.Pull = GPIO_NOPULL;
 648              		.loc 1 289 26 is_stmt 0 view .LVU162
 649 0050 0223     		movs	r3, #2
 650 0052 0693     		str	r3, [sp, #24]
 290:Src/stm32f7xx_hal_msp.c ****     GPIO_InitStruct.Speed = GPIO_SPEED_FREQ_VERY_HIGH;
 651              		.loc 1 290 5 is_stmt 1 view .LVU163
 291:Src/stm32f7xx_hal_msp.c ****     GPIO_InitStruct.Alternate = GPIO_AF4_USART1;
 652              		.loc 1 291 5 view .LVU164
 291:Src/stm32f7xx_hal_msp.c ****     GPIO_InitStruct.Alternate = GPIO_AF4_USART1;
 653              		.loc 1 291 27 is_stmt 0 view .LVU165
 654 0054 0323     		movs	r3, #3
 655 0056 0893     		str	r3, [sp, #32]
 292:Src/stm32f7xx_hal_msp.c ****     HAL_GPIO_Init(GPIOB, &GPIO_InitStruct);
 656              		.loc 1 292 5 is_stmt 1 view .LVU166
 292:Src/stm32f7xx_hal_msp.c ****     HAL_GPIO_Init(GPIOB, &GPIO_InitStruct);
 657              		.loc 1 292 31 is_stmt 0 view .LVU167
 658 0058 0423     		movs	r3, #4
ARM GAS  C:\Users\hungv\AppData\Local\Temp\cc5WQnD3.s 			page 20


 659 005a 0993     		str	r3, [sp, #36]
 293:Src/stm32f7xx_hal_msp.c **** 
 660              		.loc 1 293 5 is_stmt 1 view .LVU168
 661 005c 05A9     		add	r1, sp, #20
 662 005e 1548     		ldr	r0, .L39+12
 663              	.LVL31:
 293:Src/stm32f7xx_hal_msp.c **** 
 664              		.loc 1 293 5 is_stmt 0 view .LVU169
 665 0060 FFF7FEFF 		bl	HAL_GPIO_Init
 666              	.LVL32:
 667 0064 DBE7     		b	.L33
 668              	.LVL33:
 669              	.L38:
 305:Src/stm32f7xx_hal_msp.c ****   
 670              		.loc 1 305 5 is_stmt 1 view .LVU170
 671              	.LBB13:
 305:Src/stm32f7xx_hal_msp.c ****   
 672              		.loc 1 305 5 view .LVU171
 305:Src/stm32f7xx_hal_msp.c ****   
 673              		.loc 1 305 5 view .LVU172
 674 0066 124B     		ldr	r3, .L39+8
 675 0068 1A6C     		ldr	r2, [r3, #64]
 676 006a 42F40032 		orr	r2, r2, #131072
 677 006e 1A64     		str	r2, [r3, #64]
 305:Src/stm32f7xx_hal_msp.c ****   
 678              		.loc 1 305 5 view .LVU173
 679 0070 1A6C     		ldr	r2, [r3, #64]
 680 0072 02F40032 		and	r2, r2, #131072
 681 0076 0392     		str	r2, [sp, #12]
 305:Src/stm32f7xx_hal_msp.c ****   
 682              		.loc 1 305 5 view .LVU174
 683 0078 039A     		ldr	r2, [sp, #12]
 684              	.LBE13:
 307:Src/stm32f7xx_hal_msp.c ****     /**USART2 GPIO Configuration    
 685              		.loc 1 307 5 view .LVU175
 686              	.LBB14:
 307:Src/stm32f7xx_hal_msp.c ****     /**USART2 GPIO Configuration    
 687              		.loc 1 307 5 view .LVU176
 307:Src/stm32f7xx_hal_msp.c ****     /**USART2 GPIO Configuration    
 688              		.loc 1 307 5 view .LVU177
 689 007a 1A6B     		ldr	r2, [r3, #48]
 690 007c 42F00102 		orr	r2, r2, #1
 691 0080 1A63     		str	r2, [r3, #48]
 307:Src/stm32f7xx_hal_msp.c ****     /**USART2 GPIO Configuration    
 692              		.loc 1 307 5 view .LVU178
 693 0082 1B6B     		ldr	r3, [r3, #48]
 694 0084 03F00103 		and	r3, r3, #1
 695 0088 0493     		str	r3, [sp, #16]
 307:Src/stm32f7xx_hal_msp.c ****     /**USART2 GPIO Configuration    
 696              		.loc 1 307 5 view .LVU179
 697 008a 049B     		ldr	r3, [sp, #16]
 698              	.LBE14:
 314:Src/stm32f7xx_hal_msp.c ****     GPIO_InitStruct.Mode = GPIO_MODE_AF_PP;
 699              		.loc 1 314 5 view .LVU180
 314:Src/stm32f7xx_hal_msp.c ****     GPIO_InitStruct.Mode = GPIO_MODE_AF_PP;
 700              		.loc 1 314 25 is_stmt 0 view .LVU181
 701 008c 0F23     		movs	r3, #15
ARM GAS  C:\Users\hungv\AppData\Local\Temp\cc5WQnD3.s 			page 21


 702 008e 0593     		str	r3, [sp, #20]
 315:Src/stm32f7xx_hal_msp.c ****     GPIO_InitStruct.Pull = GPIO_NOPULL;
 703              		.loc 1 315 5 is_stmt 1 view .LVU182
 315:Src/stm32f7xx_hal_msp.c ****     GPIO_InitStruct.Pull = GPIO_NOPULL;
 704              		.loc 1 315 26 is_stmt 0 view .LVU183
 705 0090 0223     		movs	r3, #2
 706 0092 0693     		str	r3, [sp, #24]
 316:Src/stm32f7xx_hal_msp.c ****     GPIO_InitStruct.Speed = GPIO_SPEED_FREQ_VERY_HIGH;
 707              		.loc 1 316 5 is_stmt 1 view .LVU184
 317:Src/stm32f7xx_hal_msp.c ****     GPIO_InitStruct.Alternate = GPIO_AF7_USART2;
 708              		.loc 1 317 5 view .LVU185
 317:Src/stm32f7xx_hal_msp.c ****     GPIO_InitStruct.Alternate = GPIO_AF7_USART2;
 709              		.loc 1 317 27 is_stmt 0 view .LVU186
 710 0094 0323     		movs	r3, #3
 711 0096 0893     		str	r3, [sp, #32]
 318:Src/stm32f7xx_hal_msp.c ****     HAL_GPIO_Init(GPIOA, &GPIO_InitStruct);
 712              		.loc 1 318 5 is_stmt 1 view .LVU187
 318:Src/stm32f7xx_hal_msp.c ****     HAL_GPIO_Init(GPIOA, &GPIO_InitStruct);
 713              		.loc 1 318 31 is_stmt 0 view .LVU188
 714 0098 0723     		movs	r3, #7
 715 009a 0993     		str	r3, [sp, #36]
 319:Src/stm32f7xx_hal_msp.c **** 
 716              		.loc 1 319 5 is_stmt 1 view .LVU189
 717 009c 05A9     		add	r1, sp, #20
 718 009e 0648     		ldr	r0, .L39+16
 719              	.LVL34:
 319:Src/stm32f7xx_hal_msp.c **** 
 720              		.loc 1 319 5 is_stmt 0 view .LVU190
 721 00a0 FFF7FEFF 		bl	HAL_GPIO_Init
 722              	.LVL35:
 723              		.loc 1 326 1 view .LVU191
 724 00a4 BBE7     		b	.L33
 725              	.L40:
 726 00a6 00BF     		.align	2
 727              	.L39:
 728 00a8 00100140 		.word	1073811456
 729 00ac 00440040 		.word	1073759232
 730 00b0 00380240 		.word	1073887232
 731 00b4 00040240 		.word	1073873920
 732 00b8 00000240 		.word	1073872896
 733              		.cfi_endproc
 734              	.LFE146:
 736              		.section	.text.HAL_UART_MspDeInit,"ax",%progbits
 737              		.align	1
 738              		.global	HAL_UART_MspDeInit
 739              		.syntax unified
 740              		.thumb
 741              		.thumb_func
 742              		.fpu fpv5-d16
 744              	HAL_UART_MspDeInit:
 745              	.LVL36:
 746              	.LFB147:
 327:Src/stm32f7xx_hal_msp.c **** 
 328:Src/stm32f7xx_hal_msp.c **** /**
 329:Src/stm32f7xx_hal_msp.c **** * @brief UART MSP De-Initialization
 330:Src/stm32f7xx_hal_msp.c **** * This function freeze the hardware resources used in this example
 331:Src/stm32f7xx_hal_msp.c **** * @param huart: UART handle pointer
ARM GAS  C:\Users\hungv\AppData\Local\Temp\cc5WQnD3.s 			page 22


 332:Src/stm32f7xx_hal_msp.c **** * @retval None
 333:Src/stm32f7xx_hal_msp.c **** */
 334:Src/stm32f7xx_hal_msp.c **** void HAL_UART_MspDeInit(UART_HandleTypeDef* huart)
 335:Src/stm32f7xx_hal_msp.c **** {
 747              		.loc 1 335 1 is_stmt 1 view -0
 748              		.cfi_startproc
 749              		@ args = 0, pretend = 0, frame = 0
 750              		@ frame_needed = 0, uses_anonymous_args = 0
 751              		.loc 1 335 1 is_stmt 0 view .LVU193
 752 0000 08B5     		push	{r3, lr}
 753              	.LCFI16:
 754              		.cfi_def_cfa_offset 8
 755              		.cfi_offset 3, -8
 756              		.cfi_offset 14, -4
 336:Src/stm32f7xx_hal_msp.c ****   if(huart->Instance==USART1)
 757              		.loc 1 336 3 is_stmt 1 view .LVU194
 758              		.loc 1 336 11 is_stmt 0 view .LVU195
 759 0002 0368     		ldr	r3, [r0]
 760              		.loc 1 336 5 view .LVU196
 761 0004 0E4A     		ldr	r2, .L47
 762 0006 9342     		cmp	r3, r2
 763 0008 03D0     		beq	.L45
 337:Src/stm32f7xx_hal_msp.c ****   {
 338:Src/stm32f7xx_hal_msp.c ****   /* USER CODE BEGIN USART1_MspDeInit 0 */
 339:Src/stm32f7xx_hal_msp.c **** 
 340:Src/stm32f7xx_hal_msp.c ****   /* USER CODE END USART1_MspDeInit 0 */
 341:Src/stm32f7xx_hal_msp.c ****     /* Peripheral clock disable */
 342:Src/stm32f7xx_hal_msp.c ****     __HAL_RCC_USART1_CLK_DISABLE();
 343:Src/stm32f7xx_hal_msp.c ****   
 344:Src/stm32f7xx_hal_msp.c ****     /**USART1 GPIO Configuration    
 345:Src/stm32f7xx_hal_msp.c ****     PB14     ------> USART1_TX
 346:Src/stm32f7xx_hal_msp.c ****     PB15     ------> USART1_RX 
 347:Src/stm32f7xx_hal_msp.c ****     */
 348:Src/stm32f7xx_hal_msp.c ****     HAL_GPIO_DeInit(GPIOB, GPIO_PIN_14|GPIO_PIN_15);
 349:Src/stm32f7xx_hal_msp.c **** 
 350:Src/stm32f7xx_hal_msp.c ****   /* USER CODE BEGIN USART1_MspDeInit 1 */
 351:Src/stm32f7xx_hal_msp.c **** 
 352:Src/stm32f7xx_hal_msp.c ****   /* USER CODE END USART1_MspDeInit 1 */
 353:Src/stm32f7xx_hal_msp.c ****   }
 354:Src/stm32f7xx_hal_msp.c ****   else if(huart->Instance==USART2)
 764              		.loc 1 354 8 is_stmt 1 view .LVU197
 765              		.loc 1 354 10 is_stmt 0 view .LVU198
 766 000a 0E4A     		ldr	r2, .L47+4
 767 000c 9342     		cmp	r3, r2
 768 000e 0CD0     		beq	.L46
 769              	.LVL37:
 770              	.L41:
 355:Src/stm32f7xx_hal_msp.c ****   {
 356:Src/stm32f7xx_hal_msp.c ****   /* USER CODE BEGIN USART2_MspDeInit 0 */
 357:Src/stm32f7xx_hal_msp.c **** 
 358:Src/stm32f7xx_hal_msp.c ****   /* USER CODE END USART2_MspDeInit 0 */
 359:Src/stm32f7xx_hal_msp.c ****     /* Peripheral clock disable */
 360:Src/stm32f7xx_hal_msp.c ****     __HAL_RCC_USART2_CLK_DISABLE();
 361:Src/stm32f7xx_hal_msp.c ****   
 362:Src/stm32f7xx_hal_msp.c ****     /**USART2 GPIO Configuration    
 363:Src/stm32f7xx_hal_msp.c ****     PA0/WKUP     ------> USART2_CTS
 364:Src/stm32f7xx_hal_msp.c ****     PA1     ------> USART2_RTS
ARM GAS  C:\Users\hungv\AppData\Local\Temp\cc5WQnD3.s 			page 23


 365:Src/stm32f7xx_hal_msp.c ****     PA2     ------> USART2_TX
 366:Src/stm32f7xx_hal_msp.c ****     PA3     ------> USART2_RX 
 367:Src/stm32f7xx_hal_msp.c ****     */
 368:Src/stm32f7xx_hal_msp.c ****     HAL_GPIO_DeInit(GPIOA, GPIO_PIN_0|GPIO_PIN_1|GPIO_PIN_2|GPIO_PIN_3);
 369:Src/stm32f7xx_hal_msp.c **** 
 370:Src/stm32f7xx_hal_msp.c ****   /* USER CODE BEGIN USART2_MspDeInit 1 */
 371:Src/stm32f7xx_hal_msp.c **** 
 372:Src/stm32f7xx_hal_msp.c ****   /* USER CODE END USART2_MspDeInit 1 */
 373:Src/stm32f7xx_hal_msp.c ****   }
 374:Src/stm32f7xx_hal_msp.c **** 
 375:Src/stm32f7xx_hal_msp.c **** }
 771              		.loc 1 375 1 view .LVU199
 772 0010 08BD     		pop	{r3, pc}
 773              	.LVL38:
 774              	.L45:
 342:Src/stm32f7xx_hal_msp.c ****   
 775              		.loc 1 342 5 is_stmt 1 view .LVU200
 776 0012 02F59432 		add	r2, r2, #75776
 777 0016 536C     		ldr	r3, [r2, #68]
 778 0018 23F01003 		bic	r3, r3, #16
 779 001c 5364     		str	r3, [r2, #68]
 348:Src/stm32f7xx_hal_msp.c **** 
 780              		.loc 1 348 5 view .LVU201
 781 001e 4FF44041 		mov	r1, #49152
 782 0022 0948     		ldr	r0, .L47+8
 783              	.LVL39:
 348:Src/stm32f7xx_hal_msp.c **** 
 784              		.loc 1 348 5 is_stmt 0 view .LVU202
 785 0024 FFF7FEFF 		bl	HAL_GPIO_DeInit
 786              	.LVL40:
 787 0028 F2E7     		b	.L41
 788              	.LVL41:
 789              	.L46:
 360:Src/stm32f7xx_hal_msp.c ****   
 790              		.loc 1 360 5 is_stmt 1 view .LVU203
 791 002a 02F5FA32 		add	r2, r2, #128000
 792 002e 136C     		ldr	r3, [r2, #64]
 793 0030 23F40033 		bic	r3, r3, #131072
 794 0034 1364     		str	r3, [r2, #64]
 368:Src/stm32f7xx_hal_msp.c **** 
 795              		.loc 1 368 5 view .LVU204
 796 0036 0F21     		movs	r1, #15
 797 0038 0448     		ldr	r0, .L47+12
 798              	.LVL42:
 368:Src/stm32f7xx_hal_msp.c **** 
 799              		.loc 1 368 5 is_stmt 0 view .LVU205
 800 003a FFF7FEFF 		bl	HAL_GPIO_DeInit
 801              	.LVL43:
 802              		.loc 1 375 1 view .LVU206
 803 003e E7E7     		b	.L41
 804              	.L48:
 805              		.align	2
 806              	.L47:
 807 0040 00100140 		.word	1073811456
 808 0044 00440040 		.word	1073759232
 809 0048 00040240 		.word	1073873920
 810 004c 00000240 		.word	1073872896
ARM GAS  C:\Users\hungv\AppData\Local\Temp\cc5WQnD3.s 			page 24


 811              		.cfi_endproc
 812              	.LFE147:
 814              		.text
 815              	.Letext0:
 816              		.file 2 "c:\\users\\hungv\\appdata\\roaming\\xpacks\\@gnu-mcu-eclipse\\arm-none-eabi-gcc\\8.2.1-1.
 817              		.file 3 "c:\\users\\hungv\\appdata\\roaming\\xpacks\\@gnu-mcu-eclipse\\arm-none-eabi-gcc\\8.2.1-1.
 818              		.file 4 "Drivers/CMSIS/Include/core_cm7.h"
 819              		.file 5 "Drivers/CMSIS/Device/ST/STM32F7xx/Include/system_stm32f7xx.h"
 820              		.file 6 "Drivers/CMSIS/Device/ST/STM32F7xx/Include/stm32f767xx.h"
 821              		.file 7 "Drivers/STM32F7xx_HAL_Driver/Inc/stm32f7xx_hal_def.h"
 822              		.file 8 "Drivers/STM32F7xx_HAL_Driver/Inc/stm32f7xx_hal_gpio.h"
 823              		.file 9 "Drivers/STM32F7xx_HAL_Driver/Inc/stm32f7xx_hal_dma.h"
 824              		.file 10 "Drivers/STM32F7xx_HAL_Driver/Inc/stm32f7xx_hal_i2c.h"
 825              		.file 11 "Drivers/STM32F7xx_HAL_Driver/Inc/stm32f7xx_hal_spi.h"
 826              		.file 12 "Drivers/STM32F7xx_HAL_Driver/Inc/stm32f7xx_hal_uart.h"
 827              		.file 13 "Drivers/STM32F7xx_HAL_Driver/Inc/stm32f7xx_hal.h"
ARM GAS  C:\Users\hungv\AppData\Local\Temp\cc5WQnD3.s 			page 25


DEFINED SYMBOLS
                            *ABS*:0000000000000000 stm32f7xx_hal_msp.c
C:\Users\hungv\AppData\Local\Temp\cc5WQnD3.s:17     .text.HAL_MspInit:0000000000000000 $t
C:\Users\hungv\AppData\Local\Temp\cc5WQnD3.s:25     .text.HAL_MspInit:0000000000000000 HAL_MspInit
C:\Users\hungv\AppData\Local\Temp\cc5WQnD3.s:74     .text.HAL_MspInit:000000000000002c $d
C:\Users\hungv\AppData\Local\Temp\cc5WQnD3.s:79     .text.HAL_I2C_MspInit:0000000000000000 $t
C:\Users\hungv\AppData\Local\Temp\cc5WQnD3.s:86     .text.HAL_I2C_MspInit:0000000000000000 HAL_I2C_MspInit
C:\Users\hungv\AppData\Local\Temp\cc5WQnD3.s:255    .text.HAL_I2C_MspInit:00000000000000b0 $d
C:\Users\hungv\AppData\Local\Temp\cc5WQnD3.s:264    .text.HAL_I2C_MspDeInit:0000000000000000 $t
C:\Users\hungv\AppData\Local\Temp\cc5WQnD3.s:271    .text.HAL_I2C_MspDeInit:0000000000000000 HAL_I2C_MspDeInit
C:\Users\hungv\AppData\Local\Temp\cc5WQnD3.s:334    .text.HAL_I2C_MspDeInit:0000000000000044 $d
C:\Users\hungv\AppData\Local\Temp\cc5WQnD3.s:342    .text.HAL_SPI_MspInit:0000000000000000 $t
C:\Users\hungv\AppData\Local\Temp\cc5WQnD3.s:349    .text.HAL_SPI_MspInit:0000000000000000 HAL_SPI_MspInit
C:\Users\hungv\AppData\Local\Temp\cc5WQnD3.s:489    .text.HAL_SPI_MspInit:0000000000000088 $d
C:\Users\hungv\AppData\Local\Temp\cc5WQnD3.s:496    .text.HAL_SPI_MspDeInit:0000000000000000 $t
C:\Users\hungv\AppData\Local\Temp\cc5WQnD3.s:503    .text.HAL_SPI_MspDeInit:0000000000000000 HAL_SPI_MspDeInit
C:\Users\hungv\AppData\Local\Temp\cc5WQnD3.s:551    .text.HAL_SPI_MspDeInit:000000000000002c $d
C:\Users\hungv\AppData\Local\Temp\cc5WQnD3.s:559    .text.HAL_UART_MspInit:0000000000000000 $t
C:\Users\hungv\AppData\Local\Temp\cc5WQnD3.s:566    .text.HAL_UART_MspInit:0000000000000000 HAL_UART_MspInit
C:\Users\hungv\AppData\Local\Temp\cc5WQnD3.s:728    .text.HAL_UART_MspInit:00000000000000a8 $d
C:\Users\hungv\AppData\Local\Temp\cc5WQnD3.s:737    .text.HAL_UART_MspDeInit:0000000000000000 $t
C:\Users\hungv\AppData\Local\Temp\cc5WQnD3.s:744    .text.HAL_UART_MspDeInit:0000000000000000 HAL_UART_MspDeInit
C:\Users\hungv\AppData\Local\Temp\cc5WQnD3.s:807    .text.HAL_UART_MspDeInit:0000000000000040 $d

UNDEFINED SYMBOLS
HAL_GPIO_Init
HAL_GPIO_DeInit
